2025-04-13 08:49:41,638 - {'optimizer': {'name': 'adam', 'lr': 0.001, 'weight_decay': 0}, 'train': {'epoch': 3000, 'batch_size': 4096, 'save_model': False, 'loss': 'pairwise', 'test_step': 3, 'reproducible': True, 'seed': 2023, 'patience': 5}, 'test': {'metrics': ['recall', 'ndcg'], 'k': [5, 10, 20], 'batch_size': 1024}, 'data': {'type': 'general_cf', 'name': 'amazon', 'user_num': 11000, 'item_num': 9332}, 'model': {'name': 'simgclp', 'keep_rate': 1.0, 'embedding_size': 32, 'layer_num': 3, 'reg_weight': 1e-05, 'cl_weight': 0.1, 'temperature': 0.2, 'eps': 0.9, 'amazon': {'layer_num': 3, 'reg_weight': 1e-05, 'cl_weight': 0.1, 'temperature': 0.2, 'eps': 0.9}, 'yelp': {'layer_num': 3, 'reg_weight': 1e-05, 'cl_weight': 0.1, 'temperature': 0.2, 'eps': 0.9}, 'steam': {'layer_num': 3, 'reg_weight': 1e-05, 'cl_weight': 0.1, 'temperature': 0.5, 'eps': 0.2}}}
2025-04-13 08:49:56,284 - Epoch   0 Validation set [recall@5: 0.0289 recall@10: 0.0459 recall@20: 0.0730 ] [ndcg@5: 0.0297 ndcg@10: 0.0355 ndcg@20: 0.0443 ] 
2025-04-13 08:50:03,023 - Epoch   3 Validation set [recall@5: 0.0278 recall@10: 0.0458 recall@20: 0.0742 ] [ndcg@5: 0.0284 ndcg@10: 0.0346 ndcg@20: 0.0439 ] 
2025-04-13 08:50:10,083 - Epoch   6 Validation set [recall@5: 0.0358 recall@10: 0.0563 recall@20: 0.0898 ] [ndcg@5: 0.0364 ndcg@10: 0.0433 ndcg@20: 0.0542 ] 
2025-04-13 08:50:17,136 - Epoch   9 Validation set [recall@5: 0.0387 recall@10: 0.0620 recall@20: 0.0993 ] [ndcg@5: 0.0394 ndcg@10: 0.0473 ndcg@20: 0.0595 ] 
2025-04-13 08:50:23,952 - Epoch  12 Validation set [recall@5: 0.0417 recall@10: 0.0670 recall@20: 0.1050 ] [ndcg@5: 0.0418 ndcg@10: 0.0506 ndcg@20: 0.0630 ] 
2025-04-13 08:50:31,157 - Epoch  15 Validation set [recall@5: 0.0432 recall@10: 0.0707 recall@20: 0.1116 ] [ndcg@5: 0.0440 ndcg@10: 0.0535 ndcg@20: 0.0667 ] 
2025-04-13 08:50:38,102 - Epoch  18 Validation set [recall@5: 0.0450 recall@10: 0.0732 recall@20: 0.1149 ] [ndcg@5: 0.0456 ndcg@10: 0.0552 ndcg@20: 0.0688 ] 
2025-04-13 08:50:45,454 - Epoch  21 Validation set [recall@5: 0.0461 recall@10: 0.0753 recall@20: 0.1175 ] [ndcg@5: 0.0465 ndcg@10: 0.0564 ndcg@20: 0.0703 ] 
2025-04-13 08:50:52,899 - Epoch  24 Validation set [recall@5: 0.0470 recall@10: 0.0764 recall@20: 0.1199 ] [ndcg@5: 0.0476 ndcg@10: 0.0576 ndcg@20: 0.0718 ] 
2025-04-13 08:50:59,860 - Epoch  27 Validation set [recall@5: 0.0474 recall@10: 0.0780 recall@20: 0.1212 ] [ndcg@5: 0.0481 ndcg@10: 0.0587 ndcg@20: 0.0727 ] 
2025-04-13 08:51:06,941 - Epoch  30 Validation set [recall@5: 0.0470 recall@10: 0.0783 recall@20: 0.1226 ] [ndcg@5: 0.0483 ndcg@10: 0.0592 ndcg@20: 0.0735 ] 
2025-04-13 08:51:13,647 - Epoch  33 Validation set [recall@5: 0.0480 recall@10: 0.0789 recall@20: 0.1222 ] [ndcg@5: 0.0490 ndcg@10: 0.0598 ndcg@20: 0.0737 ] 
2025-04-13 08:51:20,827 - Epoch  36 Validation set [recall@5: 0.0488 recall@10: 0.0795 recall@20: 0.1229 ] [ndcg@5: 0.0497 ndcg@10: 0.0603 ndcg@20: 0.0744 ] 
2025-04-13 08:51:27,614 - Epoch  39 Validation set [recall@5: 0.0497 recall@10: 0.0792 recall@20: 0.1223 ] [ndcg@5: 0.0504 ndcg@10: 0.0605 ndcg@20: 0.0745 ] 
2025-04-13 08:51:34,527 - Epoch  42 Validation set [recall@5: 0.0496 recall@10: 0.0795 recall@20: 0.1242 ] [ndcg@5: 0.0504 ndcg@10: 0.0605 ndcg@20: 0.0751 ] 
2025-04-13 08:51:41,659 - Epoch  45 Validation set [recall@5: 0.0501 recall@10: 0.0800 recall@20: 0.1241 ] [ndcg@5: 0.0504 ndcg@10: 0.0607 ndcg@20: 0.0750 ] 
2025-04-13 08:51:48,461 - Epoch  48 Validation set [recall@5: 0.0500 recall@10: 0.0798 recall@20: 0.1246 ] [ndcg@5: 0.0506 ndcg@10: 0.0607 ndcg@20: 0.0752 ] 
2025-04-13 08:51:55,365 - Epoch  51 Validation set [recall@5: 0.0507 recall@10: 0.0793 recall@20: 0.1242 ] [ndcg@5: 0.0511 ndcg@10: 0.0607 ndcg@20: 0.0754 ] 
2025-04-13 08:52:02,105 - Epoch  54 Validation set [recall@5: 0.0501 recall@10: 0.0800 recall@20: 0.1247 ] [ndcg@5: 0.0504 ndcg@10: 0.0606 ndcg@20: 0.0752 ] 
2025-04-13 08:52:09,046 - Epoch  57 Validation set [recall@5: 0.0504 recall@10: 0.0800 recall@20: 0.1257 ] [ndcg@5: 0.0509 ndcg@10: 0.0610 ndcg@20: 0.0758 ] 
2025-04-13 08:52:16,028 - Epoch  60 Validation set [recall@5: 0.0506 recall@10: 0.0811 recall@20: 0.1266 ] [ndcg@5: 0.0511 ndcg@10: 0.0615 ndcg@20: 0.0762 ] 
2025-04-13 08:52:22,994 - Epoch  63 Validation set [recall@5: 0.0504 recall@10: 0.0805 recall@20: 0.1262 ] [ndcg@5: 0.0508 ndcg@10: 0.0613 ndcg@20: 0.0761 ] 
2025-04-13 08:52:29,992 - Epoch  66 Validation set [recall@5: 0.0509 recall@10: 0.0814 recall@20: 0.1267 ] [ndcg@5: 0.0510 ndcg@10: 0.0616 ndcg@20: 0.0763 ] 
2025-04-13 08:52:36,966 - Epoch  69 Validation set [recall@5: 0.0503 recall@10: 0.0806 recall@20: 0.1265 ] [ndcg@5: 0.0508 ndcg@10: 0.0614 ndcg@20: 0.0762 ] 
2025-04-13 08:52:43,776 - Epoch  72 Validation set [recall@5: 0.0513 recall@10: 0.0806 recall@20: 0.1272 ] [ndcg@5: 0.0513 ndcg@10: 0.0614 ndcg@20: 0.0765 ] 
2025-04-13 08:52:50,797 - Epoch  75 Validation set [recall@5: 0.0515 recall@10: 0.0808 recall@20: 0.1265 ] [ndcg@5: 0.0516 ndcg@10: 0.0617 ndcg@20: 0.0766 ] 
2025-04-13 08:52:57,857 - Epoch  78 Validation set [recall@5: 0.0520 recall@10: 0.0809 recall@20: 0.1263 ] [ndcg@5: 0.0520 ndcg@10: 0.0619 ndcg@20: 0.0766 ] 
2025-04-13 08:53:04,878 - Epoch  81 Validation set [recall@5: 0.0512 recall@10: 0.0805 recall@20: 0.1263 ] [ndcg@5: 0.0517 ndcg@10: 0.0618 ndcg@20: 0.0766 ] 
2025-04-13 08:53:11,727 - Epoch  84 Validation set [recall@5: 0.0515 recall@10: 0.0804 recall@20: 0.1268 ] [ndcg@5: 0.0518 ndcg@10: 0.0616 ndcg@20: 0.0767 ] 
2025-04-13 08:53:18,608 - Epoch  87 Validation set [recall@5: 0.0514 recall@10: 0.0805 recall@20: 0.1259 ] [ndcg@5: 0.0519 ndcg@10: 0.0618 ndcg@20: 0.0765 ] 
2025-04-13 08:53:20,209 - [recall@5: 0.0513 recall@10: 0.0806 recall@20: 0.1272 ] [ndcg@5: 0.0513 ndcg@10: 0.0614 ndcg@20: 0.0765 ] 
2025-04-13 08:53:21,888 - [recall@5: 0.0503 recall@10: 0.0793 recall@20: 0.1239 ] [ndcg@5: 0.0503 ndcg@10: 0.0601 ndcg@20: 0.0747 ] 
2025-04-13 08:53:21,888 - Best Epoch 72. Final test result: {'recall': array([0.05031096, 0.07931724, 0.12388199]), 'ndcg': array([0.05030647, 0.06014361, 0.0747357 ])}.
