2025-04-17 08:22:42,203 - {'optimizer': {'name': 'adam', 'lr': 0.001, 'weight_decay': 0}, 'train': {'epoch': 3000, 'batch_size': 4096, 'save_model': False, 'loss': 'pairwise', 'test_step': 3, 'reproducible': True, 'seed': 2023, 'patience': 5}, 'test': {'metrics': ['recall', 'ndcg'], 'k': [5, 10, 20], 'batch_size': 1024}, 'data': {'type': 'general_cf', 'name': 'yelp', 'user_num': 11091, 'item_num': 11010}, 'model': {'name': 'dccf_lk', 'embedding_size': 64, 'intent_num': 128, 'layer_num': 2, 'reg_weight': 0.0001, 'cl_weight': 0.001, 'temperature': 0.15, 'amazon': {'layer_num': 2, 'reg_weight': 0.0001, 'cl_weight': 0.001, 'temperature': 0.15, 'proto_reg': '8e-8', 'num_clusters': 300, 'm_step': 1, 'warm_up_step': 20, 'ssl_temp': 0.1, 'ssl_reg': '1e-7', 'embedding_size': 64}, 'yelp': {'layer_num': 2, 'reg_weight': 0.0001, 'cl_weight': 0.001, 'temperature': 0.1, 'proto_reg': '8e-8', 'num_clusters': 300, 'm_step': 1, 'warm_up_step': 20, 'ssl_temp': 0.1, 'ssl_reg': '1e-7', 'embedding_size': 64}, 'steam': {'layer_num': 3, 'reg_weight': 0.001, 'cl_weight': 0.001, 'temperature': 0.15, 'proto_reg': '8e-8', 'num_clusters': 300, 'm_step': 1, 'warm_up_step': 20, 'ssl_temp': 0.1, 'ssl_reg': '1e-7', 'embedding_size': 64}}}
2025-04-17 08:23:09,481 - Epoch   0 Validation set [recall@5: 0.0328 recall@10: 0.0559 recall@20: 0.0893 ] [ndcg@5: 0.0390 ndcg@10: 0.0461 ndcg@20: 0.0572 ] 
2025-04-17 08:23:49,763 - Epoch   3 Validation set [recall@5: 0.0383 recall@10: 0.0651 recall@20: 0.1082 ] [ndcg@5: 0.0457 ndcg@10: 0.0538 ndcg@20: 0.0684 ] 
2025-04-17 08:24:07,409 - Epoch   6 Validation set [recall@5: 0.0423 recall@10: 0.0719 recall@20: 0.1186 ] [ndcg@5: 0.0508 ndcg@10: 0.0597 ndcg@20: 0.0755 ] 
2025-04-17 08:24:31,146 - Epoch   9 Validation set [recall@5: 0.0445 recall@10: 0.0746 recall@20: 0.1222 ] [ndcg@5: 0.0521 ndcg@10: 0.0616 ndcg@20: 0.0777 ] 
2025-04-17 08:24:53,949 - Epoch  12 Validation set [recall@5: 0.0465 recall@10: 0.0769 recall@20: 0.1261 ] [ndcg@5: 0.0543 ndcg@10: 0.0637 ndcg@20: 0.0802 ] 
2025-04-17 08:25:12,672 - Epoch  15 Validation set [recall@5: 0.0458 recall@10: 0.0767 recall@20: 0.1272 ] [ndcg@5: 0.0542 ndcg@10: 0.0638 ndcg@20: 0.0809 ] 
2025-04-17 08:25:34,982 - Epoch  18 Validation set [recall@5: 0.0471 recall@10: 0.0777 recall@20: 0.1255 ] [ndcg@5: 0.0551 ndcg@10: 0.0645 ndcg@20: 0.0806 ] 
2025-04-17 08:25:58,785 - Epoch  21 Validation set [recall@5: 0.0465 recall@10: 0.0769 recall@20: 0.1266 ] [ndcg@5: 0.0550 ndcg@10: 0.0639 ndcg@20: 0.0807 ] 
2025-04-17 08:26:16,600 - Epoch  24 Validation set [recall@5: 0.0466 recall@10: 0.0792 recall@20: 0.1269 ] [ndcg@5: 0.0553 ndcg@10: 0.0653 ndcg@20: 0.0812 ] 
2025-04-17 08:26:40,895 - Epoch  27 Validation set [recall@5: 0.0453 recall@10: 0.0770 recall@20: 0.1264 ] [ndcg@5: 0.0542 ndcg@10: 0.0638 ndcg@20: 0.0802 ] 
2025-04-17 08:27:03,887 - Epoch  30 Validation set [recall@5: 0.0460 recall@10: 0.0776 recall@20: 0.1277 ] [ndcg@5: 0.0548 ndcg@10: 0.0644 ndcg@20: 0.0811 ] 
2025-04-17 08:27:23,801 - Epoch  33 Validation set [recall@5: 0.0458 recall@10: 0.0780 recall@20: 0.1283 ] [ndcg@5: 0.0548 ndcg@10: 0.0648 ndcg@20: 0.0816 ] 
2025-04-17 08:27:46,169 - Epoch  36 Validation set [recall@5: 0.0469 recall@10: 0.0780 recall@20: 0.1290 ] [ndcg@5: 0.0550 ndcg@10: 0.0648 ndcg@20: 0.0820 ] 
2025-04-17 08:28:10,397 - Epoch  39 Validation set [recall@5: 0.0462 recall@10: 0.0787 recall@20: 0.1288 ] [ndcg@5: 0.0554 ndcg@10: 0.0653 ndcg@20: 0.0820 ] 
2025-04-17 08:28:33,958 - Epoch  42 Validation set [recall@5: 0.0460 recall@10: 0.0790 recall@20: 0.1259 ] [ndcg@5: 0.0553 ndcg@10: 0.0653 ndcg@20: 0.0811 ] 
2025-04-17 08:28:56,691 - Epoch  45 Validation set [recall@5: 0.0453 recall@10: 0.0771 recall@20: 0.1278 ] [ndcg@5: 0.0546 ndcg@10: 0.0639 ndcg@20: 0.0810 ] 
2025-04-17 08:29:17,365 - Epoch  48 Validation set [recall@5: 0.0463 recall@10: 0.0767 recall@20: 0.1247 ] [ndcg@5: 0.0551 ndcg@10: 0.0642 ndcg@20: 0.0804 ] 
2025-04-17 08:29:40,046 - Epoch  51 Validation set [recall@5: 0.0462 recall@10: 0.0779 recall@20: 0.1263 ] [ndcg@5: 0.0553 ndcg@10: 0.0650 ndcg@20: 0.0812 ] 
2025-04-17 08:29:42,627 - [recall@5: 0.0469 recall@10: 0.0780 recall@20: 0.1290 ] [ndcg@5: 0.0550 ndcg@10: 0.0648 ndcg@20: 0.0820 ] 
2025-04-17 08:29:45,589 - [recall@5: 0.0476 recall@10: 0.0807 recall@20: 0.1288 ] [ndcg@5: 0.0558 ndcg@10: 0.0662 ndcg@20: 0.0825 ] 
2025-04-17 08:29:45,590 - Best Epoch 36. Final test result: {'recall': array([0.04763082, 0.08069718, 0.12882967]), 'ndcg': array([0.05579693, 0.0661899 , 0.08245185])}.
