2025-05-05 09:09:16,601 - {'optimizer': {'name': 'adam', 'lr': 0.001, 'weight_decay': 0}, 'train': {'epoch': 3000, 'batch_size': 4096, 'save_model': False, 'loss': 'pairwise', 'test_step': 3, 'reproducible': True, 'seed': 2023, 'patience': 5}, 'test': {'metrics': ['recall', 'ndcg'], 'k': [5, 10, 20], 'batch_size': 1024}, 'data': {'type': 'general_cf', 'name': 'steam', 'user_num': 23310, 'item_num': 5237}, 'model': {'name': 'simgcl', 'keep_rate': 1.0, 'embedding_size': 32, 'layer_num': 3, 'reg_weight': 1e-05, 'cl_weight': 0.1, 'temperature': 0.2, 'eps': 0.9, 'amazon': {'layer_num': 3, 'reg_weight': 1e-05, 'cl_weight': 0.1, 'temperature': 0.2, 'eps': 0.9}, 'yelp': {'layer_num': 3, 'reg_weight': 1e-05, 'cl_weight': 0.1, 'temperature': 0.2, 'eps': 0.9}, 'steam': {'layer_num': 3, 'reg_weight': 1e-05, 'cl_weight': 0.1, 'temperature': 0.5, 'eps': 0.2}}}
2025-05-05 09:09:26,674 - Epoch   0 Validation set [recall@5: 0.0399 recall@10: 0.0640 recall@20: 0.1032 ] [ndcg@5: 0.0461 ndcg@10: 0.0532 ndcg@20: 0.0662 ] 
2025-05-05 09:09:46,969 - Epoch   3 Validation set [recall@5: 0.0471 recall@10: 0.0784 recall@20: 0.1235 ] [ndcg@5: 0.0535 ndcg@10: 0.0636 ndcg@20: 0.0787 ] 
2025-05-05 09:10:07,507 - Epoch   6 Validation set [recall@5: 0.0513 recall@10: 0.0842 recall@20: 0.1329 ] [ndcg@5: 0.0573 ndcg@10: 0.0678 ndcg@20: 0.0840 ] 
2025-05-05 09:10:27,179 - Epoch   9 Validation set [recall@5: 0.0525 recall@10: 0.0865 recall@20: 0.1362 ] [ndcg@5: 0.0587 ndcg@10: 0.0697 ndcg@20: 0.0864 ] 
2025-05-05 09:10:46,739 - Epoch  12 Validation set [recall@5: 0.0534 recall@10: 0.0875 recall@20: 0.1374 ] [ndcg@5: 0.0596 ndcg@10: 0.0706 ndcg@20: 0.0874 ] 
2025-05-05 09:11:06,750 - Epoch  15 Validation set [recall@5: 0.0540 recall@10: 0.0883 recall@20: 0.1394 ] [ndcg@5: 0.0601 ndcg@10: 0.0712 ndcg@20: 0.0884 ] 
2025-05-05 09:11:26,660 - Epoch  18 Validation set [recall@5: 0.0548 recall@10: 0.0888 recall@20: 0.1399 ] [ndcg@5: 0.0609 ndcg@10: 0.0718 ndcg@20: 0.0890 ] 
2025-05-05 09:11:46,537 - Epoch  21 Validation set [recall@5: 0.0546 recall@10: 0.0897 recall@20: 0.1407 ] [ndcg@5: 0.0605 ndcg@10: 0.0721 ndcg@20: 0.0892 ] 
2025-05-05 09:12:06,541 - Epoch  24 Validation set [recall@5: 0.0552 recall@10: 0.0892 recall@20: 0.1421 ] [ndcg@5: 0.0609 ndcg@10: 0.0720 ndcg@20: 0.0900 ] 
2025-05-05 09:12:26,677 - Epoch  27 Validation set [recall@5: 0.0555 recall@10: 0.0894 recall@20: 0.1424 ] [ndcg@5: 0.0616 ndcg@10: 0.0726 ndcg@20: 0.0905 ] 
2025-05-05 09:12:46,389 - Epoch  30 Validation set [recall@5: 0.0555 recall@10: 0.0902 recall@20: 0.1426 ] [ndcg@5: 0.0615 ndcg@10: 0.0728 ndcg@20: 0.0906 ] 
2025-05-05 09:13:06,325 - Epoch  33 Validation set [recall@5: 0.0551 recall@10: 0.0906 recall@20: 0.1422 ] [ndcg@5: 0.0613 ndcg@10: 0.0730 ndcg@20: 0.0905 ] 
2025-05-05 09:13:25,944 - Epoch  36 Validation set [recall@5: 0.0554 recall@10: 0.0903 recall@20: 0.1432 ] [ndcg@5: 0.0615 ndcg@10: 0.0730 ndcg@20: 0.0909 ] 
2025-05-05 09:13:46,075 - Epoch  39 Validation set [recall@5: 0.0553 recall@10: 0.0914 recall@20: 0.1440 ] [ndcg@5: 0.0613 ndcg@10: 0.0734 ndcg@20: 0.0911 ] 
2025-05-05 09:14:05,989 - Epoch  42 Validation set [recall@5: 0.0555 recall@10: 0.0914 recall@20: 0.1441 ] [ndcg@5: 0.0616 ndcg@10: 0.0735 ndcg@20: 0.0912 ] 
2025-05-05 09:14:25,923 - Epoch  45 Validation set [recall@5: 0.0564 recall@10: 0.0914 recall@20: 0.1442 ] [ndcg@5: 0.0623 ndcg@10: 0.0737 ndcg@20: 0.0915 ] 
2025-05-05 09:14:46,007 - Epoch  48 Validation set [recall@5: 0.0562 recall@10: 0.0920 recall@20: 0.1443 ] [ndcg@5: 0.0623 ndcg@10: 0.0740 ndcg@20: 0.0917 ] 
2025-05-05 09:15:05,879 - Epoch  51 Validation set [recall@5: 0.0561 recall@10: 0.0915 recall@20: 0.1443 ] [ndcg@5: 0.0623 ndcg@10: 0.0739 ndcg@20: 0.0918 ] 
2025-05-05 09:15:26,274 - Epoch  54 Validation set [recall@5: 0.0565 recall@10: 0.0920 recall@20: 0.1448 ] [ndcg@5: 0.0626 ndcg@10: 0.0741 ndcg@20: 0.0921 ] 
2025-05-05 09:15:47,068 - Epoch  57 Validation set [recall@5: 0.0566 recall@10: 0.0923 recall@20: 0.1450 ] [ndcg@5: 0.0626 ndcg@10: 0.0743 ndcg@20: 0.0921 ] 
2025-05-05 09:16:06,925 - Epoch  60 Validation set [recall@5: 0.0564 recall@10: 0.0927 recall@20: 0.1450 ] [ndcg@5: 0.0625 ndcg@10: 0.0744 ndcg@20: 0.0921 ] 
2025-05-05 09:16:26,996 - Epoch  63 Validation set [recall@5: 0.0563 recall@10: 0.0921 recall@20: 0.1445 ] [ndcg@5: 0.0623 ndcg@10: 0.0740 ndcg@20: 0.0918 ] 
2025-05-05 09:16:47,154 - Epoch  66 Validation set [recall@5: 0.0567 recall@10: 0.0928 recall@20: 0.1449 ] [ndcg@5: 0.0627 ndcg@10: 0.0746 ndcg@20: 0.0922 ] 
2025-05-05 09:17:07,230 - Epoch  69 Validation set [recall@5: 0.0565 recall@10: 0.0926 recall@20: 0.1451 ] [ndcg@5: 0.0623 ndcg@10: 0.0744 ndcg@20: 0.0921 ] 
2025-05-05 09:17:27,233 - Epoch  72 Validation set [recall@5: 0.0568 recall@10: 0.0925 recall@20: 0.1452 ] [ndcg@5: 0.0627 ndcg@10: 0.0744 ndcg@20: 0.0923 ] 
2025-05-05 09:53:14,402 - Epoch  75 Validation set [recall@5: 0.0567 recall@10: 0.0929 recall@20: 0.1455 ] [ndcg@5: 0.0628 ndcg@10: 0.0747 ndcg@20: 0.0924 ] 
2025-05-05 09:53:34,870 - Epoch  78 Validation set [recall@5: 0.0569 recall@10: 0.0925 recall@20: 0.1461 ] [ndcg@5: 0.0628 ndcg@10: 0.0745 ndcg@20: 0.0925 ] 
2025-05-05 09:53:55,141 - Epoch  81 Validation set [recall@5: 0.0567 recall@10: 0.0927 recall@20: 0.1458 ] [ndcg@5: 0.0625 ndcg@10: 0.0744 ndcg@20: 0.0923 ] 
2025-05-05 09:54:15,294 - Epoch  84 Validation set [recall@5: 0.0570 recall@10: 0.0928 recall@20: 0.1464 ] [ndcg@5: 0.0629 ndcg@10: 0.0746 ndcg@20: 0.0926 ] 
2025-05-05 09:54:35,233 - Epoch  87 Validation set [recall@5: 0.0574 recall@10: 0.0929 recall@20: 0.1464 ] [ndcg@5: 0.0632 ndcg@10: 0.0747 ndcg@20: 0.0928 ] 
2025-05-05 09:54:54,950 - Epoch  90 Validation set [recall@5: 0.0576 recall@10: 0.0931 recall@20: 0.1460 ] [ndcg@5: 0.0633 ndcg@10: 0.0749 ndcg@20: 0.0927 ] 
2025-05-05 09:55:14,430 - Epoch  93 Validation set [recall@5: 0.0574 recall@10: 0.0930 recall@20: 0.1453 ] [ndcg@5: 0.0632 ndcg@10: 0.0748 ndcg@20: 0.0926 ] 
2025-05-05 09:55:34,320 - Epoch  96 Validation set [recall@5: 0.0576 recall@10: 0.0937 recall@20: 0.1460 ] [ndcg@5: 0.0632 ndcg@10: 0.0752 ndcg@20: 0.0928 ] 
2025-05-05 09:55:53,839 - Epoch  99 Validation set [recall@5: 0.0574 recall@10: 0.0932 recall@20: 0.1470 ] [ndcg@5: 0.0631 ndcg@10: 0.0749 ndcg@20: 0.0931 ] 
2025-05-05 09:56:13,536 - Epoch 102 Validation set [recall@5: 0.0572 recall@10: 0.0931 recall@20: 0.1470 ] [ndcg@5: 0.0631 ndcg@10: 0.0749 ndcg@20: 0.0932 ] 
2025-05-05 09:56:33,760 - Epoch 105 Validation set [recall@5: 0.0574 recall@10: 0.0933 recall@20: 0.1463 ] [ndcg@5: 0.0631 ndcg@10: 0.0748 ndcg@20: 0.0927 ] 
2025-05-05 09:56:53,576 - Epoch 108 Validation set [recall@5: 0.0571 recall@10: 0.0939 recall@20: 0.1466 ] [ndcg@5: 0.0627 ndcg@10: 0.0750 ndcg@20: 0.0929 ] 
2025-05-05 09:57:13,347 - Epoch 111 Validation set [recall@5: 0.0574 recall@10: 0.0934 recall@20: 0.1473 ] [ndcg@5: 0.0632 ndcg@10: 0.0752 ndcg@20: 0.0934 ] 
2025-05-05 09:57:33,231 - Epoch 114 Validation set [recall@5: 0.0573 recall@10: 0.0932 recall@20: 0.1470 ] [ndcg@5: 0.0631 ndcg@10: 0.0750 ndcg@20: 0.0932 ] 
2025-05-05 09:57:53,193 - Epoch 117 Validation set [recall@5: 0.0573 recall@10: 0.0934 recall@20: 0.1465 ] [ndcg@5: 0.0633 ndcg@10: 0.0752 ndcg@20: 0.0931 ] 
2025-05-05 09:58:13,239 - Epoch 120 Validation set [recall@5: 0.0573 recall@10: 0.0932 recall@20: 0.1459 ] [ndcg@5: 0.0634 ndcg@10: 0.0752 ndcg@20: 0.0929 ] 
2025-05-05 09:58:33,809 - Epoch 123 Validation set [recall@5: 0.0576 recall@10: 0.0939 recall@20: 0.1468 ] [ndcg@5: 0.0636 ndcg@10: 0.0755 ndcg@20: 0.0933 ] 
2025-05-05 09:58:53,802 - Epoch 126 Validation set [recall@5: 0.0577 recall@10: 0.0939 recall@20: 0.1472 ] [ndcg@5: 0.0634 ndcg@10: 0.0753 ndcg@20: 0.0932 ] 
2025-05-05 09:58:57,029 - [recall@5: 0.0574 recall@10: 0.0934 recall@20: 0.1473 ] [ndcg@5: 0.0632 ndcg@10: 0.0752 ndcg@20: 0.0934 ] 
2025-05-05 09:59:00,448 - [recall@5: 0.0567 recall@10: 0.0929 recall@20: 0.1450 ] [ndcg@5: 0.0620 ndcg@10: 0.0742 ndcg@20: 0.0920 ] 
2025-05-05 09:59:00,449 - Best Epoch 111. Final test result: {'recall': array([0.05666434, 0.09290329, 0.14501783]), 'ndcg': array([0.06203875, 0.07418154, 0.0919832 ])}.
