2025-05-05 10:12:59,333 - {'optimizer': {'name': 'adam', 'lr': 0.001, 'weight_decay': 0}, 'train': {'epoch': 3000, 'batch_size': 4096, 'save_model': False, 'loss': 'pairwise', 'test_step': 3, 'reproducible': True, 'seed': 2023, 'patience': 5}, 'test': {'metrics': ['recall', 'ndcg'], 'k': [5, 10, 20], 'batch_size': 1024}, 'data': {'type': 'general_cf', 'name': 'yelp', 'user_num': 11091, 'item_num': 11010}, 'model': {'name': 'simgcl', 'keep_rate': 1.0, 'embedding_size': 32, 'layer_num': 3, 'reg_weight': 1e-05, 'cl_weight': 0.1, 'temperature': 0.2, 'eps': 0.9, 'amazon': {'layer_num': 3, 'reg_weight': 1e-05, 'cl_weight': 0.1, 'temperature': 0.2, 'eps': 0.9}, 'yelp': {'layer_num': 3, 'reg_weight': 1e-05, 'cl_weight': 0.1, 'temperature': 0.2, 'eps': 0.9}, 'steam': {'layer_num': 3, 'reg_weight': 1e-05, 'cl_weight': 0.1, 'temperature': 0.5, 'eps': 0.2}}}
2025-05-05 10:13:05,579 - Epoch   0 Validation set [recall@5: 0.0324 recall@10: 0.0546 recall@20: 0.0911 ] [ndcg@5: 0.0397 ndcg@10: 0.0464 ndcg@20: 0.0586 ] 
2025-05-05 10:13:15,983 - Epoch   3 Validation set [recall@5: 0.0349 recall@10: 0.0590 recall@20: 0.0951 ] [ndcg@5: 0.0417 ndcg@10: 0.0489 ndcg@20: 0.0611 ] 
2025-05-05 10:13:25,982 - Epoch   6 Validation set [recall@5: 0.0373 recall@10: 0.0625 recall@20: 0.1036 ] [ndcg@5: 0.0444 ndcg@10: 0.0522 ndcg@20: 0.0661 ] 
2025-05-05 10:13:35,776 - Epoch   9 Validation set [recall@5: 0.0387 recall@10: 0.0657 recall@20: 0.1095 ] [ndcg@5: 0.0463 ndcg@10: 0.0549 ndcg@20: 0.0697 ] 
2025-05-05 10:13:45,914 - Epoch  12 Validation set [recall@5: 0.0403 recall@10: 0.0678 recall@20: 0.1135 ] [ndcg@5: 0.0479 ndcg@10: 0.0565 ndcg@20: 0.0720 ] 
2025-05-05 10:13:55,702 - Epoch  15 Validation set [recall@5: 0.0418 recall@10: 0.0695 recall@20: 0.1156 ] [ndcg@5: 0.0493 ndcg@10: 0.0579 ndcg@20: 0.0736 ] 
2025-05-05 10:14:05,871 - Epoch  18 Validation set [recall@5: 0.0421 recall@10: 0.0703 recall@20: 0.1178 ] [ndcg@5: 0.0501 ndcg@10: 0.0589 ndcg@20: 0.0750 ] 
2025-05-05 10:14:15,613 - Epoch  21 Validation set [recall@5: 0.0425 recall@10: 0.0716 recall@20: 0.1188 ] [ndcg@5: 0.0506 ndcg@10: 0.0597 ndcg@20: 0.0756 ] 
2025-05-05 10:14:26,002 - Epoch  24 Validation set [recall@5: 0.0428 recall@10: 0.0728 recall@20: 0.1207 ] [ndcg@5: 0.0511 ndcg@10: 0.0605 ndcg@20: 0.0767 ] 
2025-05-05 10:14:36,384 - Epoch  27 Validation set [recall@5: 0.0433 recall@10: 0.0740 recall@20: 0.1220 ] [ndcg@5: 0.0517 ndcg@10: 0.0613 ndcg@20: 0.0774 ] 
2025-05-05 10:14:46,158 - Epoch  30 Validation set [recall@5: 0.0441 recall@10: 0.0737 recall@20: 0.1242 ] [ndcg@5: 0.0520 ndcg@10: 0.0613 ndcg@20: 0.0782 ] 
2025-05-05 10:14:56,454 - Epoch  33 Validation set [recall@5: 0.0438 recall@10: 0.0740 recall@20: 0.1239 ] [ndcg@5: 0.0519 ndcg@10: 0.0617 ndcg@20: 0.0783 ] 
2025-05-05 10:15:06,422 - Epoch  36 Validation set [recall@5: 0.0447 recall@10: 0.0747 recall@20: 0.1252 ] [ndcg@5: 0.0524 ndcg@10: 0.0620 ndcg@20: 0.0789 ] 
2025-05-05 10:15:15,928 - Epoch  39 Validation set [recall@5: 0.0438 recall@10: 0.0751 recall@20: 0.1251 ] [ndcg@5: 0.0524 ndcg@10: 0.0624 ndcg@20: 0.0791 ] 
2025-05-05 10:15:25,846 - Epoch  42 Validation set [recall@5: 0.0443 recall@10: 0.0758 recall@20: 0.1254 ] [ndcg@5: 0.0528 ndcg@10: 0.0627 ndcg@20: 0.0794 ] 
2025-05-05 10:15:35,765 - Epoch  45 Validation set [recall@5: 0.0446 recall@10: 0.0755 recall@20: 0.1259 ] [ndcg@5: 0.0531 ndcg@10: 0.0627 ndcg@20: 0.0798 ] 
2025-05-05 10:15:45,944 - Epoch  48 Validation set [recall@5: 0.0455 recall@10: 0.0758 recall@20: 0.1255 ] [ndcg@5: 0.0535 ndcg@10: 0.0629 ndcg@20: 0.0797 ] 
2025-05-05 10:15:55,882 - Epoch  51 Validation set [recall@5: 0.0448 recall@10: 0.0757 recall@20: 0.1254 ] [ndcg@5: 0.0534 ndcg@10: 0.0632 ndcg@20: 0.0799 ] 
2025-05-05 10:16:06,202 - Epoch  54 Validation set [recall@5: 0.0447 recall@10: 0.0769 recall@20: 0.1264 ] [ndcg@5: 0.0532 ndcg@10: 0.0635 ndcg@20: 0.0802 ] 
2025-05-05 10:16:15,812 - Epoch  57 Validation set [recall@5: 0.0449 recall@10: 0.0769 recall@20: 0.1262 ] [ndcg@5: 0.0535 ndcg@10: 0.0636 ndcg@20: 0.0802 ] 
2025-05-05 10:16:25,671 - Epoch  60 Validation set [recall@5: 0.0447 recall@10: 0.0765 recall@20: 0.1250 ] [ndcg@5: 0.0530 ndcg@10: 0.0631 ndcg@20: 0.0796 ] 
2025-05-05 10:16:35,887 - Epoch  63 Validation set [recall@5: 0.0444 recall@10: 0.0765 recall@20: 0.1268 ] [ndcg@5: 0.0534 ndcg@10: 0.0634 ndcg@20: 0.0805 ] 
2025-05-05 10:16:46,048 - Epoch  66 Validation set [recall@5: 0.0448 recall@10: 0.0771 recall@20: 0.1267 ] [ndcg@5: 0.0532 ndcg@10: 0.0635 ndcg@20: 0.0804 ] 
2025-05-05 10:16:55,659 - Epoch  69 Validation set [recall@5: 0.0454 recall@10: 0.0778 recall@20: 0.1269 ] [ndcg@5: 0.0535 ndcg@10: 0.0636 ndcg@20: 0.0804 ] 
2025-05-05 10:17:05,471 - Epoch  72 Validation set [recall@5: 0.0456 recall@10: 0.0769 recall@20: 0.1273 ] [ndcg@5: 0.0538 ndcg@10: 0.0635 ndcg@20: 0.0806 ] 
2025-05-05 10:17:15,046 - Epoch  75 Validation set [recall@5: 0.0455 recall@10: 0.0765 recall@20: 0.1281 ] [ndcg@5: 0.0537 ndcg@10: 0.0634 ndcg@20: 0.0809 ] 
2025-05-05 10:17:24,770 - Epoch  78 Validation set [recall@5: 0.0454 recall@10: 0.0771 recall@20: 0.1276 ] [ndcg@5: 0.0536 ndcg@10: 0.0633 ndcg@20: 0.0806 ] 
2025-05-05 10:17:34,496 - Epoch  81 Validation set [recall@5: 0.0464 recall@10: 0.0768 recall@20: 0.1264 ] [ndcg@5: 0.0543 ndcg@10: 0.0634 ndcg@20: 0.0804 ] 
2025-05-05 10:17:44,250 - Epoch  84 Validation set [recall@5: 0.0461 recall@10: 0.0762 recall@20: 0.1264 ] [ndcg@5: 0.0540 ndcg@10: 0.0632 ndcg@20: 0.0802 ] 
2025-05-05 10:17:53,691 - Epoch  87 Validation set [recall@5: 0.0459 recall@10: 0.0757 recall@20: 0.1274 ] [ndcg@5: 0.0539 ndcg@10: 0.0629 ndcg@20: 0.0804 ] 
2025-05-05 10:18:03,476 - Epoch  90 Validation set [recall@5: 0.0461 recall@10: 0.0753 recall@20: 0.1274 ] [ndcg@5: 0.0541 ndcg@10: 0.0629 ndcg@20: 0.0806 ] 
2025-05-05 10:18:05,812 - [recall@5: 0.0455 recall@10: 0.0765 recall@20: 0.1281 ] [ndcg@5: 0.0537 ndcg@10: 0.0634 ndcg@20: 0.0809 ] 
2025-05-05 10:18:07,982 - [recall@5: 0.0455 recall@10: 0.0757 recall@20: 0.1256 ] [ndcg@5: 0.0533 ndcg@10: 0.0624 ndcg@20: 0.0794 ] 
2025-05-05 10:18:07,983 - Best Epoch 75. Final test result: {'recall': array([0.04552347, 0.07569281, 0.12559945]), 'ndcg': array([0.05334562, 0.06242571, 0.07937647])}.
