2025-04-11 04:01:45,078 - {'optimizer': {'name': 'adam', 'lr': 0.001, 'weight_decay': 0}, 'train': {'epoch': 3000, 'batch_size': 4096, 'save_model': False, 'loss': 'pairwise', 'test_step': 3, 'reproducible': True, 'seed': 2023, 'patience': 5}, 'test': {'metrics': ['recall', 'ndcg'], 'k': [5, 10, 20], 'batch_size': 1024}, 'data': {'type': 'general_cf', 'name': 'amazon', 'user_num': 11000, 'item_num': 9332}, 'model': {'name': 'sgl', 'keep_rate': 0.8, 'embedding_size': 32, 'augmentation': 'edge_drop', 'layer_num': 3, 'reg_weight': 1e-05, 'cl_weight': 0.1, 'temperature': 0.2, 'amazon': {'layer_num': 3, 'reg_weight': 1e-05, 'cl_weight': 0.1, 'temperature': 0.2}, 'yelp': {'layer_num': 3, 'reg_weight': 1e-06, 'cl_weight': 0.001, 'temperature': 0.1}, 'steam': {'layer_num': 2, 'reg_weight': 1e-05, 'cl_weight': 0.1, 'temperature': 0.5}}}
2025-04-11 04:02:04,075 - Epoch   0 Validation set [recall@5: 0.0038 recall@10: 0.0066 recall@20: 0.0115 ] [ndcg@5: 0.0042 ndcg@10: 0.0050 ndcg@20: 0.0065 ] 
2025-04-11 04:02:49,419 - Epoch   3 Validation set [recall@5: 0.0210 recall@10: 0.0320 recall@20: 0.0462 ] [ndcg@5: 0.0201 ndcg@10: 0.0239 ndcg@20: 0.0285 ] 
2025-04-11 04:03:36,656 - Epoch   6 Validation set [recall@5: 0.0240 recall@10: 0.0389 recall@20: 0.0591 ] [ndcg@5: 0.0238 ndcg@10: 0.0289 ndcg@20: 0.0355 ] 
2025-04-11 04:04:22,180 - Epoch   9 Validation set [recall@5: 0.0262 recall@10: 0.0429 recall@20: 0.0700 ] [ndcg@5: 0.0267 ndcg@10: 0.0323 ndcg@20: 0.0411 ] 
2025-04-11 04:05:07,343 - Epoch  12 Validation set [recall@5: 0.0454 recall@10: 0.0713 recall@20: 0.1087 ] [ndcg@5: 0.0462 ndcg@10: 0.0551 ndcg@20: 0.0674 ] 
2025-04-11 04:05:51,204 - Epoch  15 Validation set [recall@5: 0.0583 recall@10: 0.0886 recall@20: 0.1331 ] [ndcg@5: 0.0578 ndcg@10: 0.0683 ndcg@20: 0.0828 ] 
2025-04-11 04:06:32,941 - Epoch  18 Validation set [recall@5: 0.0620 recall@10: 0.0961 recall@20: 0.1430 ] [ndcg@5: 0.0617 ndcg@10: 0.0735 ndcg@20: 0.0889 ] 
2025-04-11 04:07:20,446 - Epoch  21 Validation set [recall@5: 0.0642 recall@10: 0.0986 recall@20: 0.1485 ] [ndcg@5: 0.0635 ndcg@10: 0.0755 ndcg@20: 0.0918 ] 
2025-04-11 04:08:20,280 - Epoch  24 Validation set [recall@5: 0.0645 recall@10: 0.1005 recall@20: 0.1500 ] [ndcg@5: 0.0640 ndcg@10: 0.0765 ndcg@20: 0.0928 ] 
2025-04-11 04:09:44,446 - Epoch  27 Validation set [recall@5: 0.0650 recall@10: 0.1015 recall@20: 0.1513 ] [ndcg@5: 0.0645 ndcg@10: 0.0772 ndcg@20: 0.0935 ] 
2025-04-11 04:10:58,856 - Epoch  30 Validation set [recall@5: 0.0652 recall@10: 0.1023 recall@20: 0.1517 ] [ndcg@5: 0.0647 ndcg@10: 0.0774 ndcg@20: 0.0936 ] 
2025-04-11 04:12:07,275 - Epoch  33 Validation set [recall@5: 0.0654 recall@10: 0.1022 recall@20: 0.1525 ] [ndcg@5: 0.0649 ndcg@10: 0.0775 ndcg@20: 0.0939 ] 
2025-04-11 04:13:18,899 - Epoch  36 Validation set [recall@5: 0.0645 recall@10: 0.1019 recall@20: 0.1532 ] [ndcg@5: 0.0644 ndcg@10: 0.0774 ndcg@20: 0.0940 ] 
2025-04-11 04:14:28,208 - Epoch  39 Validation set [recall@5: 0.0644 recall@10: 0.1021 recall@20: 0.1525 ] [ndcg@5: 0.0644 ndcg@10: 0.0774 ndcg@20: 0.0938 ] 
2025-04-11 04:15:42,676 - Epoch  42 Validation set [recall@5: 0.0639 recall@10: 0.1023 recall@20: 0.1523 ] [ndcg@5: 0.0642 ndcg@10: 0.0775 ndcg@20: 0.0938 ] 
2025-04-11 04:17:00,262 - Epoch  45 Validation set [recall@5: 0.0640 recall@10: 0.1017 recall@20: 0.1538 ] [ndcg@5: 0.0640 ndcg@10: 0.0770 ndcg@20: 0.0939 ] 
2025-04-11 04:18:13,478 - Epoch  48 Validation set [recall@5: 0.0641 recall@10: 0.1017 recall@20: 0.1526 ] [ndcg@5: 0.0639 ndcg@10: 0.0768 ndcg@20: 0.0935 ] 
2025-04-11 04:19:27,806 - Epoch  51 Validation set [recall@5: 0.0640 recall@10: 0.1014 recall@20: 0.1525 ] [ndcg@5: 0.0636 ndcg@10: 0.0764 ndcg@20: 0.0931 ] 
2025-04-11 04:20:46,779 - Epoch  54 Validation set [recall@5: 0.0644 recall@10: 0.1010 recall@20: 0.1516 ] [ndcg@5: 0.0641 ndcg@10: 0.0767 ndcg@20: 0.0932 ] 
2025-04-11 04:22:15,508 - Epoch  57 Validation set [recall@5: 0.0645 recall@10: 0.1017 recall@20: 0.1519 ] [ndcg@5: 0.0635 ndcg@10: 0.0765 ndcg@20: 0.0929 ] 
2025-04-11 04:23:31,138 - Epoch  60 Validation set [recall@5: 0.0641 recall@10: 0.1019 recall@20: 0.1516 ] [ndcg@5: 0.0631 ndcg@10: 0.0765 ndcg@20: 0.0927 ] 
2025-04-11 04:23:32,903 - [recall@5: 0.0640 recall@10: 0.1017 recall@20: 0.1538 ] [ndcg@5: 0.0640 ndcg@10: 0.0770 ndcg@20: 0.0939 ] 
2025-04-11 04:23:34,596 - [recall@5: 0.0644 recall@10: 0.1023 recall@20: 0.1480 ] [ndcg@5: 0.0643 ndcg@10: 0.0774 ndcg@20: 0.0925 ] 
2025-04-11 04:23:34,597 - Best Epoch 45. Final test result: {'recall': array([0.06442164, 0.10230714, 0.14797288]), 'ndcg': array([0.06427765, 0.07742159, 0.09245395])}.
原SGL