2025-05-05 08:07:12,058 - {'optimizer': {'name': 'adam', 'lr': 0.001, 'weight_decay': 0}, 'train': {'epoch': 3000, 'batch_size': 4096, 'save_model': False, 'loss': 'pairwise', 'test_step': 3, 'reproducible': True, 'seed': 2023, 'patience': 5}, 'test': {'metrics': ['recall', 'ndcg'], 'k': [5, 10, 20], 'batch_size': 1024}, 'data': {'type': 'general_cf', 'name': 'steam', 'user_num': 23310, 'item_num': 5237}, 'model': {'name': 'sgl', 'keep_rate': 0.8, 'embedding_size': 32, 'augmentation': 'edge_drop', 'layer_num': 3, 'reg_weight': 1e-05, 'cl_weight': 0.1, 'temperature': 0.2, 'amazon': {'layer_num': 3, 'reg_weight': 1e-05, 'cl_weight': 0.1, 'temperature': 0.2}, 'yelp': {'layer_num': 3, 'reg_weight': 1e-06, 'cl_weight': 0.001, 'temperature': 0.1}, 'steam': {'layer_num': 2, 'reg_weight': 1e-05, 'cl_weight': 0.1, 'temperature': 0.5}}}
2025-05-05 08:07:50,897 - Epoch   0 Validation set [recall@5: 0.0068 recall@10: 0.0122 recall@20: 0.0204 ] [ndcg@5: 0.0074 ndcg@10: 0.0094 ndcg@20: 0.0122 ] 
2025-05-05 08:09:34,777 - Epoch   3 Validation set [recall@5: 0.0298 recall@10: 0.0492 recall@20: 0.0784 ] [ndcg@5: 0.0362 ndcg@10: 0.0419 ndcg@20: 0.0516 ] 
2025-05-05 08:11:20,218 - Epoch   6 Validation set [recall@5: 0.0464 recall@10: 0.0760 recall@20: 0.1211 ] [ndcg@5: 0.0534 ndcg@10: 0.0625 ndcg@20: 0.0775 ] 
2025-05-05 08:13:03,396 - Epoch   9 Validation set [recall@5: 0.0537 recall@10: 0.0867 recall@20: 0.1366 ] [ndcg@5: 0.0599 ndcg@10: 0.0703 ndcg@20: 0.0870 ] 
2025-05-05 08:14:48,396 - Epoch  12 Validation set [recall@5: 0.0545 recall@10: 0.0894 recall@20: 0.1393 ] [ndcg@5: 0.0608 ndcg@10: 0.0721 ndcg@20: 0.0888 ] 
2025-05-05 08:16:33,837 - Epoch  15 Validation set [recall@5: 0.0557 recall@10: 0.0899 recall@20: 0.1418 ] [ndcg@5: 0.0615 ndcg@10: 0.0726 ndcg@20: 0.0901 ] 
2025-05-05 08:18:18,024 - Epoch  18 Validation set [recall@5: 0.0559 recall@10: 0.0906 recall@20: 0.1431 ] [ndcg@5: 0.0617 ndcg@10: 0.0730 ndcg@20: 0.0907 ] 
2025-05-05 08:20:00,251 - Epoch  21 Validation set [recall@5: 0.0557 recall@10: 0.0905 recall@20: 0.1431 ] [ndcg@5: 0.0617 ndcg@10: 0.0731 ndcg@20: 0.0909 ] 
2025-05-05 08:21:42,065 - Epoch  24 Validation set [recall@5: 0.0561 recall@10: 0.0907 recall@20: 0.1441 ] [ndcg@5: 0.0620 ndcg@10: 0.0732 ndcg@20: 0.0913 ] 
2025-05-05 08:23:26,021 - Epoch  27 Validation set [recall@5: 0.0567 recall@10: 0.0910 recall@20: 0.1438 ] [ndcg@5: 0.0623 ndcg@10: 0.0734 ndcg@20: 0.0912 ] 
2025-05-05 08:25:11,029 - Epoch  30 Validation set [recall@5: 0.0568 recall@10: 0.0911 recall@20: 0.1443 ] [ndcg@5: 0.0624 ndcg@10: 0.0734 ndcg@20: 0.0914 ] 
2025-05-05 08:26:51,923 - Epoch  33 Validation set [recall@5: 0.0569 recall@10: 0.0913 recall@20: 0.1447 ] [ndcg@5: 0.0625 ndcg@10: 0.0736 ndcg@20: 0.0917 ] 
2025-05-05 08:28:33,894 - Epoch  36 Validation set [recall@5: 0.0562 recall@10: 0.0912 recall@20: 0.1445 ] [ndcg@5: 0.0623 ndcg@10: 0.0736 ndcg@20: 0.0916 ] 
2025-05-05 08:30:17,043 - Epoch  39 Validation set [recall@5: 0.0560 recall@10: 0.0912 recall@20: 0.1448 ] [ndcg@5: 0.0622 ndcg@10: 0.0735 ndcg@20: 0.0916 ] 
2025-05-05 08:32:02,944 - Epoch  42 Validation set [recall@5: 0.0570 recall@10: 0.0911 recall@20: 0.1447 ] [ndcg@5: 0.0627 ndcg@10: 0.0736 ndcg@20: 0.0917 ] 
2025-05-05 08:33:45,701 - Epoch  45 Validation set [recall@5: 0.0570 recall@10: 0.0912 recall@20: 0.1452 ] [ndcg@5: 0.0628 ndcg@10: 0.0737 ndcg@20: 0.0919 ] 
2025-05-05 08:35:29,344 - Epoch  48 Validation set [recall@5: 0.0570 recall@10: 0.0919 recall@20: 0.1454 ] [ndcg@5: 0.0629 ndcg@10: 0.0740 ndcg@20: 0.0921 ] 
2025-05-05 08:37:14,103 - Epoch  51 Validation set [recall@5: 0.0573 recall@10: 0.0919 recall@20: 0.1453 ] [ndcg@5: 0.0630 ndcg@10: 0.0740 ndcg@20: 0.0921 ] 
2025-05-05 08:38:58,833 - Epoch  54 Validation set [recall@5: 0.0573 recall@10: 0.0919 recall@20: 0.1449 ] [ndcg@5: 0.0630 ndcg@10: 0.0741 ndcg@20: 0.0920 ] 
2025-05-05 08:40:41,454 - Epoch  57 Validation set [recall@5: 0.0577 recall@10: 0.0923 recall@20: 0.1452 ] [ndcg@5: 0.0633 ndcg@10: 0.0743 ndcg@20: 0.0922 ] 
2025-05-05 08:42:30,855 - Epoch  60 Validation set [recall@5: 0.0572 recall@10: 0.0923 recall@20: 0.1454 ] [ndcg@5: 0.0630 ndcg@10: 0.0743 ndcg@20: 0.0922 ] 
2025-05-05 08:44:14,740 - Epoch  63 Validation set [recall@5: 0.0577 recall@10: 0.0921 recall@20: 0.1452 ] [ndcg@5: 0.0634 ndcg@10: 0.0743 ndcg@20: 0.0923 ] 
2025-05-05 08:44:18,168 - [recall@5: 0.0570 recall@10: 0.0919 recall@20: 0.1454 ] [ndcg@5: 0.0629 ndcg@10: 0.0740 ndcg@20: 0.0921 ] 
2025-05-05 08:44:21,470 - [recall@5: 0.0559 recall@10: 0.0911 recall@20: 0.1425 ] [ndcg@5: 0.0614 ndcg@10: 0.0734 ndcg@20: 0.0909 ] 
2025-05-05 08:44:21,470 - Best Epoch 48. Final test result: {'recall': array([0.05586013, 0.09114879, 0.14251066]), 'ndcg': array([0.06141313, 0.07340258, 0.09091684])}.
