2025-04-26 08:24:16,332 - {'optimizer': {'name': 'adam', 'lr': 0.001, 'weight_decay': 0}, 'train': {'epoch': 3000, 'batch_size': 4096, 'save_model': False, 'loss': 'pairwise', 'test_step': 3, 'reproducible': True, 'seed': 2023, 'patience': 5}, 'test': {'metrics': ['recall', 'ndcg'], 'k': [5, 10, 20], 'batch_size': 1024}, 'data': {'type': 'general_cf', 'name': 'yelp', 'user_num': 11091, 'item_num': 11010}, 'model': {'name': 'sgl', 'keep_rate': 0.8, 'embedding_size': 32, 'augmentation': 'edge_drop', 'layer_num': 3, 'reg_weight': 1e-05, 'cl_weight': 0.1, 'temperature': 0.2, 'amazon': {'layer_num': 3, 'reg_weight': 1e-05, 'cl_weight': 0.1, 'temperature': 0.2}, 'yelp': {'layer_num': 3, 'reg_weight': 1e-06, 'cl_weight': 0.001, 'temperature': 0.1}, 'steam': {'layer_num': 2, 'reg_weight': 1e-05, 'cl_weight': 0.1, 'temperature': 0.5}}}
2025-04-26 08:24:53,208 - Epoch   0 Validation set [recall@5: 0.0313 recall@10: 0.0512 recall@20: 0.0835 ] [ndcg@5: 0.0384 ndcg@10: 0.0440 ndcg@20: 0.0547 ] 
2025-04-26 08:25:59,833 - Epoch   3 Validation set [recall@5: 0.0319 recall@10: 0.0532 recall@20: 0.0865 ] [ndcg@5: 0.0383 ndcg@10: 0.0446 ndcg@20: 0.0558 ] 
2025-04-26 08:27:12,963 - Epoch   6 Validation set [recall@5: 0.0329 recall@10: 0.0540 recall@20: 0.0881 ] [ndcg@5: 0.0393 ndcg@10: 0.0454 ndcg@20: 0.0569 ] 
2025-04-26 08:28:29,760 - Epoch   9 Validation set [recall@5: 0.0331 recall@10: 0.0557 recall@20: 0.0897 ] [ndcg@5: 0.0396 ndcg@10: 0.0463 ndcg@20: 0.0578 ] 
2025-04-26 08:29:44,635 - Epoch  12 Validation set [recall@5: 0.0330 recall@10: 0.0568 recall@20: 0.0934 ] [ndcg@5: 0.0396 ndcg@10: 0.0469 ndcg@20: 0.0593 ] 
2025-04-26 08:30:56,301 - Epoch  15 Validation set [recall@5: 0.0339 recall@10: 0.0581 recall@20: 0.0955 ] [ndcg@5: 0.0406 ndcg@10: 0.0483 ndcg@20: 0.0609 ] 
2025-04-26 08:32:09,505 - Epoch  18 Validation set [recall@5: 0.0343 recall@10: 0.0585 recall@20: 0.0979 ] [ndcg@5: 0.0408 ndcg@10: 0.0485 ndcg@20: 0.0617 ] 
2025-04-26 08:33:24,854 - Epoch  21 Validation set [recall@5: 0.0346 recall@10: 0.0591 recall@20: 0.0985 ] [ndcg@5: 0.0413 ndcg@10: 0.0490 ndcg@20: 0.0624 ] 
2025-04-26 08:34:35,724 - Epoch  24 Validation set [recall@5: 0.0353 recall@10: 0.0602 recall@20: 0.0998 ] [ndcg@5: 0.0419 ndcg@10: 0.0496 ndcg@20: 0.0630 ] 
2025-04-26 08:35:47,591 - Epoch  27 Validation set [recall@5: 0.0357 recall@10: 0.0608 recall@20: 0.1004 ] [ndcg@5: 0.0426 ndcg@10: 0.0504 ndcg@20: 0.0637 ] 
2025-04-26 08:37:01,209 - Epoch  30 Validation set [recall@5: 0.0353 recall@10: 0.0616 recall@20: 0.1015 ] [ndcg@5: 0.0424 ndcg@10: 0.0509 ndcg@20: 0.0643 ] 
2025-04-26 08:38:15,713 - Epoch  33 Validation set [recall@5: 0.0364 recall@10: 0.0615 recall@20: 0.1033 ] [ndcg@5: 0.0434 ndcg@10: 0.0514 ndcg@20: 0.0655 ] 
2025-04-26 08:39:22,849 - Epoch  36 Validation set [recall@5: 0.0373 recall@10: 0.0620 recall@20: 0.1056 ] [ndcg@5: 0.0441 ndcg@10: 0.0518 ndcg@20: 0.0666 ] 
2025-04-26 08:40:33,483 - Epoch  39 Validation set [recall@5: 0.0373 recall@10: 0.0624 recall@20: 0.1066 ] [ndcg@5: 0.0443 ndcg@10: 0.0521 ndcg@20: 0.0671 ] 
2025-04-26 08:41:44,416 - Epoch  42 Validation set [recall@5: 0.0368 recall@10: 0.0631 recall@20: 0.1081 ] [ndcg@5: 0.0439 ndcg@10: 0.0527 ndcg@20: 0.0679 ] 
2025-04-26 08:42:56,614 - Epoch  45 Validation set [recall@5: 0.0370 recall@10: 0.0646 recall@20: 0.1087 ] [ndcg@5: 0.0443 ndcg@10: 0.0534 ndcg@20: 0.0684 ] 
2025-04-26 08:44:06,376 - Epoch  48 Validation set [recall@5: 0.0373 recall@10: 0.0656 recall@20: 0.1101 ] [ndcg@5: 0.0444 ndcg@10: 0.0537 ndcg@20: 0.0689 ] 
2025-04-26 08:45:17,148 - Epoch  51 Validation set [recall@5: 0.0376 recall@10: 0.0658 recall@20: 0.1101 ] [ndcg@5: 0.0452 ndcg@10: 0.0544 ndcg@20: 0.0694 ] 
2025-04-26 08:46:26,474 - Epoch  54 Validation set [recall@5: 0.0381 recall@10: 0.0678 recall@20: 0.1119 ] [ndcg@5: 0.0457 ndcg@10: 0.0554 ndcg@20: 0.0703 ] 
2025-04-26 08:47:37,844 - Epoch  57 Validation set [recall@5: 0.0384 recall@10: 0.0677 recall@20: 0.1128 ] [ndcg@5: 0.0462 ndcg@10: 0.0557 ndcg@20: 0.0711 ] 
2025-04-26 08:48:49,784 - Epoch  60 Validation set [recall@5: 0.0386 recall@10: 0.0690 recall@20: 0.1134 ] [ndcg@5: 0.0465 ndcg@10: 0.0563 ndcg@20: 0.0714 ] 
2025-04-26 08:50:00,210 - Epoch  63 Validation set [recall@5: 0.0395 recall@10: 0.0680 recall@20: 0.1134 ] [ndcg@5: 0.0473 ndcg@10: 0.0563 ndcg@20: 0.0719 ] 
2025-04-26 08:51:13,598 - Epoch  66 Validation set [recall@5: 0.0393 recall@10: 0.0693 recall@20: 0.1145 ] [ndcg@5: 0.0474 ndcg@10: 0.0570 ndcg@20: 0.0723 ] 
2025-04-26 08:52:27,031 - Epoch  69 Validation set [recall@5: 0.0395 recall@10: 0.0704 recall@20: 0.1140 ] [ndcg@5: 0.0475 ndcg@10: 0.0575 ndcg@20: 0.0725 ] 
2025-04-26 08:53:39,708 - Epoch  72 Validation set [recall@5: 0.0397 recall@10: 0.0694 recall@20: 0.1138 ] [ndcg@5: 0.0480 ndcg@10: 0.0576 ndcg@20: 0.0728 ] 
2025-04-26 08:54:53,866 - Epoch  75 Validation set [recall@5: 0.0399 recall@10: 0.0699 recall@20: 0.1157 ] [ndcg@5: 0.0483 ndcg@10: 0.0580 ndcg@20: 0.0735 ] 
2025-04-26 08:56:09,204 - Epoch  78 Validation set [recall@5: 0.0400 recall@10: 0.0703 recall@20: 0.1155 ] [ndcg@5: 0.0486 ndcg@10: 0.0584 ndcg@20: 0.0736 ] 
2025-04-26 08:57:25,707 - Epoch  81 Validation set [recall@5: 0.0409 recall@10: 0.0706 recall@20: 0.1162 ] [ndcg@5: 0.0495 ndcg@10: 0.0588 ndcg@20: 0.0742 ] 
2025-04-26 09:27:30,469 - Epoch  84 Validation set [recall@5: 0.0411 recall@10: 0.0712 recall@20: 0.1165 ] [ndcg@5: 0.0501 ndcg@10: 0.0594 ndcg@20: 0.0746 ] 
2025-04-26 09:28:45,228 - Epoch  87 Validation set [recall@5: 0.0409 recall@10: 0.0711 recall@20: 0.1167 ] [ndcg@5: 0.0501 ndcg@10: 0.0592 ndcg@20: 0.0747 ] 
2025-04-26 09:29:54,086 - Epoch  90 Validation set [recall@5: 0.0408 recall@10: 0.0727 recall@20: 0.1166 ] [ndcg@5: 0.0495 ndcg@10: 0.0597 ndcg@20: 0.0746 ] 
2025-04-26 09:31:08,439 - Epoch  93 Validation set [recall@5: 0.0410 recall@10: 0.0731 recall@20: 0.1173 ] [ndcg@5: 0.0500 ndcg@10: 0.0601 ndcg@20: 0.0751 ] 
2025-04-26 09:32:26,096 - Epoch  96 Validation set [recall@5: 0.0410 recall@10: 0.0725 recall@20: 0.1174 ] [ndcg@5: 0.0496 ndcg@10: 0.0596 ndcg@20: 0.0748 ] 
2025-04-26 09:33:42,887 - Epoch  99 Validation set [recall@5: 0.0419 recall@10: 0.0724 recall@20: 0.1183 ] [ndcg@5: 0.0504 ndcg@10: 0.0599 ndcg@20: 0.0754 ] 
2025-04-26 09:35:01,303 - Epoch 102 Validation set [recall@5: 0.0428 recall@10: 0.0721 recall@20: 0.1184 ] [ndcg@5: 0.0514 ndcg@10: 0.0602 ndcg@20: 0.0760 ] 
2025-04-26 09:36:15,901 - Epoch 105 Validation set [recall@5: 0.0426 recall@10: 0.0724 recall@20: 0.1184 ] [ndcg@5: 0.0514 ndcg@10: 0.0605 ndcg@20: 0.0761 ] 
2025-04-26 09:37:24,676 - Epoch 108 Validation set [recall@5: 0.0422 recall@10: 0.0723 recall@20: 0.1183 ] [ndcg@5: 0.0510 ndcg@10: 0.0604 ndcg@20: 0.0759 ] 
2025-04-26 09:38:41,375 - Epoch 111 Validation set [recall@5: 0.0429 recall@10: 0.0723 recall@20: 0.1185 ] [ndcg@5: 0.0515 ndcg@10: 0.0605 ndcg@20: 0.0761 ] 
2025-04-26 09:39:59,843 - Epoch 114 Validation set [recall@5: 0.0430 recall@10: 0.0732 recall@20: 0.1199 ] [ndcg@5: 0.0516 ndcg@10: 0.0610 ndcg@20: 0.0767 ] 
2025-04-26 09:41:14,643 - Epoch 117 Validation set [recall@5: 0.0438 recall@10: 0.0734 recall@20: 0.1193 ] [ndcg@5: 0.0518 ndcg@10: 0.0610 ndcg@20: 0.0765 ] 
2025-04-26 11:33:58,856 - Epoch 120 Validation set [recall@5: 0.0444 recall@10: 0.0732 recall@20: 0.1198 ] [ndcg@5: 0.0519 ndcg@10: 0.0607 ndcg@20: 0.0764 ] 
2025-04-26 11:35:15,027 - Epoch 123 Validation set [recall@5: 0.0440 recall@10: 0.0742 recall@20: 0.1198 ] [ndcg@5: 0.0520 ndcg@10: 0.0612 ndcg@20: 0.0767 ] 
2025-04-26 11:36:33,205 - Epoch 126 Validation set [recall@5: 0.0437 recall@10: 0.0739 recall@20: 0.1209 ] [ndcg@5: 0.0518 ndcg@10: 0.0612 ndcg@20: 0.0770 ] 
2025-04-26 11:37:45,139 - Epoch 129 Validation set [recall@5: 0.0431 recall@10: 0.0734 recall@20: 0.1202 ] [ndcg@5: 0.0512 ndcg@10: 0.0606 ndcg@20: 0.0765 ] 
2025-04-26 11:39:01,451 - Epoch 132 Validation set [recall@5: 0.0428 recall@10: 0.0735 recall@20: 0.1199 ] [ndcg@5: 0.0510 ndcg@10: 0.0607 ndcg@20: 0.0764 ] 
2025-04-26 11:40:21,541 - Epoch 135 Validation set [recall@5: 0.0436 recall@10: 0.0740 recall@20: 0.1212 ] [ndcg@5: 0.0517 ndcg@10: 0.0612 ndcg@20: 0.0771 ] 
2025-04-26 11:41:37,293 - Epoch 138 Validation set [recall@5: 0.0436 recall@10: 0.0736 recall@20: 0.1212 ] [ndcg@5: 0.0518 ndcg@10: 0.0610 ndcg@20: 0.0771 ] 
2025-04-26 11:42:54,510 - Epoch 141 Validation set [recall@5: 0.0440 recall@10: 0.0744 recall@20: 0.1213 ] [ndcg@5: 0.0520 ndcg@10: 0.0617 ndcg@20: 0.0774 ] 
2025-04-26 11:44:11,707 - Epoch 144 Validation set [recall@5: 0.0437 recall@10: 0.0753 recall@20: 0.1216 ] [ndcg@5: 0.0517 ndcg@10: 0.0618 ndcg@20: 0.0774 ] 
2025-04-26 11:45:30,586 - Epoch 147 Validation set [recall@5: 0.0432 recall@10: 0.0750 recall@20: 0.1215 ] [ndcg@5: 0.0512 ndcg@10: 0.0616 ndcg@20: 0.0772 ] 
2025-04-26 11:46:50,702 - Epoch 150 Validation set [recall@5: 0.0431 recall@10: 0.0755 recall@20: 0.1199 ] [ndcg@5: 0.0512 ndcg@10: 0.0618 ndcg@20: 0.0767 ] 
2025-04-26 11:48:09,348 - Epoch 153 Validation set [recall@5: 0.0434 recall@10: 0.0751 recall@20: 0.1203 ] [ndcg@5: 0.0517 ndcg@10: 0.0618 ndcg@20: 0.0770 ] 
2025-04-26 11:49:21,748 - Epoch 156 Validation set [recall@5: 0.0441 recall@10: 0.0745 recall@20: 0.1193 ] [ndcg@5: 0.0518 ndcg@10: 0.0615 ndcg@20: 0.0766 ] 
2025-04-26 11:50:35,599 - Epoch 159 Validation set [recall@5: 0.0432 recall@10: 0.0741 recall@20: 0.1193 ] [ndcg@5: 0.0507 ndcg@10: 0.0608 ndcg@20: 0.0760 ] 
2025-04-26 11:50:37,635 - [recall@5: 0.0437 recall@10: 0.0753 recall@20: 0.1216 ] [ndcg@5: 0.0517 ndcg@10: 0.0618 ndcg@20: 0.0774 ] 
2025-04-26 11:50:39,632 - [recall@5: 0.0436 recall@10: 0.0736 recall@20: 0.1224 ] [ndcg@5: 0.0510 ndcg@10: 0.0604 ndcg@20: 0.0770 ] 
2025-04-26 11:50:39,633 - Best Epoch 144. Final test result: {'recall': array([0.04355065, 0.07358101, 0.12239639]), 'ndcg': array([0.05103675, 0.0603845 , 0.07697371])}.
