2025-05-06 01:52:49,868 - {'optimizer': {'name': 'adam', 'lr': 0.001, 'weight_decay': 0}, 'train': {'epoch': 3000, 'batch_size': 4096, 'save_model': False, 'loss': 'pairwise', 'test_step': 3, 'reproducible': True, 'seed': 2023, 'patience': 5}, 'test': {'metrics': ['recall', 'ndcg'], 'k': [5, 10, 20], 'batch_size': 1024}, 'data': {'type': 'general_cf', 'name': 'amazon', 'user_num': 11000, 'item_num': 9332}, 'model': {'name': 'xsimgcl', 'keep_rate': 1.0, 'embedding_size': 64, 'layer_num': 3, 'layer_cl': 2, 'reg_weight': 1e-05, 'cl_weight': 0.1, 'temperature': 0.15, 'eps': 0.9, 'amazon': {'layer_num': 3, 'layer_cl': 2, 'reg_weight': 1e-05, 'cl_weight': 0.1, 'temperature': 0.15, 'eps': 0.2}, 'yelp': {'layer_num': 3, 'layer_cl': 2, 'reg_weight': 1e-05, 'cl_weight': 0.1, 'temperature': 0.2, 'eps': 0.9}, 'steam': {'layer_num': 3, 'layer_cl': 2, 'reg_weight': 1e-05, 'cl_weight': 0.1, 'temperature': 0.5, 'eps': 0.2}}}
2025-05-06 01:52:54,175 - Epoch   0 Validation set [recall@5: 0.0547 recall@10: 0.0826 recall@20: 0.1166 ] [ndcg@5: 0.0538 ndcg@10: 0.0633 ndcg@20: 0.0742 ] 
2025-05-06 01:52:59,034 - Epoch   3 Validation set [recall@5: 0.0683 recall@10: 0.0980 recall@20: 0.1403 ] [ndcg@5: 0.0679 ndcg@10: 0.0777 ndcg@20: 0.0912 ] 
2025-05-06 01:53:04,110 - Epoch   6 Validation set [recall@5: 0.0715 recall@10: 0.1028 recall@20: 0.1476 ] [ndcg@5: 0.0721 ndcg@10: 0.0822 ndcg@20: 0.0966 ] 
2025-05-06 01:53:09,032 - Epoch   9 Validation set [recall@5: 0.0731 recall@10: 0.1056 recall@20: 0.1489 ] [ndcg@5: 0.0741 ndcg@10: 0.0843 ndcg@20: 0.0983 ] 
2025-05-06 01:53:13,973 - Epoch  12 Validation set [recall@5: 0.0740 recall@10: 0.1078 recall@20: 0.1515 ] [ndcg@5: 0.0751 ndcg@10: 0.0858 ndcg@20: 0.0998 ] 
2025-05-06 01:53:18,738 - Epoch  15 Validation set [recall@5: 0.0752 recall@10: 0.1088 recall@20: 0.1518 ] [ndcg@5: 0.0756 ndcg@10: 0.0863 ndcg@20: 0.1001 ] 
2025-05-06 01:53:23,636 - Epoch  18 Validation set [recall@5: 0.0752 recall@10: 0.1089 recall@20: 0.1515 ] [ndcg@5: 0.0760 ndcg@10: 0.0867 ndcg@20: 0.1005 ] 
2025-05-06 01:53:28,705 - Epoch  21 Validation set [recall@5: 0.0750 recall@10: 0.1091 recall@20: 0.1509 ] [ndcg@5: 0.0760 ndcg@10: 0.0870 ndcg@20: 0.1004 ] 
2025-05-06 01:53:33,599 - Epoch  24 Validation set [recall@5: 0.0752 recall@10: 0.1087 recall@20: 0.1524 ] [ndcg@5: 0.0760 ndcg@10: 0.0868 ndcg@20: 0.1008 ] 
2025-05-06 01:53:38,665 - Epoch  27 Validation set [recall@5: 0.0756 recall@10: 0.1082 recall@20: 0.1520 ] [ndcg@5: 0.0762 ndcg@10: 0.0866 ndcg@20: 0.1006 ] 
2025-05-06 01:53:43,660 - Epoch  30 Validation set [recall@5: 0.0760 recall@10: 0.1076 recall@20: 0.1519 ] [ndcg@5: 0.0765 ndcg@10: 0.0866 ndcg@20: 0.1008 ] 
2025-05-06 01:53:48,421 - Epoch  33 Validation set [recall@5: 0.0756 recall@10: 0.1074 recall@20: 0.1531 ] [ndcg@5: 0.0764 ndcg@10: 0.0865 ndcg@20: 0.1012 ] 
2025-05-06 01:53:53,274 - Epoch  36 Validation set [recall@5: 0.0753 recall@10: 0.1075 recall@20: 0.1527 ] [ndcg@5: 0.0762 ndcg@10: 0.0865 ndcg@20: 0.1010 ] 
2025-05-06 01:53:58,268 - Epoch  39 Validation set [recall@5: 0.0758 recall@10: 0.1074 recall@20: 0.1528 ] [ndcg@5: 0.0761 ndcg@10: 0.0863 ndcg@20: 0.1009 ] 
2025-05-06 01:54:02,778 - Epoch  42 Validation set [recall@5: 0.0758 recall@10: 0.1074 recall@20: 0.1537 ] [ndcg@5: 0.0762 ndcg@10: 0.0864 ndcg@20: 0.1012 ] 
2025-05-06 01:54:07,577 - Epoch  45 Validation set [recall@5: 0.0757 recall@10: 0.1064 recall@20: 0.1524 ] [ndcg@5: 0.0761 ndcg@10: 0.0858 ndcg@20: 0.1007 ] 
2025-05-06 01:54:12,335 - Epoch  48 Validation set [recall@5: 0.0744 recall@10: 0.1072 recall@20: 0.1523 ] [ndcg@5: 0.0756 ndcg@10: 0.0861 ndcg@20: 0.1007 ] 
2025-05-06 01:54:16,783 - Epoch  51 Validation set [recall@5: 0.0753 recall@10: 0.1070 recall@20: 0.1524 ] [ndcg@5: 0.0756 ndcg@10: 0.0857 ndcg@20: 0.1004 ] 
2025-05-06 01:54:21,568 - Epoch  54 Validation set [recall@5: 0.0750 recall@10: 0.1064 recall@20: 0.1526 ] [ndcg@5: 0.0754 ndcg@10: 0.0854 ndcg@20: 0.1003 ] 
2025-05-06 01:54:26,466 - Epoch  57 Validation set [recall@5: 0.0755 recall@10: 0.1072 recall@20: 0.1521 ] [ndcg@5: 0.0757 ndcg@10: 0.0856 ndcg@20: 0.1002 ] 
2025-05-06 01:54:28,385 - [recall@5: 0.0758 recall@10: 0.1074 recall@20: 0.1537 ] [ndcg@5: 0.0762 ndcg@10: 0.0864 ndcg@20: 0.1012 ] 
2025-05-06 01:54:30,301 - [recall@5: 0.0713 recall@10: 0.1064 recall@20: 0.1533 ] [ndcg@5: 0.0741 ndcg@10: 0.0853 ndcg@20: 0.1002 ] 
2025-05-06 01:54:30,302 - Best Epoch 42. Final test result: {'recall': array([0.07129467, 0.10639517, 0.15334896]), 'ndcg': array([0.07406301, 0.08526983, 0.10024123])}.
