2025-04-13 12:30:19,831 - {'optimizer': {'name': 'adam', 'lr': 0.001, 'weight_decay': 0}, 'train': {'epoch': 3000, 'batch_size': 4096, 'save_model': False, 'loss': 'pairwise', 'test_step': 3, 'reproducible': True, 'seed': 2023, 'patience': 5}, 'test': {'metrics': ['recall', 'ndcg'], 'k': [5, 10, 20], 'batch_size': 1024}, 'data': {'type': 'general_cf', 'name': 'amazon', 'user_num': 11000, 'item_num': 9332}, 'model': {'name': 'xsimgcl', 'keep_rate': 1.0, 'embedding_size': 64, 'layer_num': 3, 'reg_weight': 1e-05, 'cl_weight': 0.1, 'temperature': 0.15, 'eps': 0.9, 'amazon': {'layer_num': 3, 'reg_weight': 1e-05, 'cl_weight': 0.1, 'temperature': 0.15, 'eps': 0.2}, 'yelp': {'layer_num': 3, 'reg_weight': 1e-05, 'cl_weight': 0.1, 'temperature': 0.2, 'eps': 0.9}, 'steam': {'layer_num': 3, 'reg_weight': 1e-05, 'cl_weight': 0.1, 'temperature': 0.5, 'eps': 0.2}}}
2025-04-13 12:30:28,960 - Epoch   0 Validation set [recall@5: 0.0547 recall@10: 0.0827 recall@20: 0.1167 ] [ndcg@5: 0.0538 ndcg@10: 0.0633 ndcg@20: 0.0742 ] 
2025-04-13 12:30:41,772 - Epoch   3 Validation set [recall@5: 0.0683 recall@10: 0.0977 recall@20: 0.1399 ] [ndcg@5: 0.0680 ndcg@10: 0.0776 ndcg@20: 0.0911 ] 
2025-04-13 12:30:54,544 - Epoch   6 Validation set [recall@5: 0.0719 recall@10: 0.1026 recall@20: 0.1477 ] [ndcg@5: 0.0722 ndcg@10: 0.0820 ndcg@20: 0.0965 ] 
2025-04-13 12:31:07,183 - Epoch   9 Validation set [recall@5: 0.0738 recall@10: 0.1058 recall@20: 0.1486 ] [ndcg@5: 0.0744 ndcg@10: 0.0844 ndcg@20: 0.0983 ] 
2025-04-13 12:31:19,771 - Epoch  12 Validation set [recall@5: 0.0743 recall@10: 0.1076 recall@20: 0.1517 ] [ndcg@5: 0.0753 ndcg@10: 0.0857 ndcg@20: 0.0999 ] 
2025-04-13 12:31:32,381 - Epoch  15 Validation set [recall@5: 0.0757 recall@10: 0.1093 recall@20: 0.1520 ] [ndcg@5: 0.0757 ndcg@10: 0.0863 ndcg@20: 0.1000 ] 
2025-04-13 12:31:44,956 - Epoch  18 Validation set [recall@5: 0.0754 recall@10: 0.1089 recall@20: 0.1515 ] [ndcg@5: 0.0761 ndcg@10: 0.0866 ndcg@20: 0.1003 ] 
2025-04-13 12:31:57,660 - Epoch  21 Validation set [recall@5: 0.0746 recall@10: 0.1090 recall@20: 0.1515 ] [ndcg@5: 0.0758 ndcg@10: 0.0869 ndcg@20: 0.1005 ] 
2025-04-13 12:32:10,166 - Epoch  24 Validation set [recall@5: 0.0754 recall@10: 0.1089 recall@20: 0.1520 ] [ndcg@5: 0.0758 ndcg@10: 0.0866 ndcg@20: 0.1005 ] 
2025-04-13 12:32:23,050 - Epoch  27 Validation set [recall@5: 0.0755 recall@10: 0.1080 recall@20: 0.1521 ] [ndcg@5: 0.0761 ndcg@10: 0.0864 ndcg@20: 0.1005 ] 
2025-04-13 12:32:35,447 - Epoch  30 Validation set [recall@5: 0.0759 recall@10: 0.1079 recall@20: 0.1522 ] [ndcg@5: 0.0764 ndcg@10: 0.0867 ndcg@20: 0.1008 ] 
2025-04-13 12:32:48,192 - Epoch  33 Validation set [recall@5: 0.0756 recall@10: 0.1078 recall@20: 0.1524 ] [ndcg@5: 0.0759 ndcg@10: 0.0863 ndcg@20: 0.1006 ] 
2025-04-13 12:33:00,821 - Epoch  36 Validation set [recall@5: 0.0752 recall@10: 0.1074 recall@20: 0.1524 ] [ndcg@5: 0.0759 ndcg@10: 0.0863 ndcg@20: 0.1008 ] 
2025-04-13 12:33:13,248 - Epoch  39 Validation set [recall@5: 0.0755 recall@10: 0.1073 recall@20: 0.1529 ] [ndcg@5: 0.0761 ndcg@10: 0.0863 ndcg@20: 0.1010 ] 
2025-04-13 12:33:25,857 - Epoch  42 Validation set [recall@5: 0.0754 recall@10: 0.1071 recall@20: 0.1531 ] [ndcg@5: 0.0761 ndcg@10: 0.0863 ndcg@20: 0.1011 ] 
2025-04-13 12:33:38,406 - Epoch  45 Validation set [recall@5: 0.0749 recall@10: 0.1070 recall@20: 0.1530 ] [ndcg@5: 0.0754 ndcg@10: 0.0858 ndcg@20: 0.1007 ] 
2025-04-13 12:33:50,877 - Epoch  48 Validation set [recall@5: 0.0749 recall@10: 0.1063 recall@20: 0.1527 ] [ndcg@5: 0.0755 ndcg@10: 0.0857 ndcg@20: 0.1006 ] 
2025-04-13 12:34:03,347 - Epoch  51 Validation set [recall@5: 0.0753 recall@10: 0.1062 recall@20: 0.1522 ] [ndcg@5: 0.0754 ndcg@10: 0.0852 ndcg@20: 0.1001 ] 
2025-04-13 12:34:15,869 - Epoch  54 Validation set [recall@5: 0.0749 recall@10: 0.1070 recall@20: 0.1528 ] [ndcg@5: 0.0752 ndcg@10: 0.0854 ndcg@20: 0.1002 ] 
2025-04-13 12:34:27,939 - Epoch  57 Validation set [recall@5: 0.0747 recall@10: 0.1065 recall@20: 0.1521 ] [ndcg@5: 0.0752 ndcg@10: 0.0852 ndcg@20: 0.1000 ] 
2025-04-13 12:34:29,856 - [recall@5: 0.0754 recall@10: 0.1071 recall@20: 0.1531 ] [ndcg@5: 0.0761 ndcg@10: 0.0863 ndcg@20: 0.1011 ] 
2025-04-13 12:34:31,768 - [recall@5: 0.0712 recall@10: 0.1063 recall@20: 0.1527 ] [ndcg@5: 0.0739 ndcg@10: 0.0850 ndcg@20: 0.0999 ] 
2025-04-13 12:34:31,769 - Best Epoch 42. Final test result: {'recall': array([0.07119269, 0.10630126, 0.15271788]), 'ndcg': array([0.07385092, 0.08497075, 0.09989864])}.
温度改为0.15 eps改为0.2 