2025-04-13 12:21:08,012 - {'optimizer': {'name': 'adam', 'lr': 0.001, 'weight_decay': 0}, 'train': {'epoch': 3000, 'batch_size': 4096, 'save_model': False, 'loss': 'pairwise', 'test_step': 3, 'reproducible': True, 'seed': 2023, 'patience': 5}, 'test': {'metrics': ['recall', 'ndcg'], 'k': [5, 10, 20], 'batch_size': 1024}, 'data': {'type': 'general_cf', 'name': 'amazon', 'user_num': 11000, 'item_num': 9332}, 'model': {'name': 'xsimgcl', 'keep_rate': 1.0, 'embedding_size': 64, 'layer_num': 3, 'reg_weight': 1e-05, 'cl_weight': 0.1, 'temperature': 0.15, 'eps': 0.9, 'amazon': {'layer_num': 3, 'reg_weight': 1e-05, 'cl_weight': 0.1, 'temperature': 0.15, 'eps': 0.9}, 'yelp': {'layer_num': 3, 'reg_weight': 1e-05, 'cl_weight': 0.1, 'temperature': 0.2, 'eps': 0.9}, 'steam': {'layer_num': 3, 'reg_weight': 1e-05, 'cl_weight': 0.1, 'temperature': 0.5, 'eps': 0.2}}}
2025-04-13 12:21:16,834 - Epoch   0 Validation set [recall@5: 0.0486 recall@10: 0.0781 recall@20: 0.1196 ] [ndcg@5: 0.0484 ndcg@10: 0.0584 ndcg@20: 0.0719 ] 
2025-04-13 12:21:29,235 - Epoch   3 Validation set [recall@5: 0.0607 recall@10: 0.0950 recall@20: 0.1469 ] [ndcg@5: 0.0604 ndcg@10: 0.0721 ndcg@20: 0.0889 ] 
2025-04-13 12:21:42,114 - Epoch   6 Validation set [recall@5: 0.0643 recall@10: 0.1006 recall@20: 0.1536 ] [ndcg@5: 0.0644 ndcg@10: 0.0766 ndcg@20: 0.0940 ] 
2025-04-13 12:21:54,643 - Epoch   9 Validation set [recall@5: 0.0668 recall@10: 0.1032 recall@20: 0.1574 ] [ndcg@5: 0.0665 ndcg@10: 0.0788 ndcg@20: 0.0964 ] 
2025-04-13 12:22:07,518 - Epoch  12 Validation set [recall@5: 0.0670 recall@10: 0.1058 recall@20: 0.1598 ] [ndcg@5: 0.0670 ndcg@10: 0.0803 ndcg@20: 0.0978 ] 
2025-04-13 12:22:20,421 - Epoch  15 Validation set [recall@5: 0.0673 recall@10: 0.1059 recall@20: 0.1613 ] [ndcg@5: 0.0675 ndcg@10: 0.0806 ndcg@20: 0.0987 ] 
2025-04-13 12:22:32,849 - Epoch  18 Validation set [recall@5: 0.0684 recall@10: 0.1071 recall@20: 0.1610 ] [ndcg@5: 0.0682 ndcg@10: 0.0813 ndcg@20: 0.0990 ] 
2025-04-13 12:22:45,321 - Epoch  21 Validation set [recall@5: 0.0683 recall@10: 0.1072 recall@20: 0.1610 ] [ndcg@5: 0.0679 ndcg@10: 0.0812 ndcg@20: 0.0986 ] 
2025-04-13 12:22:57,778 - Epoch  24 Validation set [recall@5: 0.0684 recall@10: 0.1064 recall@20: 0.1621 ] [ndcg@5: 0.0684 ndcg@10: 0.0813 ndcg@20: 0.0995 ] 
2025-04-13 12:23:10,244 - Epoch  27 Validation set [recall@5: 0.0686 recall@10: 0.1067 recall@20: 0.1613 ] [ndcg@5: 0.0687 ndcg@10: 0.0816 ndcg@20: 0.0995 ] 
2025-04-13 12:23:22,842 - Epoch  30 Validation set [recall@5: 0.0682 recall@10: 0.1068 recall@20: 0.1620 ] [ndcg@5: 0.0687 ndcg@10: 0.0818 ndcg@20: 0.0998 ] 
2025-04-13 12:23:35,518 - Epoch  33 Validation set [recall@5: 0.0689 recall@10: 0.1057 recall@20: 0.1608 ] [ndcg@5: 0.0690 ndcg@10: 0.0815 ndcg@20: 0.0995 ] 
2025-04-13 12:23:48,052 - Epoch  36 Validation set [recall@5: 0.0685 recall@10: 0.1068 recall@20: 0.1613 ] [ndcg@5: 0.0690 ndcg@10: 0.0822 ndcg@20: 0.1000 ] 
2025-04-13 12:24:00,593 - Epoch  39 Validation set [recall@5: 0.0681 recall@10: 0.1065 recall@20: 0.1624 ] [ndcg@5: 0.0687 ndcg@10: 0.0819 ndcg@20: 0.1001 ] 
2025-04-13 12:24:13,445 - Epoch  42 Validation set [recall@5: 0.0686 recall@10: 0.1072 recall@20: 0.1622 ] [ndcg@5: 0.0687 ndcg@10: 0.0819 ndcg@20: 0.0999 ] 
2025-04-13 12:24:26,016 - Epoch  45 Validation set [recall@5: 0.0686 recall@10: 0.1078 recall@20: 0.1630 ] [ndcg@5: 0.0689 ndcg@10: 0.0825 ndcg@20: 0.1004 ] 
2025-04-13 12:24:38,539 - Epoch  48 Validation set [recall@5: 0.0683 recall@10: 0.1075 recall@20: 0.1624 ] [ndcg@5: 0.0688 ndcg@10: 0.0823 ndcg@20: 0.1001 ] 
2025-04-13 12:24:51,085 - Epoch  51 Validation set [recall@5: 0.0687 recall@10: 0.1082 recall@20: 0.1618 ] [ndcg@5: 0.0688 ndcg@10: 0.0824 ndcg@20: 0.0999 ] 
2025-04-13 12:25:03,064 - Epoch  54 Validation set [recall@5: 0.0682 recall@10: 0.1068 recall@20: 0.1617 ] [ndcg@5: 0.0688 ndcg@10: 0.0822 ndcg@20: 0.1001 ] 
2025-04-13 12:25:15,838 - Epoch  57 Validation set [recall@5: 0.0685 recall@10: 0.1082 recall@20: 0.1628 ] [ndcg@5: 0.0686 ndcg@10: 0.0824 ndcg@20: 0.1002 ] 
2025-04-13 12:25:28,201 - Epoch  60 Validation set [recall@5: 0.0692 recall@10: 0.1079 recall@20: 0.1626 ] [ndcg@5: 0.0689 ndcg@10: 0.0823 ndcg@20: 0.1001 ] 
2025-04-13 12:25:30,276 - [recall@5: 0.0686 recall@10: 0.1078 recall@20: 0.1630 ] [ndcg@5: 0.0689 ndcg@10: 0.0825 ndcg@20: 0.1004 ] 
2025-04-13 12:25:32,269 - [recall@5: 0.0688 recall@10: 0.1047 recall@20: 0.1581 ] [ndcg@5: 0.0689 ndcg@10: 0.0811 ndcg@20: 0.0985 ] 
2025-04-13 12:25:32,270 - Best Epoch 45. Final test result: {'recall': array([0.06883438, 0.1047072 , 0.15810484]), 'ndcg': array([0.06887502, 0.08109367, 0.09854301])}.
温度改为0.15