2025-04-13 12:15:11,397 - {'optimizer': {'name': 'adam', 'lr': 0.001, 'weight_decay': 0}, 'train': {'epoch': 3000, 'batch_size': 4096, 'save_model': False, 'loss': 'pairwise', 'test_step': 3, 'reproducible': True, 'seed': 2023, 'patience': 5}, 'test': {'metrics': ['recall', 'ndcg'], 'k': [5, 10, 20], 'batch_size': 1024}, 'data': {'type': 'general_cf', 'name': 'amazon', 'user_num': 11000, 'item_num': 9332}, 'model': {'name': 'xsimgcl', 'keep_rate': 1.0, 'embedding_size': 64, 'layer_num': 3, 'reg_weight': 1e-05, 'cl_weight': 0.1, 'temperature': 0.2, 'eps': 0.9, 'amazon': {'layer_num': 3, 'reg_weight': 1e-05, 'cl_weight': 0.1, 'temperature': 0.2, 'eps': 0.9}, 'yelp': {'layer_num': 3, 'reg_weight': 1e-05, 'cl_weight': 0.1, 'temperature': 0.2, 'eps': 0.9}, 'steam': {'layer_num': 3, 'reg_weight': 1e-05, 'cl_weight': 0.1, 'temperature': 0.5, 'eps': 0.2}}}
2025-04-13 12:15:24,994 - Epoch   0 Validation set [recall@5: 0.0417 recall@10: 0.0665 recall@20: 0.1016 ] [ndcg@5: 0.0413 ndcg@10: 0.0498 ndcg@20: 0.0613 ] 
2025-04-13 12:15:29,210 - Epoch   3 Validation set [recall@5: 0.0532 recall@10: 0.0831 recall@20: 0.1279 ] [ndcg@5: 0.0530 ndcg@10: 0.0628 ndcg@20: 0.0774 ] 
2025-04-13 12:15:33,501 - Epoch   6 Validation set [recall@5: 0.0552 recall@10: 0.0863 recall@20: 0.1341 ] [ndcg@5: 0.0551 ndcg@10: 0.0655 ndcg@20: 0.0809 ] 
2025-04-13 12:15:37,908 - Epoch   9 Validation set [recall@5: 0.0569 recall@10: 0.0880 recall@20: 0.1368 ] [ndcg@5: 0.0565 ndcg@10: 0.0667 ndcg@20: 0.0824 ] 
2025-04-13 12:15:42,262 - Epoch  12 Validation set [recall@5: 0.0576 recall@10: 0.0895 recall@20: 0.1373 ] [ndcg@5: 0.0571 ndcg@10: 0.0679 ndcg@20: 0.0833 ] 
2025-04-13 12:15:46,457 - Epoch  15 Validation set [recall@5: 0.0584 recall@10: 0.0897 recall@20: 0.1372 ] [ndcg@5: 0.0579 ndcg@10: 0.0682 ndcg@20: 0.0835 ] 
2025-04-13 12:15:50,734 - Epoch  18 Validation set [recall@5: 0.0584 recall@10: 0.0904 recall@20: 0.1379 ] [ndcg@5: 0.0579 ndcg@10: 0.0687 ndcg@20: 0.0839 ] 
2025-04-13 12:15:55,268 - Epoch  21 Validation set [recall@5: 0.0586 recall@10: 0.0897 recall@20: 0.1389 ] [ndcg@5: 0.0581 ndcg@10: 0.0685 ndcg@20: 0.0843 ] 
2025-04-13 12:15:59,499 - Epoch  24 Validation set [recall@5: 0.0589 recall@10: 0.0893 recall@20: 0.1392 ] [ndcg@5: 0.0583 ndcg@10: 0.0684 ndcg@20: 0.0845 ] 
2025-04-13 12:16:04,002 - Epoch  27 Validation set [recall@5: 0.0579 recall@10: 0.0895 recall@20: 0.1391 ] [ndcg@5: 0.0576 ndcg@10: 0.0681 ndcg@20: 0.0841 ] 
2025-04-13 12:16:08,360 - Epoch  30 Validation set [recall@5: 0.0578 recall@10: 0.0897 recall@20: 0.1402 ] [ndcg@5: 0.0576 ndcg@10: 0.0684 ndcg@20: 0.0847 ] 
2025-04-13 12:16:12,701 - Epoch  33 Validation set [recall@5: 0.0584 recall@10: 0.0907 recall@20: 0.1394 ] [ndcg@5: 0.0581 ndcg@10: 0.0689 ndcg@20: 0.0847 ] 
2025-04-13 12:16:17,024 - Epoch  36 Validation set [recall@5: 0.0591 recall@10: 0.0904 recall@20: 0.1400 ] [ndcg@5: 0.0583 ndcg@10: 0.0688 ndcg@20: 0.0849 ] 
2025-04-13 12:16:21,774 - Epoch  39 Validation set [recall@5: 0.0583 recall@10: 0.0903 recall@20: 0.1401 ] [ndcg@5: 0.0581 ndcg@10: 0.0688 ndcg@20: 0.0849 ] 
2025-04-13 12:16:26,109 - Epoch  42 Validation set [recall@5: 0.0585 recall@10: 0.0898 recall@20: 0.1411 ] [ndcg@5: 0.0580 ndcg@10: 0.0686 ndcg@20: 0.0851 ] 
2025-04-13 12:16:30,548 - Epoch  45 Validation set [recall@5: 0.0585 recall@10: 0.0907 recall@20: 0.1398 ] [ndcg@5: 0.0583 ndcg@10: 0.0690 ndcg@20: 0.0849 ] 
2025-04-13 12:16:35,026 - Epoch  48 Validation set [recall@5: 0.0586 recall@10: 0.0900 recall@20: 0.1387 ] [ndcg@5: 0.0583 ndcg@10: 0.0687 ndcg@20: 0.0844 ] 
2025-04-13 12:16:39,388 - Epoch  51 Validation set [recall@5: 0.0576 recall@10: 0.0898 recall@20: 0.1402 ] [ndcg@5: 0.0577 ndcg@10: 0.0685 ndcg@20: 0.0848 ] 
2025-04-13 12:16:43,662 - Epoch  54 Validation set [recall@5: 0.0585 recall@10: 0.0899 recall@20: 0.1406 ] [ndcg@5: 0.0581 ndcg@10: 0.0686 ndcg@20: 0.0850 ] 
2025-04-13 12:16:47,889 - Epoch  57 Validation set [recall@5: 0.0588 recall@10: 0.0905 recall@20: 0.1407 ] [ndcg@5: 0.0584 ndcg@10: 0.0690 ndcg@20: 0.0852 ] 
2025-04-13 12:16:49,415 - [recall@5: 0.0585 recall@10: 0.0898 recall@20: 0.1411 ] [ndcg@5: 0.0580 ndcg@10: 0.0686 ndcg@20: 0.0851 ] 
2025-04-13 12:16:51,042 - [recall@5: 0.0564 recall@10: 0.0898 recall@20: 0.1380 ] [ndcg@5: 0.0576 ndcg@10: 0.0688 ndcg@20: 0.0845 ] 
2025-04-13 12:16:51,043 - Best Epoch 42. Final test result: {'recall': array([0.05635505, 0.08977526, 0.13799913]), 'ndcg': array([0.05756968, 0.0688051 , 0.08453328])}.
把原来的embedding size改为64