2025-04-16 15:15:32,920 - {'optimizer': {'name': 'adam', 'lr': 0.001, 'weight_decay': 0}, 'train': {'epoch': 3000, 'batch_size': 4096, 'save_model': False, 'loss': 'pairwise', 'test_step': 3, 'reproducible': True, 'seed': 2023, 'patience': 5}, 'test': {'metrics': ['recall', 'ndcg'], 'k': [5, 10, 20], 'batch_size': 1024}, 'data': {'type': 'general_cf', 'name': 'amazon', 'user_num': 11000, 'item_num': 9332}, 'model': {'name': 'lightgcnwithweightedsum', 'keep_rate': 0.8, 'embedding_size': 32, 'layer_num': 3, 'reg_weight': 1e-06, 'amazon': {'layer_num': 3, 'reg_weight': 1e-06}, 'yelp': {'layer_num': 3, 'reg_weight': 1e-06}, 'steam': {'layer_num': 2, 'reg_weight': 1e-06}}}
2025-04-16 15:15:54,714 - Epoch   0 Validation set [recall@5: 0.0184 recall@10: 0.0315 recall@20: 0.0521 ] [ndcg@5: 0.0183 ndcg@10: 0.0231 ndcg@20: 0.0297 ] 
2025-04-16 15:16:22,008 - Epoch   3 Validation set [recall@5: 0.0181 recall@10: 0.0301 recall@20: 0.0513 ] [ndcg@5: 0.0181 ndcg@10: 0.0225 ndcg@20: 0.0294 ] 
2025-04-16 15:16:47,485 - Epoch   6 Validation set [recall@5: 0.0198 recall@10: 0.0333 recall@20: 0.0555 ] [ndcg@5: 0.0204 ndcg@10: 0.0250 ndcg@20: 0.0322 ] 
2025-04-16 15:17:13,466 - Epoch   9 Validation set [recall@5: 0.0230 recall@10: 0.0386 recall@20: 0.0622 ] [ndcg@5: 0.0234 ndcg@10: 0.0288 ndcg@20: 0.0365 ] 
2025-04-16 15:17:40,074 - Epoch  12 Validation set [recall@5: 0.0259 recall@10: 0.0425 recall@20: 0.0680 ] [ndcg@5: 0.0262 ndcg@10: 0.0320 ndcg@20: 0.0402 ] 
2025-04-16 15:18:07,299 - Epoch  15 Validation set [recall@5: 0.0286 recall@10: 0.0456 recall@20: 0.0743 ] [ndcg@5: 0.0287 ndcg@10: 0.0346 ndcg@20: 0.0438 ] 
2025-04-16 15:18:34,264 - Epoch  18 Validation set [recall@5: 0.0307 recall@10: 0.0488 recall@20: 0.0786 ] [ndcg@5: 0.0308 ndcg@10: 0.0369 ndcg@20: 0.0465 ] 
2025-04-16 15:19:01,240 - Epoch  21 Validation set [recall@5: 0.0322 recall@10: 0.0517 recall@20: 0.0836 ] [ndcg@5: 0.0326 ndcg@10: 0.0391 ndcg@20: 0.0494 ] 
2025-04-16 15:19:28,188 - Epoch  24 Validation set [recall@5: 0.0343 recall@10: 0.0553 recall@20: 0.0884 ] [ndcg@5: 0.0345 ndcg@10: 0.0415 ndcg@20: 0.0522 ] 
2025-04-16 15:19:55,737 - Epoch  27 Validation set [recall@5: 0.0359 recall@10: 0.0580 recall@20: 0.0934 ] [ndcg@5: 0.0362 ndcg@10: 0.0436 ndcg@20: 0.0550 ] 
2025-04-16 15:20:23,714 - Epoch  30 Validation set [recall@5: 0.0365 recall@10: 0.0598 recall@20: 0.0965 ] [ndcg@5: 0.0373 ndcg@10: 0.0453 ndcg@20: 0.0571 ] 
2025-04-16 15:20:49,911 - Epoch  33 Validation set [recall@5: 0.0383 recall@10: 0.0622 recall@20: 0.0992 ] [ndcg@5: 0.0387 ndcg@10: 0.0469 ndcg@20: 0.0589 ] 
2025-04-16 15:21:18,611 - Epoch  36 Validation set [recall@5: 0.0398 recall@10: 0.0642 recall@20: 0.1027 ] [ndcg@5: 0.0402 ndcg@10: 0.0488 ndcg@20: 0.0612 ] 
2025-04-16 15:21:44,180 - Epoch  39 Validation set [recall@5: 0.0408 recall@10: 0.0668 recall@20: 0.1045 ] [ndcg@5: 0.0411 ndcg@10: 0.0502 ndcg@20: 0.0624 ] 
2025-04-16 15:22:12,652 - Epoch  42 Validation set [recall@5: 0.0417 recall@10: 0.0683 recall@20: 0.1057 ] [ndcg@5: 0.0421 ndcg@10: 0.0514 ndcg@20: 0.0635 ] 
2025-04-16 15:22:39,748 - Epoch  45 Validation set [recall@5: 0.0424 recall@10: 0.0696 recall@20: 0.1080 ] [ndcg@5: 0.0428 ndcg@10: 0.0522 ndcg@20: 0.0647 ] 
2025-04-16 15:23:07,890 - Epoch  48 Validation set [recall@5: 0.0434 recall@10: 0.0708 recall@20: 0.1097 ] [ndcg@5: 0.0439 ndcg@10: 0.0533 ndcg@20: 0.0658 ] 
2025-04-16 15:23:35,111 - Epoch  51 Validation set [recall@5: 0.0441 recall@10: 0.0713 recall@20: 0.1110 ] [ndcg@5: 0.0446 ndcg@10: 0.0539 ndcg@20: 0.0666 ] 
2025-04-16 15:24:03,256 - Epoch  54 Validation set [recall@5: 0.0451 recall@10: 0.0716 recall@20: 0.1128 ] [ndcg@5: 0.0454 ndcg@10: 0.0542 ndcg@20: 0.0676 ] 
2025-04-16 15:24:31,923 - Epoch  57 Validation set [recall@5: 0.0444 recall@10: 0.0714 recall@20: 0.1132 ] [ndcg@5: 0.0453 ndcg@10: 0.0545 ndcg@20: 0.0680 ] 
2025-04-16 15:24:58,285 - Epoch  60 Validation set [recall@5: 0.0461 recall@10: 0.0733 recall@20: 0.1154 ] [ndcg@5: 0.0464 ndcg@10: 0.0555 ndcg@20: 0.0691 ] 
2025-04-16 15:25:24,106 - Epoch  63 Validation set [recall@5: 0.0471 recall@10: 0.0750 recall@20: 0.1158 ] [ndcg@5: 0.0471 ndcg@10: 0.0564 ndcg@20: 0.0697 ] 
2025-04-16 15:25:48,851 - Epoch  66 Validation set [recall@5: 0.0476 recall@10: 0.0758 recall@20: 0.1169 ] [ndcg@5: 0.0473 ndcg@10: 0.0570 ndcg@20: 0.0703 ] 
2025-04-16 15:26:17,618 - Epoch  69 Validation set [recall@5: 0.0480 recall@10: 0.0768 recall@20: 0.1175 ] [ndcg@5: 0.0482 ndcg@10: 0.0580 ndcg@20: 0.0711 ] 
2025-04-16 15:26:43,513 - Epoch  72 Validation set [recall@5: 0.0490 recall@10: 0.0777 recall@20: 0.1189 ] [ndcg@5: 0.0488 ndcg@10: 0.0585 ndcg@20: 0.0719 ] 
2025-04-16 15:27:11,098 - Epoch  75 Validation set [recall@5: 0.0498 recall@10: 0.0776 recall@20: 0.1201 ] [ndcg@5: 0.0498 ndcg@10: 0.0589 ndcg@20: 0.0728 ] 
2025-04-16 15:27:38,512 - Epoch  78 Validation set [recall@5: 0.0489 recall@10: 0.0780 recall@20: 0.1212 ] [ndcg@5: 0.0490 ndcg@10: 0.0589 ndcg@20: 0.0730 ] 
2025-04-16 15:28:04,364 - Epoch  81 Validation set [recall@5: 0.0493 recall@10: 0.0783 recall@20: 0.1209 ] [ndcg@5: 0.0494 ndcg@10: 0.0592 ndcg@20: 0.0730 ] 
2025-04-16 15:28:31,108 - Epoch  84 Validation set [recall@5: 0.0493 recall@10: 0.0788 recall@20: 0.1222 ] [ndcg@5: 0.0499 ndcg@10: 0.0599 ndcg@20: 0.0740 ] 
2025-04-16 15:28:57,181 - Epoch  87 Validation set [recall@5: 0.0491 recall@10: 0.0794 recall@20: 0.1237 ] [ndcg@5: 0.0504 ndcg@10: 0.0606 ndcg@20: 0.0750 ] 
2025-04-16 15:29:21,841 - Epoch  90 Validation set [recall@5: 0.0496 recall@10: 0.0786 recall@20: 0.1248 ] [ndcg@5: 0.0506 ndcg@10: 0.0601 ndcg@20: 0.0751 ] 
2025-04-16 15:29:46,944 - Epoch  93 Validation set [recall@5: 0.0502 recall@10: 0.0799 recall@20: 0.1245 ] [ndcg@5: 0.0508 ndcg@10: 0.0608 ndcg@20: 0.0752 ] 
2025-04-16 15:30:10,979 - Epoch  96 Validation set [recall@5: 0.0510 recall@10: 0.0809 recall@20: 0.1258 ] [ndcg@5: 0.0514 ndcg@10: 0.0613 ndcg@20: 0.0758 ] 
2025-04-16 15:30:37,037 - Epoch  99 Validation set [recall@5: 0.0509 recall@10: 0.0818 recall@20: 0.1255 ] [ndcg@5: 0.0515 ndcg@10: 0.0617 ndcg@20: 0.0760 ] 
2025-04-16 15:31:03,572 - Epoch 102 Validation set [recall@5: 0.0518 recall@10: 0.0813 recall@20: 0.1262 ] [ndcg@5: 0.0521 ndcg@10: 0.0619 ndcg@20: 0.0765 ] 
2025-04-16 15:31:26,132 - Epoch 105 Validation set [recall@5: 0.0511 recall@10: 0.0823 recall@20: 0.1271 ] [ndcg@5: 0.0519 ndcg@10: 0.0622 ndcg@20: 0.0768 ] 
2025-04-16 15:31:53,588 - Epoch 108 Validation set [recall@5: 0.0514 recall@10: 0.0826 recall@20: 0.1276 ] [ndcg@5: 0.0522 ndcg@10: 0.0625 ndcg@20: 0.0773 ] 
2025-04-16 15:32:22,213 - Epoch 111 Validation set [recall@5: 0.0523 recall@10: 0.0826 recall@20: 0.1271 ] [ndcg@5: 0.0524 ndcg@10: 0.0625 ndcg@20: 0.0771 ] 
2025-04-16 15:32:50,437 - Epoch 114 Validation set [recall@5: 0.0518 recall@10: 0.0834 recall@20: 0.1285 ] [ndcg@5: 0.0527 ndcg@10: 0.0633 ndcg@20: 0.0780 ] 
2025-04-16 15:33:17,062 - Epoch 117 Validation set [recall@5: 0.0524 recall@10: 0.0844 recall@20: 0.1299 ] [ndcg@5: 0.0526 ndcg@10: 0.0636 ndcg@20: 0.0783 ] 
2025-04-16 15:33:41,475 - Epoch 120 Validation set [recall@5: 0.0535 recall@10: 0.0841 recall@20: 0.1310 ] [ndcg@5: 0.0537 ndcg@10: 0.0640 ndcg@20: 0.0792 ] 
2025-04-16 15:34:09,649 - Epoch 123 Validation set [recall@5: 0.0546 recall@10: 0.0855 recall@20: 0.1308 ] [ndcg@5: 0.0541 ndcg@10: 0.0645 ndcg@20: 0.0792 ] 
2025-04-16 15:34:34,861 - Epoch 126 Validation set [recall@5: 0.0538 recall@10: 0.0854 recall@20: 0.1302 ] [ndcg@5: 0.0538 ndcg@10: 0.0646 ndcg@20: 0.0792 ] 
2025-04-16 15:35:00,895 - Epoch 129 Validation set [recall@5: 0.0542 recall@10: 0.0854 recall@20: 0.1319 ] [ndcg@5: 0.0539 ndcg@10: 0.0646 ndcg@20: 0.0796 ] 
2025-04-16 15:35:28,647 - Epoch 132 Validation set [recall@5: 0.0539 recall@10: 0.0845 recall@20: 0.1304 ] [ndcg@5: 0.0541 ndcg@10: 0.0643 ndcg@20: 0.0791 ] 
2025-04-16 15:35:52,474 - Epoch 135 Validation set [recall@5: 0.0529 recall@10: 0.0850 recall@20: 0.1319 ] [ndcg@5: 0.0538 ndcg@10: 0.0647 ndcg@20: 0.0798 ] 
2025-04-16 15:36:17,475 - Epoch 138 Validation set [recall@5: 0.0537 recall@10: 0.0852 recall@20: 0.1311 ] [ndcg@5: 0.0548 ndcg@10: 0.0653 ndcg@20: 0.0801 ] 
2025-04-16 15:36:43,790 - Epoch 141 Validation set [recall@5: 0.0528 recall@10: 0.0853 recall@20: 0.1311 ] [ndcg@5: 0.0541 ndcg@10: 0.0650 ndcg@20: 0.0799 ] 
2025-04-16 15:37:11,845 - Epoch 144 Validation set [recall@5: 0.0536 recall@10: 0.0851 recall@20: 0.1315 ] [ndcg@5: 0.0545 ndcg@10: 0.0649 ndcg@20: 0.0799 ] 
2025-04-16 15:37:13,335 - [recall@5: 0.0542 recall@10: 0.0854 recall@20: 0.1319 ] [ndcg@5: 0.0539 ndcg@10: 0.0646 ndcg@20: 0.0796 ] 
2025-04-16 15:37:14,924 - [recall@5: 0.0522 recall@10: 0.0846 recall@20: 0.1290 ] [ndcg@5: 0.0529 ndcg@10: 0.0641 ndcg@20: 0.0786 ] 
2025-04-16 15:37:14,925 - Best Epoch 129. Final test result: {'recall': array([0.05215634, 0.08457755, 0.12896452]), 'ndcg': array([0.05290291, 0.06409109, 0.07861007])}.
