2025-04-27 03:37:06,408 - {'optimizer': {'name': 'adam', 'lr': 0.001, 'weight_decay': 0}, 'train': {'epoch': 3000, 'batch_size': 4096, 'save_model': False, 'loss': 'pairwise', 'log_loss': False, 'test_step': 3, 'reproducible': True, 'seed': 2023, 'patience': 5, 'trainer': 'autocf_trainer'}, 'test': {'metrics': ['recall', 'ndcg'], 'k': [5, 10, 20], 'batch_size': 1024}, 'data': {'type': 'general_cf', 'name': 'amazon', 'user_num': 11000, 'item_num': 9332}, 'model': {'name': 'autocf', 'embedding_size': 32, 'keep_rate': 0.2, 'gt_layer': 1, 'head_num': 4, 'seed_num': 100, 'mask_depth': 2, 'fix_steps': 10, 'gcn_layer': 2, 'reg_weight': 1e-06, 'ssl_reg': 1, 'amazon': {'gcn_layer': 2, 'reg_weight': 1e-06, 'ssl_reg': 5}, 'yelp': {'gcn_layer': 3, 'reg_weight': 1e-07, 'ssl_reg': 2}, 'steam': {'gcn_layer': 2, 'reg_weight': 1e-06, 'ssl_reg': 0.5}}}
2025-04-27 03:37:43,413 - Epoch   0 Validation set [recall@5: 0.0140 recall@10: 0.0230 recall@20: 0.0369 ] [ndcg@5: 0.0140 ndcg@10: 0.0171 ndcg@20: 0.0215 ] 
2025-04-27 03:38:27,848 - Epoch   3 Validation set [recall@5: 0.0323 recall@10: 0.0516 recall@20: 0.0798 ] [ndcg@5: 0.0319 ndcg@10: 0.0386 ndcg@20: 0.0478 ] 
2025-04-27 03:39:06,122 - Epoch   6 Validation set [recall@5: 0.0479 recall@10: 0.0745 recall@20: 0.1161 ] [ndcg@5: 0.0482 ndcg@10: 0.0570 ndcg@20: 0.0704 ] 
2025-04-27 03:39:47,951 - Epoch   9 Validation set [recall@5: 0.0568 recall@10: 0.0887 recall@20: 0.1352 ] [ndcg@5: 0.0573 ndcg@10: 0.0677 ndcg@20: 0.0829 ] 
2025-04-27 03:40:27,857 - Epoch  12 Validation set [recall@5: 0.0635 recall@10: 0.0965 recall@20: 0.1447 ] [ndcg@5: 0.0635 ndcg@10: 0.0744 ndcg@20: 0.0902 ] 
2025-04-27 03:41:06,392 - Epoch  15 Validation set [recall@5: 0.0676 recall@10: 0.1015 recall@20: 0.1477 ] [ndcg@5: 0.0672 ndcg@10: 0.0784 ndcg@20: 0.0936 ] 
2025-04-27 03:41:45,226 - Epoch  18 Validation set [recall@5: 0.0698 recall@10: 0.1035 recall@20: 0.1516 ] [ndcg@5: 0.0692 ndcg@10: 0.0803 ndcg@20: 0.0962 ] 
2025-04-27 03:42:24,285 - Epoch  21 Validation set [recall@5: 0.0688 recall@10: 0.1055 recall@20: 0.1530 ] [ndcg@5: 0.0688 ndcg@10: 0.0814 ndcg@20: 0.0968 ] 
2025-04-27 03:43:05,505 - Epoch  24 Validation set [recall@5: 0.0692 recall@10: 0.1065 recall@20: 0.1542 ] [ndcg@5: 0.0696 ndcg@10: 0.0822 ndcg@20: 0.0978 ] 
2025-04-27 03:43:45,273 - Epoch  27 Validation set [recall@5: 0.0707 recall@10: 0.1084 recall@20: 0.1549 ] [ndcg@5: 0.0704 ndcg@10: 0.0830 ndcg@20: 0.0982 ] 
2025-04-27 03:44:26,607 - Epoch  30 Validation set [recall@5: 0.0718 recall@10: 0.1080 recall@20: 0.1559 ] [ndcg@5: 0.0710 ndcg@10: 0.0829 ndcg@20: 0.0984 ] 
2025-04-27 03:45:07,549 - Epoch  33 Validation set [recall@5: 0.0711 recall@10: 0.1072 recall@20: 0.1559 ] [ndcg@5: 0.0715 ndcg@10: 0.0833 ndcg@20: 0.0992 ] 
2025-04-27 03:45:50,162 - Epoch  36 Validation set [recall@5: 0.0714 recall@10: 0.1078 recall@20: 0.1555 ] [ndcg@5: 0.0717 ndcg@10: 0.0836 ndcg@20: 0.0992 ] 
2025-04-27 03:46:26,269 - Epoch  39 Validation set [recall@5: 0.0719 recall@10: 0.1077 recall@20: 0.1568 ] [ndcg@5: 0.0717 ndcg@10: 0.0835 ndcg@20: 0.0995 ] 
2025-04-27 03:47:05,143 - Epoch  42 Validation set [recall@5: 0.0730 recall@10: 0.1073 recall@20: 0.1558 ] [ndcg@5: 0.0728 ndcg@10: 0.0839 ndcg@20: 0.0996 ] 
2025-04-27 03:47:46,600 - Epoch  45 Validation set [recall@5: 0.0720 recall@10: 0.1075 recall@20: 0.1570 ] [ndcg@5: 0.0725 ndcg@10: 0.0841 ndcg@20: 0.1002 ] 
2025-04-27 03:48:28,445 - Epoch  48 Validation set [recall@5: 0.0729 recall@10: 0.1078 recall@20: 0.1572 ] [ndcg@5: 0.0727 ndcg@10: 0.0842 ndcg@20: 0.1002 ] 
2025-04-27 03:49:06,474 - Epoch  51 Validation set [recall@5: 0.0726 recall@10: 0.1079 recall@20: 0.1562 ] [ndcg@5: 0.0726 ndcg@10: 0.0843 ndcg@20: 0.1001 ] 
2025-04-27 03:49:44,887 - Epoch  54 Validation set [recall@5: 0.0719 recall@10: 0.1080 recall@20: 0.1572 ] [ndcg@5: 0.0724 ndcg@10: 0.0843 ndcg@20: 0.1002 ] 
2025-04-27 03:50:23,103 - Epoch  57 Validation set [recall@5: 0.0725 recall@10: 0.1080 recall@20: 0.1583 ] [ndcg@5: 0.0727 ndcg@10: 0.0843 ndcg@20: 0.1006 ] 
2025-04-27 03:51:05,125 - Epoch  60 Validation set [recall@5: 0.0731 recall@10: 0.1083 recall@20: 0.1581 ] [ndcg@5: 0.0733 ndcg@10: 0.0847 ndcg@20: 0.1009 ] 
2025-04-27 03:51:47,858 - Epoch  63 Validation set [recall@5: 0.0726 recall@10: 0.1087 recall@20: 0.1571 ] [ndcg@5: 0.0730 ndcg@10: 0.0848 ndcg@20: 0.1006 ] 
2025-04-27 03:52:31,736 - Epoch  66 Validation set [recall@5: 0.0727 recall@10: 0.1093 recall@20: 0.1583 ] [ndcg@5: 0.0730 ndcg@10: 0.0850 ndcg@20: 0.1010 ] 
2025-04-27 03:53:14,879 - Epoch  69 Validation set [recall@5: 0.0733 recall@10: 0.1088 recall@20: 0.1583 ] [ndcg@5: 0.0737 ndcg@10: 0.0851 ndcg@20: 0.1013 ] 
2025-04-27 03:53:52,342 - Epoch  72 Validation set [recall@5: 0.0735 recall@10: 0.1092 recall@20: 0.1582 ] [ndcg@5: 0.0736 ndcg@10: 0.0852 ndcg@20: 0.1011 ] 
2025-04-27 03:54:32,636 - Epoch  75 Validation set [recall@5: 0.0739 recall@10: 0.1081 recall@20: 0.1575 ] [ndcg@5: 0.0740 ndcg@10: 0.0850 ndcg@20: 0.1011 ] 
2025-04-27 03:55:13,749 - Epoch  78 Validation set [recall@5: 0.0730 recall@10: 0.1082 recall@20: 0.1583 ] [ndcg@5: 0.0731 ndcg@10: 0.0845 ndcg@20: 0.1007 ] 
2025-04-27 03:55:53,975 - Epoch  81 Validation set [recall@5: 0.0732 recall@10: 0.1085 recall@20: 0.1583 ] [ndcg@5: 0.0737 ndcg@10: 0.0852 ndcg@20: 0.1014 ] 
2025-04-27 03:55:57,864 - [recall@5: 0.0727 recall@10: 0.1093 recall@20: 0.1583 ] [ndcg@5: 0.0730 ndcg@10: 0.0850 ndcg@20: 0.1010 ] 
2025-04-27 03:56:01,391 - [recall@5: 0.0688 recall@10: 0.1058 recall@20: 0.1559 ] [ndcg@5: 0.0714 ndcg@10: 0.0837 ndcg@20: 0.0998 ] 
2025-04-27 03:56:01,393 - Best Epoch 66. Final test result: {'recall': array([0.06883898, 0.10580438, 0.15585212]), 'ndcg': array([0.07135409, 0.08373341, 0.09984706])}.
