2025-04-09 04:04:49,893 - {'optimizer': {'name': 'adam', 'lr': 0.001, 'weight_decay': 0}, 'train': {'epoch': 3000, 'batch_size': 4096, 'save_model': False, 'loss': 'pairwise', 'test_step': 3, 'reproducible': True, 'seed': 2023, 'patience': 5}, 'test': {'metrics': ['recall', 'ndcg'], 'k': [5, 10, 20], 'batch_size': 1024}, 'data': {'type': 'general_cf', 'name': 'amazon', 'user_num': 11000, 'item_num': 9332}, 'model': {'name': 'dccf', 'embedding_size': 32, 'intent_num': 128, 'layer_num': 2, 'reg_weight': 0.0001, 'cl_weight': 0.001, 'temperature': 0.1, 'amazon': {'layer_num': 2, 'reg_weight': 0.0001, 'cl_weight': 0.001, 'temperature': 0.1}, 'yelp': {'layer_num': 2, 'reg_weight': 0.0001, 'cl_weight': 0.001, 'temperature': 0.1}, 'steam': {'layer_num': 3, 'reg_weight': 0.001, 'cl_weight': 0.001, 'temperature': 0.1}}}
2025-04-09 04:04:55,295 - Epoch   0 Validation set [recall@5: 0.0296 recall@10: 0.0483 recall@20: 0.0739 ] [ndcg@5: 0.0307 ndcg@10: 0.0371 ndcg@20: 0.0456 ] 
2025-04-09 04:05:02,857 - Epoch   3 Validation set [recall@5: 0.0525 recall@10: 0.0851 recall@20: 0.1277 ] [ndcg@5: 0.0527 ndcg@10: 0.0640 ndcg@20: 0.0780 ] 
2025-04-09 04:05:10,228 - Epoch   6 Validation set [recall@5: 0.0591 recall@10: 0.0927 recall@20: 0.1383 ] [ndcg@5: 0.0587 ndcg@10: 0.0705 ndcg@20: 0.0854 ] 
2025-04-09 04:05:17,667 - Epoch   9 Validation set [recall@5: 0.0628 recall@10: 0.0960 recall@20: 0.1432 ] [ndcg@5: 0.0629 ndcg@10: 0.0741 ndcg@20: 0.0895 ] 
2025-04-09 04:05:24,985 - Epoch  12 Validation set [recall@5: 0.0643 recall@10: 0.1005 recall@20: 0.1470 ] [ndcg@5: 0.0641 ndcg@10: 0.0769 ndcg@20: 0.0921 ] 
2025-04-09 04:05:32,418 - Epoch  15 Validation set [recall@5: 0.0666 recall@10: 0.1008 recall@20: 0.1473 ] [ndcg@5: 0.0664 ndcg@10: 0.0780 ndcg@20: 0.0932 ] 
2025-04-09 04:05:40,048 - Epoch  18 Validation set [recall@5: 0.0673 recall@10: 0.1022 recall@20: 0.1508 ] [ndcg@5: 0.0667 ndcg@10: 0.0786 ndcg@20: 0.0945 ] 
2025-04-09 04:05:47,887 - Epoch  21 Validation set [recall@5: 0.0681 recall@10: 0.1028 recall@20: 0.1532 ] [ndcg@5: 0.0672 ndcg@10: 0.0790 ndcg@20: 0.0955 ] 
2025-04-09 04:05:55,291 - Epoch  24 Validation set [recall@5: 0.0681 recall@10: 0.1035 recall@20: 0.1524 ] [ndcg@5: 0.0679 ndcg@10: 0.0801 ndcg@20: 0.0961 ] 
2025-04-09 04:06:02,881 - Epoch  27 Validation set [recall@5: 0.0686 recall@10: 0.1029 recall@20: 0.1545 ] [ndcg@5: 0.0681 ndcg@10: 0.0798 ndcg@20: 0.0965 ] 
2025-04-09 04:06:10,297 - Epoch  30 Validation set [recall@5: 0.0689 recall@10: 0.1030 recall@20: 0.1524 ] [ndcg@5: 0.0682 ndcg@10: 0.0796 ndcg@20: 0.0958 ] 
2025-04-09 04:06:17,412 - Epoch  33 Validation set [recall@5: 0.0702 recall@10: 0.1049 recall@20: 0.1526 ] [ndcg@5: 0.0691 ndcg@10: 0.0809 ndcg@20: 0.0965 ] 
2025-04-09 04:06:24,655 - Epoch  36 Validation set [recall@5: 0.0695 recall@10: 0.1047 recall@20: 0.1520 ] [ndcg@5: 0.0690 ndcg@10: 0.0807 ndcg@20: 0.0963 ] 
2025-04-09 04:06:31,487 - Epoch  39 Validation set [recall@5: 0.0699 recall@10: 0.1045 recall@20: 0.1553 ] [ndcg@5: 0.0700 ndcg@10: 0.0816 ndcg@20: 0.0982 ] 
2025-04-09 04:06:38,849 - Epoch  42 Validation set [recall@5: 0.0692 recall@10: 0.1051 recall@20: 0.1540 ] [ndcg@5: 0.0680 ndcg@10: 0.0804 ndcg@20: 0.0965 ] 
2025-04-09 04:06:46,015 - Epoch  45 Validation set [recall@5: 0.0684 recall@10: 0.1047 recall@20: 0.1543 ] [ndcg@5: 0.0682 ndcg@10: 0.0806 ndcg@20: 0.0970 ] 
2025-04-09 04:06:53,290 - Epoch  48 Validation set [recall@5: 0.0686 recall@10: 0.1055 recall@20: 0.1551 ] [ndcg@5: 0.0684 ndcg@10: 0.0812 ndcg@20: 0.0974 ] 
2025-04-09 04:07:00,679 - Epoch  51 Validation set [recall@5: 0.0684 recall@10: 0.1038 recall@20: 0.1529 ] [ndcg@5: 0.0677 ndcg@10: 0.0798 ndcg@20: 0.0959 ] 
2025-04-09 04:07:08,008 - Epoch  54 Validation set [recall@5: 0.0690 recall@10: 0.1058 recall@20: 0.1548 ] [ndcg@5: 0.0671 ndcg@10: 0.0801 ndcg@20: 0.0961 ] 
2025-04-09 04:07:10,000 - [recall@5: 0.0699 recall@10: 0.1045 recall@20: 0.1553 ] [ndcg@5: 0.0700 ndcg@10: 0.0816 ndcg@20: 0.0982 ] 
2025-04-09 04:07:11,943 - [recall@5: 0.0670 recall@10: 0.1044 recall@20: 0.1517 ] [ndcg@5: 0.0662 ndcg@10: 0.0791 ndcg@20: 0.0945 ] 
2025-04-09 04:07:11,944 - Best Epoch 39. Final test result: {'recall': array([0.06699493, 0.1043584 , 0.15171393]), 'ndcg': array([0.06618958, 0.07906097, 0.09449404])}.
将dccf的gnn聚合改为了lightGcn的聚合方式