2025-04-13 12:39:29,391 - {'optimizer': {'name': 'adam', 'lr': 0.001, 'weight_decay': 0}, 'train': {'epoch': 3000, 'batch_size': 4096, 'save_model': False, 'loss': 'pairwise', 'test_step': 3, 'reproducible': True, 'seed': 2023, 'patience': 5}, 'test': {'metrics': ['recall', 'ndcg'], 'k': [5, 10, 20], 'batch_size': 1024}, 'data': {'type': 'general_cf', 'name': 'amazon', 'user_num': 11000, 'item_num': 9332}, 'model': {'name': 'dccf', 'embedding_size': 64, 'intent_num': 128, 'layer_num': 2, 'reg_weight': 0.0001, 'cl_weight': 0.001, 'temperature': 0.15, 'amazon': {'layer_num': 2, 'reg_weight': 0.0001, 'cl_weight': 0.001, 'temperature': 0.15}, 'yelp': {'layer_num': 2, 'reg_weight': 0.0001, 'cl_weight': 0.001, 'temperature': 0.1}, 'steam': {'layer_num': 3, 'reg_weight': 0.001, 'cl_weight': 0.001, 'temperature': 0.1}}}
2025-04-13 12:39:41,005 - Epoch   0 Validation set [recall@5: 0.0329 recall@10: 0.0560 recall@20: 0.0873 ] [ndcg@5: 0.0328 ndcg@10: 0.0410 ndcg@20: 0.0512 ] 
2025-04-13 12:39:59,939 - Epoch   3 Validation set [recall@5: 0.0590 recall@10: 0.0917 recall@20: 0.1362 ] [ndcg@5: 0.0579 ndcg@10: 0.0689 ndcg@20: 0.0835 ] 
2025-04-13 12:40:19,355 - Epoch   6 Validation set [recall@5: 0.0650 recall@10: 0.1004 recall@20: 0.1499 ] [ndcg@5: 0.0643 ndcg@10: 0.0763 ndcg@20: 0.0922 ] 
2025-04-13 12:40:38,611 - Epoch   9 Validation set [recall@5: 0.0682 recall@10: 0.1028 recall@20: 0.1542 ] [ndcg@5: 0.0679 ndcg@10: 0.0794 ndcg@20: 0.0960 ] 
2025-04-13 12:40:57,569 - Epoch  12 Validation set [recall@5: 0.0701 recall@10: 0.1072 recall@20: 0.1585 ] [ndcg@5: 0.0689 ndcg@10: 0.0819 ndcg@20: 0.0987 ] 
2025-04-13 12:41:16,358 - Epoch  15 Validation set [recall@5: 0.0702 recall@10: 0.1091 recall@20: 0.1610 ] [ndcg@5: 0.0702 ndcg@10: 0.0833 ndcg@20: 0.1002 ] 
2025-04-13 12:41:35,183 - Epoch  18 Validation set [recall@5: 0.0718 recall@10: 0.1104 recall@20: 0.1625 ] [ndcg@5: 0.0712 ndcg@10: 0.0842 ndcg@20: 0.1012 ] 
2025-04-13 12:41:54,304 - Epoch  21 Validation set [recall@5: 0.0731 recall@10: 0.1108 recall@20: 0.1636 ] [ndcg@5: 0.0716 ndcg@10: 0.0846 ndcg@20: 0.1018 ] 
2025-04-13 12:42:13,353 - Epoch  24 Validation set [recall@5: 0.0727 recall@10: 0.1117 recall@20: 0.1631 ] [ndcg@5: 0.0724 ndcg@10: 0.0854 ndcg@20: 0.1023 ] 
2025-04-13 12:42:32,155 - Epoch  27 Validation set [recall@5: 0.0726 recall@10: 0.1127 recall@20: 0.1637 ] [ndcg@5: 0.0727 ndcg@10: 0.0862 ndcg@20: 0.1031 ] 
2025-04-13 12:42:51,094 - Epoch  30 Validation set [recall@5: 0.0726 recall@10: 0.1123 recall@20: 0.1647 ] [ndcg@5: 0.0711 ndcg@10: 0.0849 ndcg@20: 0.1021 ] 
2025-04-13 12:43:10,250 - Epoch  33 Validation set [recall@5: 0.0735 recall@10: 0.1129 recall@20: 0.1659 ] [ndcg@5: 0.0727 ndcg@10: 0.0863 ndcg@20: 0.1036 ] 
2025-04-13 12:43:29,369 - Epoch  36 Validation set [recall@5: 0.0748 recall@10: 0.1134 recall@20: 0.1673 ] [ndcg@5: 0.0739 ndcg@10: 0.0872 ndcg@20: 0.1049 ] 
2025-04-13 12:43:48,043 - Epoch  39 Validation set [recall@5: 0.0741 recall@10: 0.1116 recall@20: 0.1673 ] [ndcg@5: 0.0734 ndcg@10: 0.0863 ndcg@20: 0.1046 ] 
2025-04-13 12:44:07,118 - Epoch  42 Validation set [recall@5: 0.0740 recall@10: 0.1121 recall@20: 0.1691 ] [ndcg@5: 0.0729 ndcg@10: 0.0860 ndcg@20: 0.1045 ] 
2025-04-13 12:44:26,312 - Epoch  45 Validation set [recall@5: 0.0742 recall@10: 0.1134 recall@20: 0.1671 ] [ndcg@5: 0.0741 ndcg@10: 0.0875 ndcg@20: 0.1049 ] 
2025-04-13 12:44:45,601 - Epoch  48 Validation set [recall@5: 0.0751 recall@10: 0.1149 recall@20: 0.1666 ] [ndcg@5: 0.0742 ndcg@10: 0.0878 ndcg@20: 0.1047 ] 
2025-04-13 12:45:04,484 - Epoch  51 Validation set [recall@5: 0.0735 recall@10: 0.1121 recall@20: 0.1663 ] [ndcg@5: 0.0733 ndcg@10: 0.0867 ndcg@20: 0.1042 ] 
2025-04-13 12:45:23,723 - Epoch  54 Validation set [recall@5: 0.0751 recall@10: 0.1138 recall@20: 0.1670 ] [ndcg@5: 0.0740 ndcg@10: 0.0871 ndcg@20: 0.1048 ] 
2025-04-13 12:45:42,961 - Epoch  57 Validation set [recall@5: 0.0751 recall@10: 0.1136 recall@20: 0.1664 ] [ndcg@5: 0.0751 ndcg@10: 0.0882 ndcg@20: 0.1055 ] 
2025-04-13 12:45:45,030 - [recall@5: 0.0740 recall@10: 0.1121 recall@20: 0.1691 ] [ndcg@5: 0.0729 ndcg@10: 0.0860 ndcg@20: 0.1045 ] 
2025-04-13 12:45:47,105 - [recall@5: 0.0737 recall@10: 0.1121 recall@20: 0.1659 ] [ndcg@5: 0.0728 ndcg@10: 0.0858 ndcg@20: 0.1033 ] 
2025-04-13 12:45:47,105 - Best Epoch 42. Final test result: {'recall': array([0.07366864, 0.11212991, 0.16594958]), 'ndcg': array([0.07276879, 0.08578325, 0.10334637])}.
temperature: 0.15 #原0.1