2025-04-10 12:51:24,793 - {'optimizer': {'name': 'adam', 'lr': 0.001, 'weight_decay': 0}, 'train': {'epoch': 3000, 'batch_size': 4096, 'save_model': False, 'loss': 'pairwise', 'test_step': 3, 'reproducible': True, 'seed': 2023, 'patience': 5}, 'test': {'metrics': ['recall', 'ndcg'], 'k': [5, 10, 20], 'batch_size': 1024}, 'data': {'type': 'general_cf', 'name': 'steam', 'user_num': 23310, 'item_num': 5237}, 'model': {'name': 'dccf', 'embedding_size': 32, 'intent_num': 128, 'layer_num': 2, 'reg_weight': 0.0001, 'cl_weight': 0.001, 'temperature': 0.1, 'amazon': {'layer_num': 2, 'reg_weight': 0.0001, 'cl_weight': 0.001, 'temperature': 0.1}, 'yelp': {'layer_num': 2, 'reg_weight': 0.0001, 'cl_weight': 0.001, 'temperature': 0.1}, 'steam': {'layer_num': 3, 'reg_weight': 0.001, 'cl_weight': 0.001, 'temperature': 0.1}}}
2025-04-10 12:51:36,984 - Epoch   0 Validation set [recall@5: 0.0503 recall@10: 0.0818 recall@20: 0.1307 ] [ndcg@5: 0.0570 ndcg@10: 0.0668 ndcg@20: 0.0831 ] 
2025-04-10 12:52:02,306 - Epoch   3 Validation set [recall@5: 0.0519 recall@10: 0.0855 recall@20: 0.1354 ] [ndcg@5: 0.0582 ndcg@10: 0.0693 ndcg@20: 0.0861 ] 
2025-04-10 12:52:27,953 - Epoch   6 Validation set [recall@5: 0.0542 recall@10: 0.0890 recall@20: 0.1394 ] [ndcg@5: 0.0611 ndcg@10: 0.0724 ndcg@20: 0.0894 ] 
2025-04-10 12:52:53,274 - Epoch   9 Validation set [recall@5: 0.0562 recall@10: 0.0905 recall@20: 0.1422 ] [ndcg@5: 0.0618 ndcg@10: 0.0730 ndcg@20: 0.0904 ] 
2025-04-10 12:53:18,503 - Epoch  12 Validation set [recall@5: 0.0562 recall@10: 0.0909 recall@20: 0.1427 ] [ndcg@5: 0.0625 ndcg@10: 0.0737 ndcg@20: 0.0912 ] 
2025-04-10 12:53:43,994 - Epoch  15 Validation set [recall@5: 0.0567 recall@10: 0.0925 recall@20: 0.1451 ] [ndcg@5: 0.0629 ndcg@10: 0.0745 ndcg@20: 0.0922 ] 
2025-04-10 12:54:09,569 - Epoch  18 Validation set [recall@5: 0.0564 recall@10: 0.0926 recall@20: 0.1445 ] [ndcg@5: 0.0620 ndcg@10: 0.0739 ndcg@20: 0.0914 ] 
2025-04-10 12:54:35,150 - Epoch  21 Validation set [recall@5: 0.0560 recall@10: 0.0924 recall@20: 0.1440 ] [ndcg@5: 0.0622 ndcg@10: 0.0741 ndcg@20: 0.0916 ] 
2025-04-10 12:55:00,612 - Epoch  24 Validation set [recall@5: 0.0558 recall@10: 0.0915 recall@20: 0.1443 ] [ndcg@5: 0.0618 ndcg@10: 0.0734 ndcg@20: 0.0913 ] 
2025-04-10 12:55:25,982 - Epoch  27 Validation set [recall@5: 0.0570 recall@10: 0.0931 recall@20: 0.1454 ] [ndcg@5: 0.0628 ndcg@10: 0.0746 ndcg@20: 0.0922 ] 
2025-04-10 12:55:51,717 - Epoch  30 Validation set [recall@5: 0.0568 recall@10: 0.0922 recall@20: 0.1439 ] [ndcg@5: 0.0622 ndcg@10: 0.0737 ndcg@20: 0.0910 ] 
2025-04-10 12:56:17,278 - Epoch  33 Validation set [recall@5: 0.0565 recall@10: 0.0925 recall@20: 0.1444 ] [ndcg@5: 0.0623 ndcg@10: 0.0741 ndcg@20: 0.0917 ] 
2025-04-10 12:56:42,865 - Epoch  36 Validation set [recall@5: 0.0561 recall@10: 0.0916 recall@20: 0.1438 ] [ndcg@5: 0.0621 ndcg@10: 0.0736 ndcg@20: 0.0912 ] 
2025-04-10 12:57:07,943 - Epoch  39 Validation set [recall@5: 0.0569 recall@10: 0.0925 recall@20: 0.1454 ] [ndcg@5: 0.0628 ndcg@10: 0.0743 ndcg@20: 0.0920 ] 
2025-04-10 12:57:33,574 - Epoch  42 Validation set [recall@5: 0.0566 recall@10: 0.0928 recall@20: 0.1456 ] [ndcg@5: 0.0625 ndcg@10: 0.0742 ndcg@20: 0.0920 ] 
2025-04-10 12:57:59,029 - Epoch  45 Validation set [recall@5: 0.0570 recall@10: 0.0928 recall@20: 0.1461 ] [ndcg@5: 0.0626 ndcg@10: 0.0744 ndcg@20: 0.0923 ] 
2025-04-10 12:58:24,839 - Epoch  48 Validation set [recall@5: 0.0574 recall@10: 0.0937 recall@20: 0.1458 ] [ndcg@5: 0.0622 ndcg@10: 0.0742 ndcg@20: 0.0918 ] 
2025-04-10 12:58:50,493 - Epoch  51 Validation set [recall@5: 0.0569 recall@10: 0.0925 recall@20: 0.1455 ] [ndcg@5: 0.0630 ndcg@10: 0.0744 ndcg@20: 0.0922 ] 
2025-04-10 12:59:15,776 - Epoch  54 Validation set [recall@5: 0.0554 recall@10: 0.0921 recall@20: 0.1453 ] [ndcg@5: 0.0613 ndcg@10: 0.0733 ndcg@20: 0.0912 ] 
2025-04-10 12:59:41,116 - Epoch  57 Validation set [recall@5: 0.0569 recall@10: 0.0937 recall@20: 0.1450 ] [ndcg@5: 0.0626 ndcg@10: 0.0747 ndcg@20: 0.0920 ] 
2025-04-10 13:00:06,687 - Epoch  60 Validation set [recall@5: 0.0574 recall@10: 0.0924 recall@20: 0.1465 ] [ndcg@5: 0.0634 ndcg@10: 0.0747 ndcg@20: 0.0929 ] 
2025-04-10 13:00:32,002 - Epoch  63 Validation set [recall@5: 0.0577 recall@10: 0.0924 recall@20: 0.1456 ] [ndcg@5: 0.0635 ndcg@10: 0.0746 ndcg@20: 0.0925 ] 
2025-04-10 13:00:57,909 - Epoch  66 Validation set [recall@5: 0.0561 recall@10: 0.0913 recall@20: 0.1446 ] [ndcg@5: 0.0622 ndcg@10: 0.0736 ndcg@20: 0.0915 ] 
2025-04-10 13:01:23,864 - Epoch  69 Validation set [recall@5: 0.0577 recall@10: 0.0933 recall@20: 0.1462 ] [ndcg@5: 0.0635 ndcg@10: 0.0750 ndcg@20: 0.0928 ] 
2025-04-10 13:01:49,433 - Epoch  72 Validation set [recall@5: 0.0556 recall@10: 0.0918 recall@20: 0.1431 ] [ndcg@5: 0.0620 ndcg@10: 0.0739 ndcg@20: 0.0911 ] 
2025-04-10 13:02:15,153 - Epoch  75 Validation set [recall@5: 0.0549 recall@10: 0.0900 recall@20: 0.1432 ] [ndcg@5: 0.0606 ndcg@10: 0.0722 ndcg@20: 0.0901 ] 
2025-04-10 13:02:18,654 - [recall@5: 0.0574 recall@10: 0.0924 recall@20: 0.1465 ] [ndcg@5: 0.0634 ndcg@10: 0.0747 ndcg@20: 0.0929 ] 
2025-04-10 13:02:22,540 - [recall@5: 0.0563 recall@10: 0.0929 recall@20: 0.1457 ] [ndcg@5: 0.0622 ndcg@10: 0.0746 ndcg@20: 0.0925 ] 
2025-04-10 13:02:22,541 - Best Epoch 60. Final test result: {'recall': array([0.05627046, 0.09288511, 0.14569686]), 'ndcg': array([0.06222322, 0.07459448, 0.09249431])}.
