2025-04-08 15:13:25,296 - {'optimizer': {'name': 'adam', 'lr': 0.001, 'weight_decay': 0}, 'train': {'epoch': 3000, 'batch_size': 4096, 'save_model': False, 'loss': 'pairwise', 'test_step': 3, 'reproducible': True, 'seed': 2023, 'patience': 5}, 'test': {'metrics': ['recall', 'ndcg'], 'k': [5, 10, 20], 'batch_size': 1024}, 'data': {'type': 'general_cf', 'name': 'steam', 'user_num': 23310, 'item_num': 5237}, 'model': {'name': 'dccf', 'embedding_size': 32, 'intent_num': 128, 'layer_num': 2, 'reg_weight': 0.0001, 'cl_weight': 0.001, 'temperature': 0.1, 'amazon': {'layer_num': 2, 'reg_weight': 0.0001, 'cl_weight': 0.001, 'temperature': 0.1}, 'yelp': {'layer_num': 2, 'reg_weight': 0.0001, 'cl_weight': 0.001, 'temperature': 0.1}, 'steam': {'layer_num': 3, 'reg_weight': 0.001, 'cl_weight': 0.001, 'temperature': 0.1}}}
2025-04-08 15:13:37,438 - Epoch   0 Validation set [recall@5: 0.0503 recall@10: 0.0818 recall@20: 0.1307 ] [ndcg@5: 0.0570 ndcg@10: 0.0668 ndcg@20: 0.0831 ] 
2025-04-08 15:14:02,457 - Epoch   3 Validation set [recall@5: 0.0521 recall@10: 0.0856 recall@20: 0.1361 ] [ndcg@5: 0.0582 ndcg@10: 0.0692 ndcg@20: 0.0862 ] 
2025-04-08 15:14:26,975 - Epoch   6 Validation set [recall@5: 0.0543 recall@10: 0.0891 recall@20: 0.1390 ] [ndcg@5: 0.0614 ndcg@10: 0.0726 ndcg@20: 0.0895 ] 
2025-04-08 15:14:51,731 - Epoch   9 Validation set [recall@5: 0.0562 recall@10: 0.0909 recall@20: 0.1429 ] [ndcg@5: 0.0623 ndcg@10: 0.0736 ndcg@20: 0.0911 ] 
2025-04-08 15:15:16,942 - Epoch  12 Validation set [recall@5: 0.0563 recall@10: 0.0911 recall@20: 0.1433 ] [ndcg@5: 0.0628 ndcg@10: 0.0740 ndcg@20: 0.0916 ] 
2025-04-08 15:15:42,289 - Epoch  15 Validation set [recall@5: 0.0568 recall@10: 0.0922 recall@20: 0.1448 ] [ndcg@5: 0.0626 ndcg@10: 0.0741 ndcg@20: 0.0919 ] 
2025-04-08 15:16:07,095 - Epoch  18 Validation set [recall@5: 0.0567 recall@10: 0.0921 recall@20: 0.1440 ] [ndcg@5: 0.0619 ndcg@10: 0.0736 ndcg@20: 0.0912 ] 
2025-04-08 15:16:31,960 - Epoch  21 Validation set [recall@5: 0.0560 recall@10: 0.0923 recall@20: 0.1438 ] [ndcg@5: 0.0623 ndcg@10: 0.0742 ndcg@20: 0.0916 ] 
2025-04-08 15:16:56,600 - Epoch  24 Validation set [recall@5: 0.0568 recall@10: 0.0923 recall@20: 0.1444 ] [ndcg@5: 0.0625 ndcg@10: 0.0739 ndcg@20: 0.0916 ] 
2025-04-08 15:17:21,542 - Epoch  27 Validation set [recall@5: 0.0571 recall@10: 0.0931 recall@20: 0.1462 ] [ndcg@5: 0.0626 ndcg@10: 0.0744 ndcg@20: 0.0923 ] 
2025-04-08 15:17:46,090 - Epoch  30 Validation set [recall@5: 0.0569 recall@10: 0.0937 recall@20: 0.1460 ] [ndcg@5: 0.0628 ndcg@10: 0.0748 ndcg@20: 0.0924 ] 
2025-04-08 15:18:10,861 - Epoch  33 Validation set [recall@5: 0.0569 recall@10: 0.0932 recall@20: 0.1444 ] [ndcg@5: 0.0627 ndcg@10: 0.0747 ndcg@20: 0.0919 ] 
2025-04-08 15:18:36,057 - Epoch  36 Validation set [recall@5: 0.0577 recall@10: 0.0924 recall@20: 0.1446 ] [ndcg@5: 0.0631 ndcg@10: 0.0742 ndcg@20: 0.0919 ] 
2025-04-08 15:19:00,922 - Epoch  39 Validation set [recall@5: 0.0571 recall@10: 0.0925 recall@20: 0.1459 ] [ndcg@5: 0.0629 ndcg@10: 0.0743 ndcg@20: 0.0922 ] 
2025-04-08 15:19:26,113 - Epoch  42 Validation set [recall@5: 0.0568 recall@10: 0.0932 recall@20: 0.1461 ] [ndcg@5: 0.0626 ndcg@10: 0.0744 ndcg@20: 0.0924 ] 
2025-04-08 15:19:29,676 - [recall@5: 0.0571 recall@10: 0.0931 recall@20: 0.1462 ] [ndcg@5: 0.0626 ndcg@10: 0.0744 ndcg@20: 0.0923 ] 
2025-04-08 15:19:33,081 - [recall@5: 0.0570 recall@10: 0.0908 recall@20: 0.1438 ] [ndcg@5: 0.0625 ndcg@10: 0.0738 ndcg@20: 0.0918 ] 
2025-04-08 15:19:33,082 - Best Epoch 27. Final test result: {'recall': array([0.05695991, 0.09079805, 0.14378895]), 'ndcg': array([0.06249399, 0.07378555, 0.09176862])}.
#原本的dccf