2025-04-08 09:54:17,540 - {'optimizer': {'name': 'adam', 'lr': 0.001, 'weight_decay': 0}, 'train': {'epoch': 3000, 'batch_size': 4096, 'save_model': False, 'loss': 'pairwise', 'test_step': 3, 'reproducible': True, 'seed': 2023, 'patience': 5}, 'test': {'metrics': ['recall', 'ndcg'], 'k': [5, 10, 20], 'batch_size': 1024}, 'data': {'type': 'general_cf', 'name': 'yelp', 'user_num': 11091, 'item_num': 11010}, 'model': {'name': 'dccf', 'embedding_size': 32, 'intent_num': 128, 'layer_num': 2, 'reg_weight': 0.0001, 'cl_weight': 0.001, 'temperature': 0.1, 'amazon': {'layer_num': 2, 'reg_weight': 0.0001, 'cl_weight': 0.001, 'temperature': 0.1}, 'yelp': {'layer_num': 2, 'reg_weight': 0.0001, 'cl_weight': 0.001, 'temperature': 0.1}, 'steam': {'layer_num': 3, 'reg_weight': 0.001, 'cl_weight': 0.001, 'temperature': 0.1}}}
2025-04-08 09:54:23,614 - Epoch   0 Validation set [recall@5: 0.0310 recall@10: 0.0529 recall@20: 0.0872 ] [ndcg@5: 0.0377 ndcg@10: 0.0442 ndcg@20: 0.0555 ] 
2025-04-08 09:54:32,679 - Epoch   3 Validation set [recall@5: 0.0365 recall@10: 0.0629 recall@20: 0.1037 ] [ndcg@5: 0.0437 ndcg@10: 0.0519 ndcg@20: 0.0656 ] 
2025-04-08 09:54:41,990 - Epoch   6 Validation set [recall@5: 0.0400 recall@10: 0.0688 recall@20: 0.1126 ] [ndcg@5: 0.0478 ndcg@10: 0.0568 ndcg@20: 0.0714 ] 
2025-04-08 09:54:51,107 - Epoch   9 Validation set [recall@5: 0.0430 recall@10: 0.0731 recall@20: 0.1187 ] [ndcg@5: 0.0506 ndcg@10: 0.0600 ndcg@20: 0.0754 ] 
2025-04-08 09:55:00,739 - Epoch  12 Validation set [recall@5: 0.0456 recall@10: 0.0757 recall@20: 0.1228 ] [ndcg@5: 0.0530 ndcg@10: 0.0622 ndcg@20: 0.0779 ] 
2025-04-08 09:55:10,188 - Epoch  15 Validation set [recall@5: 0.0448 recall@10: 0.0760 recall@20: 0.1245 ] [ndcg@5: 0.0525 ndcg@10: 0.0623 ndcg@20: 0.0787 ] 
2025-04-08 09:55:19,448 - Epoch  18 Validation set [recall@5: 0.0450 recall@10: 0.0759 recall@20: 0.1232 ] [ndcg@5: 0.0535 ndcg@10: 0.0631 ndcg@20: 0.0791 ] 
2025-04-08 09:55:28,834 - Epoch  21 Validation set [recall@5: 0.0451 recall@10: 0.0751 recall@20: 0.1262 ] [ndcg@5: 0.0533 ndcg@10: 0.0623 ndcg@20: 0.0796 ] 
2025-04-08 09:55:37,977 - Epoch  24 Validation set [recall@5: 0.0457 recall@10: 0.0762 recall@20: 0.1258 ] [ndcg@5: 0.0544 ndcg@10: 0.0633 ndcg@20: 0.0801 ] 
2025-04-08 09:55:46,877 - Epoch  27 Validation set [recall@5: 0.0453 recall@10: 0.0766 recall@20: 0.1259 ] [ndcg@5: 0.0538 ndcg@10: 0.0633 ndcg@20: 0.0797 ] 
2025-04-08 09:55:56,409 - Epoch  30 Validation set [recall@5: 0.0449 recall@10: 0.0771 recall@20: 0.1270 ] [ndcg@5: 0.0536 ndcg@10: 0.0635 ndcg@20: 0.0803 ] 
2025-04-08 09:56:05,438 - Epoch  33 Validation set [recall@5: 0.0465 recall@10: 0.0791 recall@20: 0.1290 ] [ndcg@5: 0.0540 ndcg@10: 0.0643 ndcg@20: 0.0812 ] 
2025-04-08 09:56:14,629 - Epoch  36 Validation set [recall@5: 0.0465 recall@10: 0.0784 recall@20: 0.1272 ] [ndcg@5: 0.0540 ndcg@10: 0.0642 ndcg@20: 0.0809 ] 
2025-04-08 09:56:24,036 - Epoch  39 Validation set [recall@5: 0.0448 recall@10: 0.0769 recall@20: 0.1283 ] [ndcg@5: 0.0535 ndcg@10: 0.0634 ndcg@20: 0.0807 ] 
2025-04-08 09:56:33,431 - Epoch  42 Validation set [recall@5: 0.0453 recall@10: 0.0771 recall@20: 0.1259 ] [ndcg@5: 0.0547 ndcg@10: 0.0643 ndcg@20: 0.0806 ] 
2025-04-08 09:56:42,447 - Epoch  45 Validation set [recall@5: 0.0452 recall@10: 0.0771 recall@20: 0.1261 ] [ndcg@5: 0.0539 ndcg@10: 0.0636 ndcg@20: 0.0800 ] 
2025-04-08 09:56:51,503 - Epoch  48 Validation set [recall@5: 0.0466 recall@10: 0.0770 recall@20: 0.1250 ] [ndcg@5: 0.0543 ndcg@10: 0.0633 ndcg@20: 0.0796 ] 
2025-04-08 09:56:54,097 - [recall@5: 0.0465 recall@10: 0.0791 recall@20: 0.1290 ] [ndcg@5: 0.0540 ndcg@10: 0.0643 ndcg@20: 0.0812 ] 
2025-04-08 09:56:56,567 - [recall@5: 0.0481 recall@10: 0.0786 recall@20: 0.1274 ] [ndcg@5: 0.0562 ndcg@10: 0.0656 ndcg@20: 0.0821 ] 
2025-04-08 09:56:56,568 - Best Epoch 33. Final test result: {'recall': array([0.04809444, 0.07860342, 0.12735969]), 'ndcg': array([0.0561561 , 0.0656052 , 0.08205844])}.
