2025-04-26 06:57:57,083 - {'optimizer': {'name': 'adam', 'lr': 0.001, 'weight_decay': 0}, 'train': {'epoch': 3000, 'batch_size': 4096, 'save_model': False, 'loss': 'pairwise', 'test_step': 3, 'reproducible': True, 'seed': 2023, 'patience': 5}, 'test': {'metrics': ['recall', 'ndcg'], 'k': [5, 10, 20], 'batch_size': 1024}, 'data': {'type': 'general_cf', 'name': 'steam', 'user_num': 23310, 'item_num': 5237}, 'model': {'name': 'lightgcn', 'keep_rate': 0.8, 'embedding_size': 32, 'layer_num': 3, 'reg_weight': 1e-06, 'amazon': {'layer_num': 3, 'reg_weight': 1e-06}, 'yelp': {'layer_num': 3, 'reg_weight': 1e-06}, 'steam': {'layer_num': 2, 'reg_weight': 1e-06}}}
2025-04-26 06:58:39,510 - Epoch   0 Validation set [recall@5: 0.0352 recall@10: 0.0556 recall@20: 0.0907 ] [ndcg@5: 0.0414 ndcg@10: 0.0472 ndcg@20: 0.0587 ] 
2025-04-26 06:59:53,790 - Epoch   3 Validation set [recall@5: 0.0353 recall@10: 0.0565 recall@20: 0.0929 ] [ndcg@5: 0.0417 ndcg@10: 0.0478 ndcg@20: 0.0597 ] 
2025-04-26 07:01:07,435 - Epoch   6 Validation set [recall@5: 0.0358 recall@10: 0.0594 recall@20: 0.0985 ] [ndcg@5: 0.0422 ndcg@10: 0.0495 ndcg@20: 0.0624 ] 
2025-04-26 07:02:20,716 - Epoch   9 Validation set [recall@5: 0.0374 recall@10: 0.0629 recall@20: 0.1034 ] [ndcg@5: 0.0442 ndcg@10: 0.0521 ndcg@20: 0.0655 ] 
2025-04-26 07:03:28,845 - Epoch  12 Validation set [recall@5: 0.0393 recall@10: 0.0653 recall@20: 0.1067 ] [ndcg@5: 0.0463 ndcg@10: 0.0543 ndcg@20: 0.0681 ] 
2025-04-26 07:04:43,442 - Epoch  15 Validation set [recall@5: 0.0403 recall@10: 0.0669 recall@20: 0.1097 ] [ndcg@5: 0.0475 ndcg@10: 0.0559 ndcg@20: 0.0700 ] 
2025-04-26 07:05:58,016 - Epoch  18 Validation set [recall@5: 0.0416 recall@10: 0.0694 recall@20: 0.1134 ] [ndcg@5: 0.0487 ndcg@10: 0.0575 ndcg@20: 0.0720 ] 
2025-04-26 07:07:15,576 - Epoch  21 Validation set [recall@5: 0.0432 recall@10: 0.0723 recall@20: 0.1170 ] [ndcg@5: 0.0501 ndcg@10: 0.0595 ndcg@20: 0.0742 ] 
2025-04-26 07:08:32,781 - Epoch  24 Validation set [recall@5: 0.0446 recall@10: 0.0756 recall@20: 0.1202 ] [ndcg@5: 0.0517 ndcg@10: 0.0615 ndcg@20: 0.0763 ] 
2025-04-26 07:09:41,599 - Epoch  27 Validation set [recall@5: 0.0458 recall@10: 0.0774 recall@20: 0.1226 ] [ndcg@5: 0.0529 ndcg@10: 0.0629 ndcg@20: 0.0780 ] 
2025-04-26 07:10:52,500 - Epoch  30 Validation set [recall@5: 0.0473 recall@10: 0.0791 recall@20: 0.1249 ] [ndcg@5: 0.0540 ndcg@10: 0.0641 ndcg@20: 0.0795 ] 
2025-04-26 07:12:09,842 - Epoch  33 Validation set [recall@5: 0.0487 recall@10: 0.0804 recall@20: 0.1275 ] [ndcg@5: 0.0555 ndcg@10: 0.0655 ndcg@20: 0.0812 ] 
2025-04-26 07:13:19,630 - Epoch  36 Validation set [recall@5: 0.0495 recall@10: 0.0816 recall@20: 0.1297 ] [ndcg@5: 0.0563 ndcg@10: 0.0665 ndcg@20: 0.0825 ] 
2025-04-26 07:14:33,000 - Epoch  39 Validation set [recall@5: 0.0500 recall@10: 0.0825 recall@20: 0.1316 ] [ndcg@5: 0.0568 ndcg@10: 0.0672 ndcg@20: 0.0836 ] 
2025-04-26 07:15:43,874 - Epoch  42 Validation set [recall@5: 0.0509 recall@10: 0.0839 recall@20: 0.1332 ] [ndcg@5: 0.0576 ndcg@10: 0.0681 ndcg@20: 0.0846 ] 
2025-04-26 07:16:57,483 - Epoch  45 Validation set [recall@5: 0.0515 recall@10: 0.0850 recall@20: 0.1339 ] [ndcg@5: 0.0579 ndcg@10: 0.0686 ndcg@20: 0.0850 ] 
2025-04-26 07:18:11,634 - Epoch  48 Validation set [recall@5: 0.0519 recall@10: 0.0857 recall@20: 0.1353 ] [ndcg@5: 0.0586 ndcg@10: 0.0693 ndcg@20: 0.0859 ] 
2025-04-26 07:19:27,300 - Epoch  51 Validation set [recall@5: 0.0521 recall@10: 0.0860 recall@20: 0.1362 ] [ndcg@5: 0.0587 ndcg@10: 0.0695 ndcg@20: 0.0863 ] 
2025-04-26 07:20:42,574 - Epoch  54 Validation set [recall@5: 0.0522 recall@10: 0.0864 recall@20: 0.1361 ] [ndcg@5: 0.0593 ndcg@10: 0.0702 ndcg@20: 0.0869 ] 
2025-04-26 07:21:53,336 - Epoch  57 Validation set [recall@5: 0.0524 recall@10: 0.0866 recall@20: 0.1367 ] [ndcg@5: 0.0594 ndcg@10: 0.0702 ndcg@20: 0.0870 ] 
2025-04-26 07:23:01,161 - Epoch  60 Validation set [recall@5: 0.0523 recall@10: 0.0863 recall@20: 0.1369 ] [ndcg@5: 0.0594 ndcg@10: 0.0701 ndcg@20: 0.0871 ] 
2025-04-26 07:24:12,482 - Epoch  63 Validation set [recall@5: 0.0524 recall@10: 0.0870 recall@20: 0.1369 ] [ndcg@5: 0.0595 ndcg@10: 0.0705 ndcg@20: 0.0873 ] 
2025-04-26 07:25:20,451 - Epoch  66 Validation set [recall@5: 0.0526 recall@10: 0.0873 recall@20: 0.1375 ] [ndcg@5: 0.0598 ndcg@10: 0.0709 ndcg@20: 0.0877 ] 
2025-04-26 07:26:24,623 - Epoch  69 Validation set [recall@5: 0.0522 recall@10: 0.0873 recall@20: 0.1375 ] [ndcg@5: 0.0595 ndcg@10: 0.0707 ndcg@20: 0.0876 ] 
2025-04-26 07:27:35,211 - Epoch  72 Validation set [recall@5: 0.0525 recall@10: 0.0872 recall@20: 0.1373 ] [ndcg@5: 0.0597 ndcg@10: 0.0708 ndcg@20: 0.0876 ] 
2025-04-26 07:28:46,204 - Epoch  75 Validation set [recall@5: 0.0524 recall@10: 0.0872 recall@20: 0.1371 ] [ndcg@5: 0.0594 ndcg@10: 0.0707 ndcg@20: 0.0876 ] 
2025-04-26 07:29:56,183 - Epoch  78 Validation set [recall@5: 0.0526 recall@10: 0.0877 recall@20: 0.1376 ] [ndcg@5: 0.0595 ndcg@10: 0.0708 ndcg@20: 0.0876 ] 
2025-04-26 07:31:02,527 - Epoch  81 Validation set [recall@5: 0.0530 recall@10: 0.0875 recall@20: 0.1373 ] [ndcg@5: 0.0597 ndcg@10: 0.0707 ndcg@20: 0.0875 ] 
2025-04-26 07:32:15,798 - Epoch  84 Validation set [recall@5: 0.0531 recall@10: 0.0873 recall@20: 0.1370 ] [ndcg@5: 0.0596 ndcg@10: 0.0704 ndcg@20: 0.0872 ] 
2025-04-26 07:33:22,934 - Epoch  87 Validation set [recall@5: 0.0531 recall@10: 0.0879 recall@20: 0.1370 ] [ndcg@5: 0.0595 ndcg@10: 0.0707 ndcg@20: 0.0873 ] 
2025-04-26 07:34:32,816 - Epoch  90 Validation set [recall@5: 0.0529 recall@10: 0.0873 recall@20: 0.1366 ] [ndcg@5: 0.0593 ndcg@10: 0.0705 ndcg@20: 0.0872 ] 
2025-04-26 07:35:40,991 - Epoch  93 Validation set [recall@5: 0.0534 recall@10: 0.0870 recall@20: 0.1363 ] [ndcg@5: 0.0597 ndcg@10: 0.0704 ndcg@20: 0.0871 ] 
2025-04-26 07:35:44,172 - [recall@5: 0.0526 recall@10: 0.0877 recall@20: 0.1376 ] [ndcg@5: 0.0595 ndcg@10: 0.0708 ndcg@20: 0.0876 ] 
2025-04-26 07:35:47,404 - [recall@5: 0.0519 recall@10: 0.0863 recall@20: 0.1351 ] [ndcg@5: 0.0571 ndcg@10: 0.0688 ndcg@20: 0.0852 ] 
2025-04-26 07:35:47,406 - Best Epoch 78. Final test result: {'recall': array([0.05190571, 0.08625579, 0.13508474]), 'ndcg': array([0.05712755, 0.06875977, 0.0852351 ])}.
