2025-04-16 13:35:19,248 - {'optimizer': {'name': 'adam', 'lr': 0.001, 'weight_decay': 0}, 'train': {'epoch': 3000, 'batch_size': 4096, 'save_model': False, 'loss': 'pairwise', 'test_step': 3, 'reproducible': True, 'seed': 2023, 'patience': 5}, 'test': {'metrics': ['recall', 'ndcg'], 'k': [5, 10, 20], 'batch_size': 1024}, 'data': {'type': 'general_cf', 'name': 'amazon', 'user_num': 11000, 'item_num': 9332}, 'model': {'name': 'lightgcnwithattention', 'keep_rate': 0.8, 'embedding_size': 32, 'layer_num': 3, 'reg_weight': 1e-06, 'amazon': {'layer_num': 3, 'reg_weight': 1e-06}, 'yelp': {'layer_num': 3, 'reg_weight': 1e-06}, 'steam': {'layer_num': 2, 'reg_weight': 1e-06}}}
2025-04-16 13:35:43,019 - Epoch   0 Validation set [recall@5: 0.0180 recall@10: 0.0313 recall@20: 0.0515 ] [ndcg@5: 0.0180 ndcg@10: 0.0229 ndcg@20: 0.0295 ] 
2025-04-16 13:35:47,759 - Epoch   3 Validation set [recall@5: 0.0177 recall@10: 0.0301 recall@20: 0.0510 ] [ndcg@5: 0.0186 ndcg@10: 0.0230 ndcg@20: 0.0299 ] 
2025-04-16 13:35:53,264 - Epoch   6 Validation set [recall@5: 0.0195 recall@10: 0.0318 recall@20: 0.0525 ] [ndcg@5: 0.0199 ndcg@10: 0.0240 ndcg@20: 0.0308 ] 
2025-04-16 13:35:57,667 - Epoch   9 Validation set [recall@5: 0.0218 recall@10: 0.0342 recall@20: 0.0559 ] [ndcg@5: 0.0220 ndcg@10: 0.0262 ndcg@20: 0.0333 ] 
2025-04-16 13:36:02,494 - Epoch  12 Validation set [recall@5: 0.0222 recall@10: 0.0362 recall@20: 0.0592 ] [ndcg@5: 0.0230 ndcg@10: 0.0277 ndcg@20: 0.0353 ] 
2025-04-16 13:36:07,067 - Epoch  15 Validation set [recall@5: 0.0242 recall@10: 0.0377 recall@20: 0.0623 ] [ndcg@5: 0.0246 ndcg@10: 0.0290 ndcg@20: 0.0371 ] 
2025-04-16 13:36:11,480 - Epoch  18 Validation set [recall@5: 0.0249 recall@10: 0.0396 recall@20: 0.0646 ] [ndcg@5: 0.0257 ndcg@10: 0.0306 ndcg@20: 0.0387 ] 
2025-04-16 13:36:16,219 - Epoch  21 Validation set [recall@5: 0.0255 recall@10: 0.0408 recall@20: 0.0674 ] [ndcg@5: 0.0263 ndcg@10: 0.0313 ndcg@20: 0.0399 ] 
2025-04-16 13:36:20,781 - Epoch  24 Validation set [recall@5: 0.0267 recall@10: 0.0428 recall@20: 0.0700 ] [ndcg@5: 0.0272 ndcg@10: 0.0327 ndcg@20: 0.0415 ] 
2025-04-16 13:36:25,972 - Epoch  27 Validation set [recall@5: 0.0276 recall@10: 0.0444 recall@20: 0.0724 ] [ndcg@5: 0.0278 ndcg@10: 0.0335 ndcg@20: 0.0426 ] 
2025-04-16 13:36:31,078 - Epoch  30 Validation set [recall@5: 0.0285 recall@10: 0.0453 recall@20: 0.0742 ] [ndcg@5: 0.0284 ndcg@10: 0.0342 ndcg@20: 0.0434 ] 
2025-04-16 13:36:36,233 - Epoch  33 Validation set [recall@5: 0.0294 recall@10: 0.0458 recall@20: 0.0750 ] [ndcg@5: 0.0291 ndcg@10: 0.0345 ndcg@20: 0.0439 ] 
2025-04-16 13:36:41,414 - Epoch  36 Validation set [recall@5: 0.0300 recall@10: 0.0462 recall@20: 0.0751 ] [ndcg@5: 0.0296 ndcg@10: 0.0350 ndcg@20: 0.0444 ] 
2025-04-16 13:36:46,579 - Epoch  39 Validation set [recall@5: 0.0306 recall@10: 0.0468 recall@20: 0.0763 ] [ndcg@5: 0.0301 ndcg@10: 0.0354 ndcg@20: 0.0450 ] 
2025-04-16 13:36:51,247 - Epoch  42 Validation set [recall@5: 0.0312 recall@10: 0.0473 recall@20: 0.0782 ] [ndcg@5: 0.0308 ndcg@10: 0.0360 ndcg@20: 0.0460 ] 
2025-04-16 13:36:55,989 - Epoch  45 Validation set [recall@5: 0.0311 recall@10: 0.0481 recall@20: 0.0788 ] [ndcg@5: 0.0309 ndcg@10: 0.0364 ndcg@20: 0.0464 ] 
2025-04-16 13:37:00,660 - Epoch  48 Validation set [recall@5: 0.0311 recall@10: 0.0490 recall@20: 0.0799 ] [ndcg@5: 0.0310 ndcg@10: 0.0369 ndcg@20: 0.0469 ] 
2025-04-16 13:37:05,419 - Epoch  51 Validation set [recall@5: 0.0317 recall@10: 0.0499 recall@20: 0.0810 ] [ndcg@5: 0.0315 ndcg@10: 0.0376 ndcg@20: 0.0477 ] 
2025-04-16 13:37:09,928 - Epoch  54 Validation set [recall@5: 0.0317 recall@10: 0.0505 recall@20: 0.0811 ] [ndcg@5: 0.0318 ndcg@10: 0.0381 ndcg@20: 0.0481 ] 
2025-04-16 13:37:14,786 - Epoch  57 Validation set [recall@5: 0.0320 recall@10: 0.0507 recall@20: 0.0814 ] [ndcg@5: 0.0319 ndcg@10: 0.0382 ndcg@20: 0.0482 ] 
2025-04-16 13:37:19,268 - Epoch  60 Validation set [recall@5: 0.0325 recall@10: 0.0520 recall@20: 0.0828 ] [ndcg@5: 0.0327 ndcg@10: 0.0391 ndcg@20: 0.0492 ] 
2025-04-16 13:37:23,933 - Epoch  63 Validation set [recall@5: 0.0326 recall@10: 0.0526 recall@20: 0.0839 ] [ndcg@5: 0.0328 ndcg@10: 0.0396 ndcg@20: 0.0498 ] 
2025-04-16 13:37:29,133 - Epoch  66 Validation set [recall@5: 0.0334 recall@10: 0.0536 recall@20: 0.0836 ] [ndcg@5: 0.0334 ndcg@10: 0.0402 ndcg@20: 0.0500 ] 
2025-04-16 13:37:33,815 - Epoch  69 Validation set [recall@5: 0.0335 recall@10: 0.0539 recall@20: 0.0846 ] [ndcg@5: 0.0339 ndcg@10: 0.0407 ndcg@20: 0.0508 ] 
2025-04-16 13:37:38,430 - Epoch  72 Validation set [recall@5: 0.0336 recall@10: 0.0535 recall@20: 0.0850 ] [ndcg@5: 0.0339 ndcg@10: 0.0407 ndcg@20: 0.0510 ] 
2025-04-16 13:37:43,643 - Epoch  75 Validation set [recall@5: 0.0331 recall@10: 0.0542 recall@20: 0.0859 ] [ndcg@5: 0.0339 ndcg@10: 0.0411 ndcg@20: 0.0514 ] 
2025-04-16 13:37:48,655 - Epoch  78 Validation set [recall@5: 0.0335 recall@10: 0.0539 recall@20: 0.0874 ] [ndcg@5: 0.0343 ndcg@10: 0.0412 ndcg@20: 0.0520 ] 
2025-04-16 13:37:53,476 - Epoch  81 Validation set [recall@5: 0.0338 recall@10: 0.0544 recall@20: 0.0875 ] [ndcg@5: 0.0345 ndcg@10: 0.0416 ndcg@20: 0.0523 ] 
2025-04-16 13:37:58,298 - Epoch  84 Validation set [recall@5: 0.0338 recall@10: 0.0549 recall@20: 0.0878 ] [ndcg@5: 0.0347 ndcg@10: 0.0420 ndcg@20: 0.0526 ] 
2025-04-16 13:38:03,782 - Epoch  87 Validation set [recall@5: 0.0342 recall@10: 0.0550 recall@20: 0.0884 ] [ndcg@5: 0.0353 ndcg@10: 0.0424 ndcg@20: 0.0533 ] 
2025-04-16 13:38:08,666 - Epoch  90 Validation set [recall@5: 0.0345 recall@10: 0.0558 recall@20: 0.0894 ] [ndcg@5: 0.0355 ndcg@10: 0.0428 ndcg@20: 0.0537 ] 
2025-04-16 13:38:13,615 - Epoch  93 Validation set [recall@5: 0.0351 recall@10: 0.0570 recall@20: 0.0896 ] [ndcg@5: 0.0360 ndcg@10: 0.0435 ndcg@20: 0.0541 ] 
2025-04-16 13:38:18,354 - Epoch  96 Validation set [recall@5: 0.0363 recall@10: 0.0569 recall@20: 0.0910 ] [ndcg@5: 0.0365 ndcg@10: 0.0436 ndcg@20: 0.0546 ] 
2025-04-16 13:38:23,277 - Epoch  99 Validation set [recall@5: 0.0361 recall@10: 0.0566 recall@20: 0.0911 ] [ndcg@5: 0.0365 ndcg@10: 0.0436 ndcg@20: 0.0548 ] 
2025-04-16 13:38:28,290 - Epoch 102 Validation set [recall@5: 0.0363 recall@10: 0.0581 recall@20: 0.0918 ] [ndcg@5: 0.0368 ndcg@10: 0.0443 ndcg@20: 0.0552 ] 
2025-04-16 13:38:33,197 - Epoch 105 Validation set [recall@5: 0.0361 recall@10: 0.0582 recall@20: 0.0927 ] [ndcg@5: 0.0368 ndcg@10: 0.0444 ndcg@20: 0.0555 ] 
2025-04-16 13:38:38,130 - Epoch 108 Validation set [recall@5: 0.0363 recall@10: 0.0586 recall@20: 0.0937 ] [ndcg@5: 0.0368 ndcg@10: 0.0445 ndcg@20: 0.0558 ] 
2025-04-16 13:38:42,987 - Epoch 111 Validation set [recall@5: 0.0368 recall@10: 0.0585 recall@20: 0.0938 ] [ndcg@5: 0.0372 ndcg@10: 0.0446 ndcg@20: 0.0560 ] 
2025-04-16 13:38:47,583 - Epoch 114 Validation set [recall@5: 0.0378 recall@10: 0.0592 recall@20: 0.0950 ] [ndcg@5: 0.0379 ndcg@10: 0.0451 ndcg@20: 0.0567 ] 
2025-04-16 13:38:52,725 - Epoch 117 Validation set [recall@5: 0.0380 recall@10: 0.0595 recall@20: 0.0956 ] [ndcg@5: 0.0384 ndcg@10: 0.0455 ndcg@20: 0.0572 ] 
2025-04-16 13:38:57,308 - Epoch 120 Validation set [recall@5: 0.0379 recall@10: 0.0601 recall@20: 0.0959 ] [ndcg@5: 0.0383 ndcg@10: 0.0458 ndcg@20: 0.0573 ] 
2025-04-16 13:39:02,031 - Epoch 123 Validation set [recall@5: 0.0380 recall@10: 0.0603 recall@20: 0.0961 ] [ndcg@5: 0.0385 ndcg@10: 0.0461 ndcg@20: 0.0577 ] 
2025-04-16 13:39:06,343 - Epoch 126 Validation set [recall@5: 0.0381 recall@10: 0.0605 recall@20: 0.0973 ] [ndcg@5: 0.0386 ndcg@10: 0.0461 ndcg@20: 0.0580 ] 
2025-04-16 13:39:10,460 - Epoch 129 Validation set [recall@5: 0.0387 recall@10: 0.0612 recall@20: 0.0978 ] [ndcg@5: 0.0390 ndcg@10: 0.0467 ndcg@20: 0.0585 ] 
2025-04-16 13:39:14,641 - Epoch 132 Validation set [recall@5: 0.0388 recall@10: 0.0621 recall@20: 0.0989 ] [ndcg@5: 0.0393 ndcg@10: 0.0471 ndcg@20: 0.0590 ] 
2025-04-16 13:39:19,132 - Epoch 135 Validation set [recall@5: 0.0390 recall@10: 0.0622 recall@20: 0.0989 ] [ndcg@5: 0.0393 ndcg@10: 0.0471 ndcg@20: 0.0590 ] 
2025-04-16 13:39:24,033 - Epoch 138 Validation set [recall@5: 0.0390 recall@10: 0.0620 recall@20: 0.0982 ] [ndcg@5: 0.0394 ndcg@10: 0.0471 ndcg@20: 0.0588 ] 
2025-04-16 13:39:28,955 - Epoch 141 Validation set [recall@5: 0.0394 recall@10: 0.0626 recall@20: 0.0988 ] [ndcg@5: 0.0398 ndcg@10: 0.0476 ndcg@20: 0.0593 ] 
2025-04-16 13:39:33,742 - Epoch 144 Validation set [recall@5: 0.0396 recall@10: 0.0622 recall@20: 0.0997 ] [ndcg@5: 0.0400 ndcg@10: 0.0476 ndcg@20: 0.0597 ] 
2025-04-16 13:39:38,612 - Epoch 147 Validation set [recall@5: 0.0404 recall@10: 0.0627 recall@20: 0.1009 ] [ndcg@5: 0.0403 ndcg@10: 0.0478 ndcg@20: 0.0601 ] 
2025-04-16 13:39:43,506 - Epoch 150 Validation set [recall@5: 0.0405 recall@10: 0.0631 recall@20: 0.1013 ] [ndcg@5: 0.0406 ndcg@10: 0.0483 ndcg@20: 0.0605 ] 
2025-04-16 13:39:48,537 - Epoch 153 Validation set [recall@5: 0.0404 recall@10: 0.0635 recall@20: 0.1027 ] [ndcg@5: 0.0406 ndcg@10: 0.0483 ndcg@20: 0.0609 ] 
2025-04-16 13:39:53,196 - Epoch 156 Validation set [recall@5: 0.0407 recall@10: 0.0636 recall@20: 0.1032 ] [ndcg@5: 0.0408 ndcg@10: 0.0484 ndcg@20: 0.0611 ] 
2025-04-16 13:39:57,805 - Epoch 159 Validation set [recall@5: 0.0406 recall@10: 0.0633 recall@20: 0.1027 ] [ndcg@5: 0.0409 ndcg@10: 0.0486 ndcg@20: 0.0611 ] 
2025-04-16 13:40:02,639 - Epoch 162 Validation set [recall@5: 0.0413 recall@10: 0.0640 recall@20: 0.1037 ] [ndcg@5: 0.0414 ndcg@10: 0.0489 ndcg@20: 0.0616 ] 
2025-04-16 13:40:07,592 - Epoch 165 Validation set [recall@5: 0.0405 recall@10: 0.0649 recall@20: 0.1034 ] [ndcg@5: 0.0411 ndcg@10: 0.0494 ndcg@20: 0.0618 ] 
2025-04-16 13:40:12,441 - Epoch 168 Validation set [recall@5: 0.0409 recall@10: 0.0650 recall@20: 0.1041 ] [ndcg@5: 0.0413 ndcg@10: 0.0494 ndcg@20: 0.0619 ] 
2025-04-16 13:40:17,776 - Epoch 171 Validation set [recall@5: 0.0411 recall@10: 0.0652 recall@20: 0.1048 ] [ndcg@5: 0.0414 ndcg@10: 0.0495 ndcg@20: 0.0623 ] 
2025-04-16 13:40:22,724 - Epoch 174 Validation set [recall@5: 0.0414 recall@10: 0.0656 recall@20: 0.1052 ] [ndcg@5: 0.0417 ndcg@10: 0.0499 ndcg@20: 0.0626 ] 
2025-04-16 13:40:27,498 - Epoch 177 Validation set [recall@5: 0.0416 recall@10: 0.0651 recall@20: 0.1054 ] [ndcg@5: 0.0418 ndcg@10: 0.0499 ndcg@20: 0.0628 ] 
2025-04-16 13:40:32,285 - Epoch 180 Validation set [recall@5: 0.0411 recall@10: 0.0654 recall@20: 0.1052 ] [ndcg@5: 0.0415 ndcg@10: 0.0498 ndcg@20: 0.0626 ] 
2025-04-16 13:40:37,446 - Epoch 183 Validation set [recall@5: 0.0407 recall@10: 0.0656 recall@20: 0.1055 ] [ndcg@5: 0.0413 ndcg@10: 0.0499 ndcg@20: 0.0628 ] 
2025-04-16 13:40:42,608 - Epoch 186 Validation set [recall@5: 0.0415 recall@10: 0.0663 recall@20: 0.1065 ] [ndcg@5: 0.0418 ndcg@10: 0.0502 ndcg@20: 0.0633 ] 
2025-04-16 13:40:47,567 - Epoch 189 Validation set [recall@5: 0.0412 recall@10: 0.0674 recall@20: 0.1062 ] [ndcg@5: 0.0415 ndcg@10: 0.0503 ndcg@20: 0.0629 ] 
2025-04-16 13:40:52,221 - Epoch 192 Validation set [recall@5: 0.0411 recall@10: 0.0674 recall@20: 0.1055 ] [ndcg@5: 0.0412 ndcg@10: 0.0503 ndcg@20: 0.0626 ] 
2025-04-16 13:40:57,333 - Epoch 195 Validation set [recall@5: 0.0411 recall@10: 0.0671 recall@20: 0.1071 ] [ndcg@5: 0.0414 ndcg@10: 0.0505 ndcg@20: 0.0632 ] 
2025-04-16 13:41:02,109 - Epoch 198 Validation set [recall@5: 0.0413 recall@10: 0.0668 recall@20: 0.1066 ] [ndcg@5: 0.0418 ndcg@10: 0.0506 ndcg@20: 0.0634 ] 
2025-04-16 13:41:07,011 - Epoch 201 Validation set [recall@5: 0.0414 recall@10: 0.0673 recall@20: 0.1077 ] [ndcg@5: 0.0417 ndcg@10: 0.0507 ndcg@20: 0.0636 ] 
2025-04-16 13:41:11,293 - Epoch 204 Validation set [recall@5: 0.0418 recall@10: 0.0677 recall@20: 0.1080 ] [ndcg@5: 0.0421 ndcg@10: 0.0512 ndcg@20: 0.0640 ] 
2025-04-16 13:41:15,971 - Epoch 207 Validation set [recall@5: 0.0417 recall@10: 0.0691 recall@20: 0.1088 ] [ndcg@5: 0.0422 ndcg@10: 0.0518 ndcg@20: 0.0644 ] 
2025-04-16 13:41:20,308 - Epoch 210 Validation set [recall@5: 0.0423 recall@10: 0.0681 recall@20: 0.1084 ] [ndcg@5: 0.0427 ndcg@10: 0.0515 ndcg@20: 0.0644 ] 
2025-04-16 13:41:25,236 - Epoch 213 Validation set [recall@5: 0.0429 recall@10: 0.0687 recall@20: 0.1085 ] [ndcg@5: 0.0429 ndcg@10: 0.0517 ndcg@20: 0.0645 ] 
2025-04-16 13:41:30,027 - Epoch 216 Validation set [recall@5: 0.0433 recall@10: 0.0688 recall@20: 0.1095 ] [ndcg@5: 0.0432 ndcg@10: 0.0520 ndcg@20: 0.0650 ] 
2025-04-16 13:41:34,784 - Epoch 219 Validation set [recall@5: 0.0426 recall@10: 0.0699 recall@20: 0.1091 ] [ndcg@5: 0.0432 ndcg@10: 0.0525 ndcg@20: 0.0651 ] 
2025-04-16 13:41:39,541 - Epoch 222 Validation set [recall@5: 0.0434 recall@10: 0.0691 recall@20: 0.1093 ] [ndcg@5: 0.0436 ndcg@10: 0.0524 ndcg@20: 0.0653 ] 
2025-04-16 13:41:44,590 - Epoch 225 Validation set [recall@5: 0.0430 recall@10: 0.0689 recall@20: 0.1093 ] [ndcg@5: 0.0433 ndcg@10: 0.0522 ndcg@20: 0.0651 ] 
2025-04-16 13:41:49,198 - Epoch 228 Validation set [recall@5: 0.0437 recall@10: 0.0696 recall@20: 0.1104 ] [ndcg@5: 0.0440 ndcg@10: 0.0528 ndcg@20: 0.0658 ] 
2025-04-16 13:41:54,136 - Epoch 231 Validation set [recall@5: 0.0436 recall@10: 0.0698 recall@20: 0.1108 ] [ndcg@5: 0.0436 ndcg@10: 0.0527 ndcg@20: 0.0657 ] 
2025-04-16 13:41:59,284 - Epoch 234 Validation set [recall@5: 0.0443 recall@10: 0.0697 recall@20: 0.1114 ] [ndcg@5: 0.0442 ndcg@10: 0.0530 ndcg@20: 0.0662 ] 
2025-04-16 13:42:04,571 - Epoch 237 Validation set [recall@5: 0.0443 recall@10: 0.0700 recall@20: 0.1120 ] [ndcg@5: 0.0439 ndcg@10: 0.0528 ndcg@20: 0.0662 ] 
2025-04-16 13:42:08,983 - Epoch 240 Validation set [recall@5: 0.0445 recall@10: 0.0707 recall@20: 0.1116 ] [ndcg@5: 0.0444 ndcg@10: 0.0533 ndcg@20: 0.0663 ] 
2025-04-16 13:42:13,740 - Epoch 243 Validation set [recall@5: 0.0442 recall@10: 0.0696 recall@20: 0.1118 ] [ndcg@5: 0.0445 ndcg@10: 0.0532 ndcg@20: 0.0667 ] 
2025-04-16 13:42:18,730 - Epoch 246 Validation set [recall@5: 0.0444 recall@10: 0.0706 recall@20: 0.1123 ] [ndcg@5: 0.0449 ndcg@10: 0.0538 ndcg@20: 0.0671 ] 
2025-04-16 13:42:23,391 - Epoch 249 Validation set [recall@5: 0.0454 recall@10: 0.0710 recall@20: 0.1125 ] [ndcg@5: 0.0449 ndcg@10: 0.0536 ndcg@20: 0.0669 ] 
2025-04-16 13:42:28,025 - Epoch 252 Validation set [recall@5: 0.0451 recall@10: 0.0715 recall@20: 0.1128 ] [ndcg@5: 0.0448 ndcg@10: 0.0539 ndcg@20: 0.0670 ] 
2025-04-16 13:42:32,493 - Epoch 255 Validation set [recall@5: 0.0450 recall@10: 0.0724 recall@20: 0.1126 ] [ndcg@5: 0.0447 ndcg@10: 0.0543 ndcg@20: 0.0671 ] 
2025-04-16 13:42:37,370 - Epoch 258 Validation set [recall@5: 0.0456 recall@10: 0.0719 recall@20: 0.1122 ] [ndcg@5: 0.0451 ndcg@10: 0.0541 ndcg@20: 0.0671 ] 
2025-04-16 13:42:42,293 - Epoch 261 Validation set [recall@5: 0.0450 recall@10: 0.0721 recall@20: 0.1133 ] [ndcg@5: 0.0452 ndcg@10: 0.0545 ndcg@20: 0.0677 ] 
2025-04-16 13:42:47,255 - Epoch 264 Validation set [recall@5: 0.0452 recall@10: 0.0724 recall@20: 0.1135 ] [ndcg@5: 0.0451 ndcg@10: 0.0546 ndcg@20: 0.0678 ] 
2025-04-16 13:42:52,247 - Epoch 267 Validation set [recall@5: 0.0456 recall@10: 0.0716 recall@20: 0.1140 ] [ndcg@5: 0.0455 ndcg@10: 0.0543 ndcg@20: 0.0679 ] 
2025-04-16 13:42:57,026 - Epoch 270 Validation set [recall@5: 0.0456 recall@10: 0.0729 recall@20: 0.1145 ] [ndcg@5: 0.0456 ndcg@10: 0.0549 ndcg@20: 0.0682 ] 
2025-04-16 13:43:02,009 - Epoch 273 Validation set [recall@5: 0.0457 recall@10: 0.0740 recall@20: 0.1134 ] [ndcg@5: 0.0454 ndcg@10: 0.0551 ndcg@20: 0.0678 ] 
2025-04-16 13:43:06,987 - Epoch 276 Validation set [recall@5: 0.0454 recall@10: 0.0733 recall@20: 0.1138 ] [ndcg@5: 0.0454 ndcg@10: 0.0549 ndcg@20: 0.0679 ] 
2025-04-16 13:43:11,717 - Epoch 279 Validation set [recall@5: 0.0449 recall@10: 0.0732 recall@20: 0.1149 ] [ndcg@5: 0.0452 ndcg@10: 0.0550 ndcg@20: 0.0683 ] 
2025-04-16 13:43:16,628 - Epoch 282 Validation set [recall@5: 0.0457 recall@10: 0.0738 recall@20: 0.1150 ] [ndcg@5: 0.0454 ndcg@10: 0.0552 ndcg@20: 0.0684 ] 
2025-04-16 13:43:21,599 - Epoch 285 Validation set [recall@5: 0.0467 recall@10: 0.0744 recall@20: 0.1148 ] [ndcg@5: 0.0461 ndcg@10: 0.0556 ndcg@20: 0.0685 ] 
2025-04-16 13:43:26,502 - Epoch 288 Validation set [recall@5: 0.0462 recall@10: 0.0736 recall@20: 0.1153 ] [ndcg@5: 0.0461 ndcg@10: 0.0553 ndcg@20: 0.0686 ] 
2025-04-16 13:43:31,450 - Epoch 291 Validation set [recall@5: 0.0451 recall@10: 0.0731 recall@20: 0.1153 ] [ndcg@5: 0.0451 ndcg@10: 0.0548 ndcg@20: 0.0683 ] 
2025-04-16 13:43:36,261 - Epoch 294 Validation set [recall@5: 0.0463 recall@10: 0.0737 recall@20: 0.1165 ] [ndcg@5: 0.0458 ndcg@10: 0.0551 ndcg@20: 0.0687 ] 
2025-04-16 13:43:41,158 - Epoch 297 Validation set [recall@5: 0.0462 recall@10: 0.0733 recall@20: 0.1170 ] [ndcg@5: 0.0458 ndcg@10: 0.0551 ndcg@20: 0.0690 ] 
2025-04-16 13:43:45,719 - Epoch 300 Validation set [recall@5: 0.0463 recall@10: 0.0746 recall@20: 0.1178 ] [ndcg@5: 0.0459 ndcg@10: 0.0555 ndcg@20: 0.0694 ] 
2025-04-16 13:43:50,598 - Epoch 303 Validation set [recall@5: 0.0462 recall@10: 0.0743 recall@20: 0.1171 ] [ndcg@5: 0.0459 ndcg@10: 0.0555 ndcg@20: 0.0692 ] 
2025-04-16 13:43:55,980 - Epoch 306 Validation set [recall@5: 0.0465 recall@10: 0.0731 recall@20: 0.1170 ] [ndcg@5: 0.0459 ndcg@10: 0.0550 ndcg@20: 0.0690 ] 
2025-04-16 13:44:00,963 - Epoch 309 Validation set [recall@5: 0.0461 recall@10: 0.0741 recall@20: 0.1160 ] [ndcg@5: 0.0461 ndcg@10: 0.0556 ndcg@20: 0.0690 ] 
2025-04-16 13:44:06,000 - Epoch 312 Validation set [recall@5: 0.0468 recall@10: 0.0754 recall@20: 0.1182 ] [ndcg@5: 0.0465 ndcg@10: 0.0562 ndcg@20: 0.0699 ] 
2025-04-16 13:44:11,297 - Epoch 315 Validation set [recall@5: 0.0463 recall@10: 0.0747 recall@20: 0.1175 ] [ndcg@5: 0.0461 ndcg@10: 0.0559 ndcg@20: 0.0697 ] 
2025-04-16 13:44:16,322 - Epoch 318 Validation set [recall@5: 0.0462 recall@10: 0.0751 recall@20: 0.1178 ] [ndcg@5: 0.0461 ndcg@10: 0.0559 ndcg@20: 0.0696 ] 
2025-04-16 13:44:22,031 - Epoch 321 Validation set [recall@5: 0.0468 recall@10: 0.0745 recall@20: 0.1170 ] [ndcg@5: 0.0466 ndcg@10: 0.0561 ndcg@20: 0.0698 ] 
2025-04-16 13:44:26,758 - Epoch 324 Validation set [recall@5: 0.0473 recall@10: 0.0747 recall@20: 0.1183 ] [ndcg@5: 0.0466 ndcg@10: 0.0559 ndcg@20: 0.0700 ] 
2025-04-16 13:44:31,062 - Epoch 327 Validation set [recall@5: 0.0468 recall@10: 0.0754 recall@20: 0.1182 ] [ndcg@5: 0.0468 ndcg@10: 0.0566 ndcg@20: 0.0704 ] 
2025-04-16 13:44:35,305 - Epoch 330 Validation set [recall@5: 0.0469 recall@10: 0.0750 recall@20: 0.1188 ] [ndcg@5: 0.0467 ndcg@10: 0.0563 ndcg@20: 0.0705 ] 
2025-04-16 13:44:39,616 - Epoch 333 Validation set [recall@5: 0.0470 recall@10: 0.0756 recall@20: 0.1177 ] [ndcg@5: 0.0467 ndcg@10: 0.0565 ndcg@20: 0.0701 ] 
2025-04-16 13:44:44,205 - Epoch 336 Validation set [recall@5: 0.0473 recall@10: 0.0753 recall@20: 0.1177 ] [ndcg@5: 0.0469 ndcg@10: 0.0565 ndcg@20: 0.0702 ] 
2025-04-16 13:44:48,896 - Epoch 339 Validation set [recall@5: 0.0477 recall@10: 0.0761 recall@20: 0.1184 ] [ndcg@5: 0.0473 ndcg@10: 0.0570 ndcg@20: 0.0706 ] 
2025-04-16 13:44:53,642 - Epoch 342 Validation set [recall@5: 0.0473 recall@10: 0.0762 recall@20: 0.1194 ] [ndcg@5: 0.0475 ndcg@10: 0.0573 ndcg@20: 0.0712 ] 
2025-04-16 13:44:58,600 - Epoch 345 Validation set [recall@5: 0.0479 recall@10: 0.0761 recall@20: 0.1196 ] [ndcg@5: 0.0474 ndcg@10: 0.0571 ndcg@20: 0.0710 ] 
2025-04-16 13:45:03,913 - Epoch 348 Validation set [recall@5: 0.0482 recall@10: 0.0757 recall@20: 0.1195 ] [ndcg@5: 0.0478 ndcg@10: 0.0571 ndcg@20: 0.0712 ] 
2025-04-16 13:45:08,790 - Epoch 351 Validation set [recall@5: 0.0480 recall@10: 0.0756 recall@20: 0.1195 ] [ndcg@5: 0.0479 ndcg@10: 0.0571 ndcg@20: 0.0713 ] 
2025-04-16 13:45:13,579 - Epoch 354 Validation set [recall@5: 0.0478 recall@10: 0.0770 recall@20: 0.1195 ] [ndcg@5: 0.0483 ndcg@10: 0.0581 ndcg@20: 0.0718 ] 
2025-04-16 13:45:18,466 - Epoch 357 Validation set [recall@5: 0.0479 recall@10: 0.0764 recall@20: 0.1202 ] [ndcg@5: 0.0475 ndcg@10: 0.0572 ndcg@20: 0.0712 ] 
2025-04-16 13:45:23,676 - Epoch 360 Validation set [recall@5: 0.0478 recall@10: 0.0768 recall@20: 0.1203 ] [ndcg@5: 0.0472 ndcg@10: 0.0571 ndcg@20: 0.0711 ] 
2025-04-16 13:45:28,788 - Epoch 363 Validation set [recall@5: 0.0483 recall@10: 0.0762 recall@20: 0.1213 ] [ndcg@5: 0.0476 ndcg@10: 0.0570 ndcg@20: 0.0715 ] 
2025-04-16 13:45:33,746 - Epoch 366 Validation set [recall@5: 0.0484 recall@10: 0.0767 recall@20: 0.1211 ] [ndcg@5: 0.0478 ndcg@10: 0.0574 ndcg@20: 0.0716 ] 
2025-04-16 13:45:38,714 - Epoch 369 Validation set [recall@5: 0.0479 recall@10: 0.0768 recall@20: 0.1214 ] [ndcg@5: 0.0475 ndcg@10: 0.0572 ndcg@20: 0.0716 ] 
2025-04-16 13:45:43,984 - Epoch 372 Validation set [recall@5: 0.0480 recall@10: 0.0769 recall@20: 0.1212 ] [ndcg@5: 0.0480 ndcg@10: 0.0578 ndcg@20: 0.0721 ] 
2025-04-16 13:45:48,938 - Epoch 375 Validation set [recall@5: 0.0485 recall@10: 0.0776 recall@20: 0.1208 ] [ndcg@5: 0.0484 ndcg@10: 0.0582 ndcg@20: 0.0721 ] 
2025-04-16 13:45:53,560 - Epoch 378 Validation set [recall@5: 0.0486 recall@10: 0.0776 recall@20: 0.1205 ] [ndcg@5: 0.0485 ndcg@10: 0.0583 ndcg@20: 0.0722 ] 
2025-04-16 13:45:58,292 - Epoch 381 Validation set [recall@5: 0.0489 recall@10: 0.0777 recall@20: 0.1211 ] [ndcg@5: 0.0483 ndcg@10: 0.0581 ndcg@20: 0.0722 ] 
2025-04-16 13:46:03,023 - Epoch 384 Validation set [recall@5: 0.0480 recall@10: 0.0768 recall@20: 0.1214 ] [ndcg@5: 0.0482 ndcg@10: 0.0579 ndcg@20: 0.0723 ] 
2025-04-16 13:46:05,211 - [recall@5: 0.0479 recall@10: 0.0768 recall@20: 0.1214 ] [ndcg@5: 0.0475 ndcg@10: 0.0572 ndcg@20: 0.0716 ] 
2025-04-16 13:46:07,484 - [recall@5: 0.0464 recall@10: 0.0760 recall@20: 0.1204 ] [ndcg@5: 0.0471 ndcg@10: 0.0573 ndcg@20: 0.0718 ] 
2025-04-16 13:46:07,485 - Best Epoch 369. Final test result: {'recall': array([0.04639044, 0.07604892, 0.12040921]), 'ndcg': array([0.04711895, 0.05727917, 0.07182007])}.
