2025-05-06 02:36:27,961 - {'optimizer': {'name': 'adam', 'lr': 0.001, 'weight_decay': 0}, 'train': {'epoch': 3000, 'batch_size': 4096, 'save_model': True, 'loss': 'pairwise', 'test_step': 3, 'reproducible': True, 'seed': 2023, 'patience': 5}, 'test': {'metrics': ['recall', 'ndcg'], 'k': [5, 10, 20], 'batch_size': 1024}, 'data': {'type': 'general_cf', 'name': 'yelp', 'user_num': 11091, 'item_num': 11010}, 'model': {'name': 'gccf', 'keep_rate': 0.8, 'embedding_size': 32, 'layer_num': 3, 'reg_weight': 1e-06, 'amazon': {'layer_num': 2, 'reg_weight': 1e-06}, 'yelp': {'layer_num': 2, 'reg_weight': 1e-06}, 'steam': {'layer_num': 2, 'reg_weight': 1e-06}}}
2025-05-06 02:36:32,342 - Epoch   0 Validation set [recall@5: 0.0241 recall@10: 0.0421 recall@20: 0.0699 ] [ndcg@5: 0.0304 ndcg@10: 0.0359 ndcg@20: 0.0450 ] 
2025-05-06 02:36:37,446 - Epoch   3 Validation set [recall@5: 0.0308 recall@10: 0.0514 recall@20: 0.0845 ] [ndcg@5: 0.0377 ndcg@10: 0.0438 ndcg@20: 0.0549 ] 
2025-05-06 02:36:42,611 - Epoch   6 Validation set [recall@5: 0.0312 recall@10: 0.0524 recall@20: 0.0862 ] [ndcg@5: 0.0380 ndcg@10: 0.0445 ndcg@20: 0.0558 ] 
2025-05-06 02:36:47,812 - Epoch   9 Validation set [recall@5: 0.0318 recall@10: 0.0528 recall@20: 0.0871 ] [ndcg@5: 0.0386 ndcg@10: 0.0448 ndcg@20: 0.0564 ] 
2025-05-06 02:36:53,405 - Epoch  12 Validation set [recall@5: 0.0324 recall@10: 0.0528 recall@20: 0.0883 ] [ndcg@5: 0.0389 ndcg@10: 0.0448 ndcg@20: 0.0568 ] 
2025-05-06 02:36:58,597 - Epoch  15 Validation set [recall@5: 0.0321 recall@10: 0.0536 recall@20: 0.0888 ] [ndcg@5: 0.0387 ndcg@10: 0.0453 ndcg@20: 0.0571 ] 
2025-05-06 02:37:04,243 - Epoch  18 Validation set [recall@5: 0.0323 recall@10: 0.0537 recall@20: 0.0894 ] [ndcg@5: 0.0387 ndcg@10: 0.0453 ndcg@20: 0.0574 ] 
2025-05-06 02:37:09,664 - Epoch  21 Validation set [recall@5: 0.0322 recall@10: 0.0542 recall@20: 0.0890 ] [ndcg@5: 0.0388 ndcg@10: 0.0455 ndcg@20: 0.0572 ] 
2025-05-06 02:37:15,043 - Epoch  24 Validation set [recall@5: 0.0323 recall@10: 0.0540 recall@20: 0.0899 ] [ndcg@5: 0.0389 ndcg@10: 0.0454 ndcg@20: 0.0575 ] 
2025-05-06 02:37:20,060 - Epoch  27 Validation set [recall@5: 0.0326 recall@10: 0.0544 recall@20: 0.0901 ] [ndcg@5: 0.0390 ndcg@10: 0.0456 ndcg@20: 0.0577 ] 
2025-05-06 02:37:25,381 - Epoch  30 Validation set [recall@5: 0.0324 recall@10: 0.0541 recall@20: 0.0911 ] [ndcg@5: 0.0388 ndcg@10: 0.0454 ndcg@20: 0.0579 ] 
2025-05-06 02:37:30,816 - Epoch  33 Validation set [recall@5: 0.0328 recall@10: 0.0552 recall@20: 0.0919 ] [ndcg@5: 0.0391 ndcg@10: 0.0460 ndcg@20: 0.0583 ] 
2025-05-06 02:37:36,636 - Epoch  36 Validation set [recall@5: 0.0326 recall@10: 0.0551 recall@20: 0.0930 ] [ndcg@5: 0.0391 ndcg@10: 0.0461 ndcg@20: 0.0588 ] 
2025-05-06 02:37:42,285 - Epoch  39 Validation set [recall@5: 0.0330 recall@10: 0.0559 recall@20: 0.0928 ] [ndcg@5: 0.0394 ndcg@10: 0.0463 ndcg@20: 0.0588 ] 
2025-05-06 02:37:48,139 - Epoch  42 Validation set [recall@5: 0.0328 recall@10: 0.0564 recall@20: 0.0932 ] [ndcg@5: 0.0395 ndcg@10: 0.0468 ndcg@20: 0.0592 ] 
2025-05-06 02:37:53,457 - Epoch  45 Validation set [recall@5: 0.0331 recall@10: 0.0566 recall@20: 0.0941 ] [ndcg@5: 0.0397 ndcg@10: 0.0470 ndcg@20: 0.0597 ] 
2025-05-06 02:37:58,895 - Epoch  48 Validation set [recall@5: 0.0332 recall@10: 0.0564 recall@20: 0.0937 ] [ndcg@5: 0.0394 ndcg@10: 0.0468 ndcg@20: 0.0594 ] 
2025-05-06 02:38:04,478 - Epoch  51 Validation set [recall@5: 0.0335 recall@10: 0.0570 recall@20: 0.0945 ] [ndcg@5: 0.0394 ndcg@10: 0.0470 ndcg@20: 0.0596 ] 
2025-05-06 02:38:10,252 - Epoch  54 Validation set [recall@5: 0.0333 recall@10: 0.0569 recall@20: 0.0952 ] [ndcg@5: 0.0396 ndcg@10: 0.0472 ndcg@20: 0.0601 ] 
2025-05-06 02:38:15,773 - Epoch  57 Validation set [recall@5: 0.0333 recall@10: 0.0576 recall@20: 0.0952 ] [ndcg@5: 0.0396 ndcg@10: 0.0474 ndcg@20: 0.0602 ] 
2025-05-06 02:38:20,946 - Epoch  60 Validation set [recall@5: 0.0330 recall@10: 0.0582 recall@20: 0.0960 ] [ndcg@5: 0.0396 ndcg@10: 0.0478 ndcg@20: 0.0607 ] 
2025-05-06 02:38:26,376 - Epoch  63 Validation set [recall@5: 0.0334 recall@10: 0.0579 recall@20: 0.0963 ] [ndcg@5: 0.0397 ndcg@10: 0.0477 ndcg@20: 0.0608 ] 
2025-05-06 02:38:31,724 - Epoch  66 Validation set [recall@5: 0.0340 recall@10: 0.0584 recall@20: 0.0967 ] [ndcg@5: 0.0404 ndcg@10: 0.0483 ndcg@20: 0.0613 ] 
2025-05-06 02:38:36,993 - Epoch  69 Validation set [recall@5: 0.0341 recall@10: 0.0583 recall@20: 0.0965 ] [ndcg@5: 0.0405 ndcg@10: 0.0483 ndcg@20: 0.0613 ] 
2025-05-06 02:38:42,365 - Epoch  72 Validation set [recall@5: 0.0345 recall@10: 0.0585 recall@20: 0.0970 ] [ndcg@5: 0.0407 ndcg@10: 0.0484 ndcg@20: 0.0615 ] 
2025-05-06 02:38:47,726 - Epoch  75 Validation set [recall@5: 0.0341 recall@10: 0.0590 recall@20: 0.0980 ] [ndcg@5: 0.0403 ndcg@10: 0.0486 ndcg@20: 0.0618 ] 
2025-05-06 02:38:53,244 - Epoch  78 Validation set [recall@5: 0.0345 recall@10: 0.0592 recall@20: 0.0989 ] [ndcg@5: 0.0408 ndcg@10: 0.0489 ndcg@20: 0.0623 ] 
2025-05-06 02:38:58,802 - Epoch  81 Validation set [recall@5: 0.0340 recall@10: 0.0594 recall@20: 0.0991 ] [ndcg@5: 0.0409 ndcg@10: 0.0491 ndcg@20: 0.0626 ] 
2025-05-06 02:39:04,337 - Epoch  84 Validation set [recall@5: 0.0344 recall@10: 0.0601 recall@20: 0.0996 ] [ndcg@5: 0.0413 ndcg@10: 0.0496 ndcg@20: 0.0629 ] 
2025-05-06 02:39:09,523 - Epoch  87 Validation set [recall@5: 0.0341 recall@10: 0.0595 recall@20: 0.0999 ] [ndcg@5: 0.0410 ndcg@10: 0.0493 ndcg@20: 0.0630 ] 
2025-05-06 02:39:14,828 - Epoch  90 Validation set [recall@5: 0.0348 recall@10: 0.0603 recall@20: 0.0999 ] [ndcg@5: 0.0416 ndcg@10: 0.0498 ndcg@20: 0.0633 ] 
2025-05-06 02:39:19,993 - Epoch  93 Validation set [recall@5: 0.0350 recall@10: 0.0602 recall@20: 0.1004 ] [ndcg@5: 0.0418 ndcg@10: 0.0498 ndcg@20: 0.0635 ] 
2025-05-06 02:39:25,569 - Epoch  96 Validation set [recall@5: 0.0347 recall@10: 0.0603 recall@20: 0.1007 ] [ndcg@5: 0.0416 ndcg@10: 0.0498 ndcg@20: 0.0635 ] 
2025-05-06 02:39:31,177 - Epoch  99 Validation set [recall@5: 0.0346 recall@10: 0.0608 recall@20: 0.1016 ] [ndcg@5: 0.0415 ndcg@10: 0.0500 ndcg@20: 0.0638 ] 
2025-05-06 02:39:37,307 - Epoch 102 Validation set [recall@5: 0.0352 recall@10: 0.0613 recall@20: 0.1016 ] [ndcg@5: 0.0422 ndcg@10: 0.0505 ndcg@20: 0.0642 ] 
2025-05-06 02:39:42,755 - Epoch 105 Validation set [recall@5: 0.0354 recall@10: 0.0614 recall@20: 0.1022 ] [ndcg@5: 0.0423 ndcg@10: 0.0506 ndcg@20: 0.0645 ] 
2025-05-06 02:39:48,514 - Epoch 108 Validation set [recall@5: 0.0354 recall@10: 0.0616 recall@20: 0.1026 ] [ndcg@5: 0.0424 ndcg@10: 0.0508 ndcg@20: 0.0647 ] 
2025-05-06 02:39:53,793 - Epoch 111 Validation set [recall@5: 0.0356 recall@10: 0.0616 recall@20: 0.1036 ] [ndcg@5: 0.0426 ndcg@10: 0.0508 ndcg@20: 0.0651 ] 
2025-05-06 02:39:59,251 - Epoch 114 Validation set [recall@5: 0.0355 recall@10: 0.0621 recall@20: 0.1035 ] [ndcg@5: 0.0427 ndcg@10: 0.0513 ndcg@20: 0.0654 ] 
2025-05-06 02:40:04,467 - Epoch 117 Validation set [recall@5: 0.0360 recall@10: 0.0631 recall@20: 0.1041 ] [ndcg@5: 0.0430 ndcg@10: 0.0517 ndcg@20: 0.0656 ] 
2025-05-06 02:40:09,765 - Epoch 120 Validation set [recall@5: 0.0360 recall@10: 0.0626 recall@20: 0.1036 ] [ndcg@5: 0.0433 ndcg@10: 0.0518 ndcg@20: 0.0657 ] 
2025-05-06 02:40:15,130 - Epoch 123 Validation set [recall@5: 0.0364 recall@10: 0.0632 recall@20: 0.1042 ] [ndcg@5: 0.0434 ndcg@10: 0.0520 ndcg@20: 0.0659 ] 
2025-05-06 02:40:20,334 - Epoch 126 Validation set [recall@5: 0.0364 recall@10: 0.0631 recall@20: 0.1045 ] [ndcg@5: 0.0435 ndcg@10: 0.0520 ndcg@20: 0.0660 ] 
2025-05-06 02:40:25,933 - Epoch 129 Validation set [recall@5: 0.0365 recall@10: 0.0627 recall@20: 0.1045 ] [ndcg@5: 0.0435 ndcg@10: 0.0517 ndcg@20: 0.0660 ] 
2025-05-06 02:40:31,354 - Epoch 132 Validation set [recall@5: 0.0364 recall@10: 0.0632 recall@20: 0.1051 ] [ndcg@5: 0.0437 ndcg@10: 0.0521 ndcg@20: 0.0664 ] 
2025-05-06 02:40:36,359 - Epoch 135 Validation set [recall@5: 0.0363 recall@10: 0.0631 recall@20: 0.1047 ] [ndcg@5: 0.0434 ndcg@10: 0.0519 ndcg@20: 0.0662 ] 
2025-05-06 02:40:41,624 - Epoch 138 Validation set [recall@5: 0.0366 recall@10: 0.0638 recall@20: 0.1051 ] [ndcg@5: 0.0438 ndcg@10: 0.0525 ndcg@20: 0.0665 ] 
2025-05-06 02:40:46,816 - Epoch 141 Validation set [recall@5: 0.0371 recall@10: 0.0646 recall@20: 0.1059 ] [ndcg@5: 0.0442 ndcg@10: 0.0530 ndcg@20: 0.0671 ] 
2025-05-06 02:40:52,092 - Epoch 144 Validation set [recall@5: 0.0374 recall@10: 0.0645 recall@20: 0.1060 ] [ndcg@5: 0.0444 ndcg@10: 0.0530 ndcg@20: 0.0672 ] 
2025-05-06 02:40:57,523 - Epoch 147 Validation set [recall@5: 0.0375 recall@10: 0.0650 recall@20: 0.1048 ] [ndcg@5: 0.0445 ndcg@10: 0.0530 ndcg@20: 0.0666 ] 
2025-05-06 02:41:02,884 - Epoch 150 Validation set [recall@5: 0.0380 recall@10: 0.0647 recall@20: 0.1056 ] [ndcg@5: 0.0447 ndcg@10: 0.0531 ndcg@20: 0.0670 ] 
2025-05-06 02:41:08,289 - Epoch 153 Validation set [recall@5: 0.0376 recall@10: 0.0644 recall@20: 0.1065 ] [ndcg@5: 0.0449 ndcg@10: 0.0533 ndcg@20: 0.0675 ] 
2025-05-06 02:41:13,567 - Epoch 156 Validation set [recall@5: 0.0374 recall@10: 0.0644 recall@20: 0.1062 ] [ndcg@5: 0.0448 ndcg@10: 0.0532 ndcg@20: 0.0674 ] 
2025-05-06 02:41:18,562 - Epoch 159 Validation set [recall@5: 0.0374 recall@10: 0.0644 recall@20: 0.1069 ] [ndcg@5: 0.0446 ndcg@10: 0.0530 ndcg@20: 0.0675 ] 
2025-05-06 02:41:23,672 - Epoch 162 Validation set [recall@5: 0.0370 recall@10: 0.0646 recall@20: 0.1059 ] [ndcg@5: 0.0444 ndcg@10: 0.0532 ndcg@20: 0.0674 ] 
2025-05-06 02:41:28,754 - Epoch 165 Validation set [recall@5: 0.0372 recall@10: 0.0652 recall@20: 0.1069 ] [ndcg@5: 0.0445 ndcg@10: 0.0534 ndcg@20: 0.0677 ] 
2025-05-06 02:41:33,936 - Epoch 168 Validation set [recall@5: 0.0376 recall@10: 0.0656 recall@20: 0.1064 ] [ndcg@5: 0.0445 ndcg@10: 0.0534 ndcg@20: 0.0673 ] 
2025-05-06 02:41:39,640 - Epoch 171 Validation set [recall@5: 0.0378 recall@10: 0.0655 recall@20: 0.1070 ] [ndcg@5: 0.0448 ndcg@10: 0.0536 ndcg@20: 0.0678 ] 
2025-05-06 02:41:45,347 - Epoch 174 Validation set [recall@5: 0.0379 recall@10: 0.0654 recall@20: 0.1079 ] [ndcg@5: 0.0449 ndcg@10: 0.0538 ndcg@20: 0.0682 ] 
2025-05-06 02:41:50,524 - Epoch 177 Validation set [recall@5: 0.0378 recall@10: 0.0655 recall@20: 0.1078 ] [ndcg@5: 0.0451 ndcg@10: 0.0539 ndcg@20: 0.0682 ] 
2025-05-06 02:41:55,624 - Epoch 180 Validation set [recall@5: 0.0373 recall@10: 0.0658 recall@20: 0.1078 ] [ndcg@5: 0.0448 ndcg@10: 0.0541 ndcg@20: 0.0683 ] 
2025-05-06 02:42:01,248 - Epoch 183 Validation set [recall@5: 0.0373 recall@10: 0.0661 recall@20: 0.1074 ] [ndcg@5: 0.0450 ndcg@10: 0.0544 ndcg@20: 0.0685 ] 
2025-05-06 02:42:06,977 - Epoch 186 Validation set [recall@5: 0.0371 recall@10: 0.0662 recall@20: 0.1085 ] [ndcg@5: 0.0451 ndcg@10: 0.0546 ndcg@20: 0.0690 ] 
2025-05-06 02:42:12,178 - Epoch 189 Validation set [recall@5: 0.0378 recall@10: 0.0660 recall@20: 0.1080 ] [ndcg@5: 0.0453 ndcg@10: 0.0544 ndcg@20: 0.0687 ] 
2025-05-06 02:42:17,663 - Epoch 192 Validation set [recall@5: 0.0377 recall@10: 0.0659 recall@20: 0.1081 ] [ndcg@5: 0.0455 ndcg@10: 0.0544 ndcg@20: 0.0688 ] 
2025-05-06 02:42:22,856 - Epoch 195 Validation set [recall@5: 0.0386 recall@10: 0.0650 recall@20: 0.1085 ] [ndcg@5: 0.0461 ndcg@10: 0.0543 ndcg@20: 0.0691 ] 
2025-05-06 02:42:28,514 - Epoch 198 Validation set [recall@5: 0.0380 recall@10: 0.0654 recall@20: 0.1095 ] [ndcg@5: 0.0458 ndcg@10: 0.0543 ndcg@20: 0.0692 ] 
2025-05-06 02:42:33,812 - Epoch 201 Validation set [recall@5: 0.0381 recall@10: 0.0649 recall@20: 0.1086 ] [ndcg@5: 0.0458 ndcg@10: 0.0542 ndcg@20: 0.0690 ] 
2025-05-06 02:42:38,993 - Epoch 204 Validation set [recall@5: 0.0383 recall@10: 0.0656 recall@20: 0.1095 ] [ndcg@5: 0.0460 ndcg@10: 0.0545 ndcg@20: 0.0695 ] 
2025-05-06 02:42:44,281 - Epoch 207 Validation set [recall@5: 0.0382 recall@10: 0.0659 recall@20: 0.1106 ] [ndcg@5: 0.0459 ndcg@10: 0.0547 ndcg@20: 0.0698 ] 
2025-05-06 02:42:49,965 - Epoch 210 Validation set [recall@5: 0.0389 recall@10: 0.0662 recall@20: 0.1100 ] [ndcg@5: 0.0465 ndcg@10: 0.0552 ndcg@20: 0.0699 ] 
2025-05-06 02:42:55,338 - Epoch 213 Validation set [recall@5: 0.0392 recall@10: 0.0661 recall@20: 0.1099 ] [ndcg@5: 0.0469 ndcg@10: 0.0553 ndcg@20: 0.0700 ] 
2025-05-06 02:43:00,877 - Epoch 216 Validation set [recall@5: 0.0391 recall@10: 0.0665 recall@20: 0.1102 ] [ndcg@5: 0.0469 ndcg@10: 0.0555 ndcg@20: 0.0702 ] 
2025-05-06 02:43:06,427 - Epoch 219 Validation set [recall@5: 0.0392 recall@10: 0.0674 recall@20: 0.1106 ] [ndcg@5: 0.0469 ndcg@10: 0.0559 ndcg@20: 0.0704 ] 
2025-05-06 02:43:11,827 - Epoch 222 Validation set [recall@5: 0.0391 recall@10: 0.0669 recall@20: 0.1107 ] [ndcg@5: 0.0467 ndcg@10: 0.0555 ndcg@20: 0.0703 ] 
2025-05-06 02:43:17,179 - Epoch 225 Validation set [recall@5: 0.0392 recall@10: 0.0673 recall@20: 0.1108 ] [ndcg@5: 0.0467 ndcg@10: 0.0555 ndcg@20: 0.0702 ] 
2025-05-06 02:43:22,827 - Epoch 228 Validation set [recall@5: 0.0387 recall@10: 0.0675 recall@20: 0.1106 ] [ndcg@5: 0.0465 ndcg@10: 0.0556 ndcg@20: 0.0703 ] 
2025-05-06 02:43:28,185 - Epoch 231 Validation set [recall@5: 0.0389 recall@10: 0.0680 recall@20: 0.1117 ] [ndcg@5: 0.0466 ndcg@10: 0.0559 ndcg@20: 0.0706 ] 
2025-05-06 02:43:33,107 - Epoch 234 Validation set [recall@5: 0.0390 recall@10: 0.0683 recall@20: 0.1117 ] [ndcg@5: 0.0466 ndcg@10: 0.0561 ndcg@20: 0.0707 ] 
2025-05-06 02:43:38,641 - Epoch 237 Validation set [recall@5: 0.0392 recall@10: 0.0688 recall@20: 0.1115 ] [ndcg@5: 0.0469 ndcg@10: 0.0565 ndcg@20: 0.0708 ] 
2025-05-06 02:43:44,320 - Epoch 240 Validation set [recall@5: 0.0392 recall@10: 0.0689 recall@20: 0.1119 ] [ndcg@5: 0.0469 ndcg@10: 0.0565 ndcg@20: 0.0710 ] 
2025-05-06 02:43:49,588 - Epoch 243 Validation set [recall@5: 0.0392 recall@10: 0.0689 recall@20: 0.1123 ] [ndcg@5: 0.0469 ndcg@10: 0.0565 ndcg@20: 0.0711 ] 
2025-05-06 02:43:55,291 - Epoch 246 Validation set [recall@5: 0.0400 recall@10: 0.0685 recall@20: 0.1129 ] [ndcg@5: 0.0473 ndcg@10: 0.0562 ndcg@20: 0.0713 ] 
2025-05-06 02:44:00,732 - Epoch 249 Validation set [recall@5: 0.0393 recall@10: 0.0682 recall@20: 0.1129 ] [ndcg@5: 0.0471 ndcg@10: 0.0562 ndcg@20: 0.0713 ] 
2025-05-06 02:44:06,379 - Epoch 252 Validation set [recall@5: 0.0392 recall@10: 0.0675 recall@20: 0.1130 ] [ndcg@5: 0.0472 ndcg@10: 0.0561 ndcg@20: 0.0715 ] 
2025-05-06 02:44:11,701 - Epoch 255 Validation set [recall@5: 0.0395 recall@10: 0.0682 recall@20: 0.1131 ] [ndcg@5: 0.0475 ndcg@10: 0.0564 ndcg@20: 0.0716 ] 
2025-05-06 02:44:17,344 - Epoch 258 Validation set [recall@5: 0.0399 recall@10: 0.0683 recall@20: 0.1129 ] [ndcg@5: 0.0478 ndcg@10: 0.0566 ndcg@20: 0.0718 ] 
2025-05-06 02:44:22,977 - Epoch 261 Validation set [recall@5: 0.0399 recall@10: 0.0684 recall@20: 0.1135 ] [ndcg@5: 0.0478 ndcg@10: 0.0566 ndcg@20: 0.0719 ] 
2025-05-06 02:44:28,343 - Epoch 264 Validation set [recall@5: 0.0401 recall@10: 0.0682 recall@20: 0.1128 ] [ndcg@5: 0.0480 ndcg@10: 0.0567 ndcg@20: 0.0718 ] 
2025-05-06 02:44:33,836 - Epoch 267 Validation set [recall@5: 0.0403 recall@10: 0.0689 recall@20: 0.1130 ] [ndcg@5: 0.0482 ndcg@10: 0.0571 ndcg@20: 0.0720 ] 
2025-05-06 02:44:38,938 - Epoch 270 Validation set [recall@5: 0.0401 recall@10: 0.0689 recall@20: 0.1124 ] [ndcg@5: 0.0481 ndcg@10: 0.0571 ndcg@20: 0.0719 ] 
2025-05-06 02:44:44,347 - Epoch 273 Validation set [recall@5: 0.0403 recall@10: 0.0688 recall@20: 0.1134 ] [ndcg@5: 0.0480 ndcg@10: 0.0570 ndcg@20: 0.0720 ] 
2025-05-06 02:44:49,656 - Epoch 276 Validation set [recall@5: 0.0401 recall@10: 0.0692 recall@20: 0.1141 ] [ndcg@5: 0.0482 ndcg@10: 0.0574 ndcg@20: 0.0725 ] 
2025-05-06 02:44:54,967 - Epoch 279 Validation set [recall@5: 0.0407 recall@10: 0.0688 recall@20: 0.1135 ] [ndcg@5: 0.0487 ndcg@10: 0.0573 ndcg@20: 0.0724 ] 
2025-05-06 02:45:00,567 - Epoch 282 Validation set [recall@5: 0.0405 recall@10: 0.0686 recall@20: 0.1140 ] [ndcg@5: 0.0486 ndcg@10: 0.0573 ndcg@20: 0.0727 ] 
2025-05-06 02:45:06,040 - Epoch 285 Validation set [recall@5: 0.0404 recall@10: 0.0684 recall@20: 0.1142 ] [ndcg@5: 0.0484 ndcg@10: 0.0571 ndcg@20: 0.0726 ] 
2025-05-06 02:45:11,474 - Epoch 288 Validation set [recall@5: 0.0408 recall@10: 0.0686 recall@20: 0.1148 ] [ndcg@5: 0.0488 ndcg@10: 0.0574 ndcg@20: 0.0730 ] 
2025-05-06 02:45:16,877 - Epoch 291 Validation set [recall@5: 0.0404 recall@10: 0.0687 recall@20: 0.1149 ] [ndcg@5: 0.0485 ndcg@10: 0.0573 ndcg@20: 0.0728 ] 
2025-05-06 02:45:22,506 - Epoch 294 Validation set [recall@5: 0.0406 recall@10: 0.0684 recall@20: 0.1140 ] [ndcg@5: 0.0489 ndcg@10: 0.0573 ndcg@20: 0.0727 ] 
2025-05-06 02:45:27,990 - Epoch 297 Validation set [recall@5: 0.0409 recall@10: 0.0692 recall@20: 0.1143 ] [ndcg@5: 0.0491 ndcg@10: 0.0577 ndcg@20: 0.0729 ] 
2025-05-06 02:45:33,537 - Epoch 300 Validation set [recall@5: 0.0410 recall@10: 0.0693 recall@20: 0.1154 ] [ndcg@5: 0.0491 ndcg@10: 0.0577 ndcg@20: 0.0733 ] 
2025-05-06 02:45:38,564 - Epoch 303 Validation set [recall@5: 0.0405 recall@10: 0.0698 recall@20: 0.1151 ] [ndcg@5: 0.0487 ndcg@10: 0.0577 ndcg@20: 0.0732 ] 
2025-05-06 02:45:44,283 - Epoch 306 Validation set [recall@5: 0.0408 recall@10: 0.0696 recall@20: 0.1160 ] [ndcg@5: 0.0489 ndcg@10: 0.0576 ndcg@20: 0.0735 ] 
2025-05-06 02:45:49,298 - Epoch 309 Validation set [recall@5: 0.0406 recall@10: 0.0690 recall@20: 0.1160 ] [ndcg@5: 0.0485 ndcg@10: 0.0571 ndcg@20: 0.0732 ] 
2025-05-06 02:45:54,588 - Epoch 312 Validation set [recall@5: 0.0403 recall@10: 0.0696 recall@20: 0.1155 ] [ndcg@5: 0.0484 ndcg@10: 0.0575 ndcg@20: 0.0731 ] 
2025-05-06 02:45:59,766 - Epoch 315 Validation set [recall@5: 0.0402 recall@10: 0.0696 recall@20: 0.1159 ] [ndcg@5: 0.0483 ndcg@10: 0.0576 ndcg@20: 0.0734 ] 
2025-05-06 02:46:05,262 - Epoch 318 Validation set [recall@5: 0.0404 recall@10: 0.0700 recall@20: 0.1166 ] [ndcg@5: 0.0488 ndcg@10: 0.0581 ndcg@20: 0.0738 ] 
2025-05-06 02:46:10,296 - Epoch 321 Validation set [recall@5: 0.0403 recall@10: 0.0694 recall@20: 0.1171 ] [ndcg@5: 0.0487 ndcg@10: 0.0578 ndcg@20: 0.0739 ] 
2025-05-06 02:46:15,328 - Epoch 324 Validation set [recall@5: 0.0408 recall@10: 0.0695 recall@20: 0.1168 ] [ndcg@5: 0.0488 ndcg@10: 0.0578 ndcg@20: 0.0738 ] 
2025-05-06 02:46:20,910 - Epoch 327 Validation set [recall@5: 0.0407 recall@10: 0.0697 recall@20: 0.1159 ] [ndcg@5: 0.0488 ndcg@10: 0.0580 ndcg@20: 0.0735 ] 
2025-05-06 02:46:26,351 - Epoch 330 Validation set [recall@5: 0.0412 recall@10: 0.0704 recall@20: 0.1167 ] [ndcg@5: 0.0491 ndcg@10: 0.0582 ndcg@20: 0.0738 ] 
2025-05-06 02:46:31,640 - Epoch 333 Validation set [recall@5: 0.0406 recall@10: 0.0698 recall@20: 0.1161 ] [ndcg@5: 0.0489 ndcg@10: 0.0581 ndcg@20: 0.0737 ] 
2025-05-06 02:46:37,409 - Epoch 336 Validation set [recall@5: 0.0413 recall@10: 0.0702 recall@20: 0.1163 ] [ndcg@5: 0.0491 ndcg@10: 0.0582 ndcg@20: 0.0737 ] 
2025-05-06 02:46:39,932 - [recall@5: 0.0403 recall@10: 0.0694 recall@20: 0.1171 ] [ndcg@5: 0.0487 ndcg@10: 0.0578 ndcg@20: 0.0739 ] 
2025-05-06 02:46:42,031 - [recall@5: 0.0401 recall@10: 0.0681 recall@20: 0.1143 ] [ndcg@5: 0.0466 ndcg@10: 0.0556 ndcg@20: 0.0714 ] 
2025-05-06 02:46:42,037 - Save model parameters to ./encoder/checkpoint/gccf/gccf-yelp-2023.pth
2025-05-06 02:46:42,038 - Best Epoch 321. Final test result: {'recall': array([0.04012837, 0.06805508, 0.11433875]), 'ndcg': array([0.04663941, 0.05560977, 0.07137901])}.
